2000,2;999,1;913,1;
2001,3;2000,2;634,1;
2002,4;2001,3;707,1;
0,5;2002,4;734,1;
1,6;0,5;984,1;
2,7;1,6;303,1;
3,8;2,7;514,1;
4,9;3,8;571,1;
5,10;4,9;919,1;
6,11;5,10;80,1;
7,12;6,11;572,1;
8,13;7,12;981,1;
9,14;8,13;70,1;
10,15;9,14;742,1;
11,16;10,15;853,1;
12,17;11,16;898,1;
13,18;12,17;832,1;
14,19;13,18;524,1;
15,20;14,19;817,1;
16,21;15,20;649,1;
17,22;16,21;955,1;
18,23;17,22;133,1;
19,24;18,23;503,1;
0,25;19,24;248,1;
1,26;0,25;759,1;
2,27;1,26;729,1;
3,28;2,27;818,1;
4,29;3,28;491,1;
5,30;4,29;557,1;
6,31;5,30;68,1;
7,32;6,31;923,1;
8,33;7,32;366,1;
9,34;8,33;484,1;
10,35;9,34;203,1;
11,36;10,35;458,1;
12,37;11,36;983,1;
13,38;12,37;644,1;
14,39;13,38;731,1;
15,40;14,39;471,1;
16,41;15,40;11,1;
17,42;16,41;670,1;
18,43;17,42;260,1;
19,44;18,43;210,1;
20,45;19,44;614,1;
21,46;20,45;523,1;
22,47;21,46;208,1;
23,48;22,47;447,1;
24,49;23,48;152,1;
25,50;24,49;770,1;
26,51;25,50;39,1;
27,52;26,51;153,1;
28,53;27,52;432,1;
29,54;28,53;806,1;
30,55;29,54;209,1;
31,56;30,55;656,1;
32,57;31,56;507,1;
33,58;32,57;692,1;
34,59;33,58;183,1;
35,60;34,59;845,1;
36,61;35,60;723,1;
37,62;36,61;700,1;
38,63;37,62;145,1;
39,64;38,63;28,1;
40,65;39,64;494,1;
41,66;40,65;799,1;
42,67;41,66;512,1;
43,68;42,67;771,1;
44,69;43,68;877,1;
45,70;44,69;647,1;
46,71;45,70;963,1;
47,72;46,71;37,1;
48,73;47,72;760,1;
49,74;48,73;322,1;
50,75;49,74;587,1;
51,76;50,75;300,1;
52,77;51,76;294,1;
53,78;52,77;129,1;
54,79;53,78;631,1;
55,80;54,79;422,1;
56,81;55,80;906,1;
57,82;56,81;365,1;
58,83;57,82;325,1;
59,84;58,83;373,1;
60,85;59,84;747,1;
61,86;60,85;196,1;
62,87;61,86;888,1;
63,88;62,87;621,1;
64,89;63,88;545,1;
65,90;64,89;147,1;
66,91;65,90;443,1;
67,92;66,91;566,1;
68,93;67,92;221,1;
69,94;68,93;509,1;
70,95;69,94;716,1;
71,96;70,95;643,1;
72,97;71,96;907,1;
73,98;72,97;93,1;
74,99;73,98;763,1;
75,100;74,99;732,1;
76,101;75,100;261,1;
77,102;76,101;510,1;
78,103;77,102;728,1;
79,104;78,103;865,1;
80,105;79,104;591,1;
81,106;80,105;16,1;
82,107;81,106;858,1;
83,108;82,107;928,1;
84,109;83,108;299,1;
85,110;84,109;434,1;
86,111;85,110;766,1;
87,112;86,111;786,1;
88,113;87,112;967,1;
89,114;88,113;705,1;
90,115;89,114;377,1;
91,116;90,115;852,1;
92,117;91,116;582,1;
93,118;92,117;802,1;
94,119;93,118;528,1;
95,120;94,119;120,1;
96,121;95,120;297,1;
97,122;96,121;529,1;
98,123;97,122;718,1;
99,124;98,123;798,1;
0,125;99,124;86,1;
1,126;0,125;215,1;
2,127;1,126;724,1;
3,128;2,127;558,1;
4,129;3,128;54,1;
5,130;4,129;127,1;
6,131;5,130;673,1;
7,132;6,131;866,1;
8,133;7,132;563,1;
9,134;8,133;623,1;
10,135;9,134;123,1;
11,136;10,135;934,1;
12,137;11,136;59,1;
13,138;12,137;889,1;
14,139;13,138;748,1;
15,140;14,139;900,1;
16,141;15,140;689,1;
17,142;16,141;947,1;
18,143;17,142;51,1;
19,144;18,143;659,1;
20,145;19,144;650,1;
21,146;20,145;359,1;
22,147;21,146;157,1;
23,148;22,147;17,1;
24,149;23,148;56,1;
25,150;24,149;531,1;
26,151;25,150;455,1;
27,152;26,151;121,1;
28,153;27,152;446,1;
29,154;28,153;960,1;
30,155;29,154;398,1;
31,156;30,155;288,1;
32,157;31,156;627,1;
33,158;32,157;924,1;
34,159;33,158;739,1;
35,160;34,159;750,1;
36,161;35,160;227,1;
37,162;36,161;184,1;
38,163;37,162;226,1;
39,164;38,163;382,1;
40,165;39,164;33,1;
41,166;40,165;21,1;
42,167;41,166;13,1;
43,168;42,167;91,1;
44,169;43,168;460,1;
45,170;44,169;609,1;
46,171;45,170;287,1;
47,172;46,171;437,1;
48,173;47,172;674,1;
49,174;48,173;2,1;
50,175;49,174;696,1;
51,176;50,175;590,1;
52,177;51,176;551,1;
53,178;52,177;893,1;
54,179;53,178;361,1;
55,180;54,179;228,1;
56,181;55,180;554,1;
57,182;56,181;876,1;
58,183;57,182;783,1;
59,184;58,183;262,1;
60,185;59,184;682,1;
61,186;60,185;30,1;
62,187;61,186;575,1;
63,188;62,187;757,1;
64,189;63,188;254,1;
65,190;64,189;81,1;
66,191;65,190;343,1;
67,192;66,191;43,1;
68,193;67,192;920,1;
69,194;68,193;642,1;
70,195;69,194;527,1;
71,196;70,195;819,1;
72,197;71,196;444,1;
73,198;72,197;161,1;
74,199;73,198;787,1;
75,200;74,199;369,1;
76,201;75,200;618,1;
77,202;76,201;727,1;
78,203;77,202;883,1;
79,204;78,203;848,1;
80,205;79,204;641,1;
81,206;80,205;440,1;
82,207;81,206;936,1;
83,208;82,207;751,1;
84,209;83,208;247,1;
85,210;84,209;197,1;
86,211;85,210;251,1;
87,212;86,211;761,1;
88,213;87,212;779,1;
89,214;88,213;105,1;
90,215;89,214;258,1;
91,216;90,215;526,1;
92,217;91,216;101,1;
93,218;92,217;878,1;
94,219;93,218;730,1;
95,220;94,219;533,1;
96,221;95,220;467,1;
97,222;96,221;476,1;
98,223;97,222;468,1;
99,224;98,223;19,1;
100,225;99,224;863,1;
101,226;100,225;378,1;
102,227;101,226;521,1;
103,228;102,227;811,1;
104,229;103,228;217,1;
105,230;104,229;427,1;
106,231;105,230;560,1;
107,232;106,231;542,1;
108,233;107,232;612,1;
109,234;108,233;182,1;
110,235;109,234;319,1;
111,236;110,235;187,1;
112,237;111,236;139,1;
113,238;112,237;482,1;
114,239;113,238;102,1;
115,240;114,239;695,1;
116,241;115,240;344,1;
117,242;116,241;892,1;
118,243;117,242;386,1;
119,244;118,243;658,1;
120,245;119,244;972,1;
121,246;120,245;980,1;
122,247;121,246;36,1;
123,248;122,247;836,1;
124,249;123,248;899,1;
125,250;124,249;536,1;
126,251;125,250;412,1;
127,252;126,251;22,1;
128,253;127,252;436,1;
129,254;128,253;170,1;
130,255;129,254;143,1;
131,256;130,255;668,1;
132,257;131,256;581,1;
133,258;132,257;31,1;
134,259;133,258;225,1;
135,260;134,259;890,1;
136,261;135,260;966,1;
137,262;136,261;245,1;
138,263;137,262;159,1;
139,264;138,263;301,1;
140,265;139,264;597,1;
141,266;140,265;330,1;
142,267;141,266;941,1;
143,268;142,267;691,1;
144,269;143,268;749,1;
145,270;144,269;657,1;
146,271;145,270;886,1;
147,272;146,271;442,1;
148,273;147,272;163,1;
149,274;148,273;961,1;
150,275;149,274;915,1;
151,276;150,275;593,1;
152,277;151,276;764,1;
153,278;152,277;461,1;
154,279;153,278;505,1;
155,280;154,279;741,1;
156,281;155,280;71,1;
157,282;156,281;864,1;
158,283;157,282;135,1;
159,284;158,283;351,1;
160,285;159,284;466,1;
161,286;160,285;403,1;
162,287;161,286;279,1;
163,288;162,287;688,1;
164,289;163,288;667,1;
165,290;164,289;810,1;
166,291;165,290;948,1;
167,292;166,291;213,1;
168,293;167,292;957,1;
169,294;168,293;331,1;
170,295;169,294;110,1;
171,296;170,295;586,1;
172,297;171,296;256,1;
173,298;172,297;214,1;
174,299;173,298;855,1;
175,300;174,299;630,1;
176,301;175,300;579,1;
177,302;176,301;943,1;
178,303;177,302;416,1;
179,304;178,303;72,1;
180,305;179,304;368,1;
181,306;180,305;125,1;
182,307;181,306;411,1;
183,308;182,307;556,1;
184,309;183,308;231,1;
185,310;184,309;875,1;
186,311;185,310;329,1;
187,312;186,311;40,1;
188,313;187,312;282,1;
189,314;188,313;136,1;
190,315;189,314;240,1;
191,316;190,315;334,1;
192,317;191,316;825,1;
193,318;192,317;341,1;
194,319;193,318;304,1;
195,320;194,319;684,1;
196,321;195,320;180,1;
197,322;196,321;445,1;
198,323;197,322;996,1;
199,324;198,323;577,1;
200,325;199,324;719,1;
201,326;200,325;410,1;
202,327;201,326;423,1;
203,328;202,327;35,1;
204,329;203,328;384,1;
205,330;204,329;801,1;
206,331;205,330;497,1;
207,332;206,331;745,1;
208,333;207,332;685,1;
209,334;208,333;608,1;
210,335;209,334;246,1;
211,336;210,335;885,1;
212,337;211,336;712,1;
213,338;212,337;970,1;
214,339;213,338;921,1;
215,340;214,339;96,1;
216,341;215,340;490,1;
217,342;216,341;26,1;
218,343;217,342;925,1;
219,344;218,343;404,1;
220,345;219,344;475,1;
221,346;220,345;349,1;
222,347;221,346;15,1;
223,348;222,347;77,1;
224,349;223,348;252,1;
225,350;224,349;939,1;
226,351;225,350;253,1;
227,352;226,351;922,1;
228,353;227,352;453,1;
229,354;228,353;697,1;
230,355;229,354;809,1;
231,356;230,355;768,1;
232,357;231,356;87,1;
233,358;232,357;387,1;
234,359;233,358;162,1;
235,360;234,359;290,1;
236,361;235,360;311,1;
237,362;236,361;441,1;
238,363;237,362;5,1;
239,364;238,363;268,1;
240,365;239,364;189,1;
241,366;240,365;625,1;
242,367;241,366;990,1;
243,368;242,367;79,1;
244,369;243,368;652,1;
245,370;244,369;117,1;
246,371;245,370;255,1;
247,372;246,371;589,1;
248,373;247,372;954,1;
249,374;248,373;362,1;
250,375;249,374;756,1;
251,376;250,375;190,1;
252,377;251,376;702,1;
253,378;252,377;726,1;
254,379;253,378;308,1;
255,380;254,379;725,1;
256,381;255,380;910,1;
257,382;256,381;156,1;
258,383;257,382;84,1;
259,384;258,383;629,1;
260,385;259,384;457,1;
261,386;260,385;177,1;
262,387;261,386;393,1;
263,388;262,387;950,1;
264,389;263,388;517,1;
265,390;264,389;615,1;
266,391;265,390;664,1;
267,392;266,391;753,1;
268,393;267,392;958,1;
269,394;268,393;520,1;
270,395;269,394;76,1;
271,396;270,395;710,1;
272,397;271,396;259,1;
273,398;272,397;38,1;
274,399;273,398;580,1;
275,400;274,399;339,1;
276,401;275,400;310,1;
277,402;276,401;104,1;
278,403;277,402;158,1;
279,404;278,403;44,1;
280,405;279,404;305,1;
281,406;280,405;671,1;
282,407;281,406;525,1;
283,408;282,407;908,1;
284,409;283,408;971,1;
285,410;284,409;233,1;
286,411;285,410;956,1;
287,412;286,411;82,1;
288,413;287,412;463,1;
289,414;288,413;315,1;
290,415;289,414;953,1;
291,416;290,415;709,1;
292,417;291,416;206,1;
293,418;292,417;454,1;
294,419;293,418;419,1;
295,420;294,419;706,1;
296,421;295,420;219,1;
297,422;296,421;65,1;
298,423;297,422;843,1;
299,424;298,423;603,1;
300,425;299,424;795,1;
301,426;300,425;473,1;
302,427;301,426;272,1;
303,428;302,427;829,1;
304,429;303,428;704,1;
305,430;304,429;9,1;
306,431;305,430;561,1;
307,432;306,431;532,1;
308,433;307,432;788,1;
309,434;308,433;155,1;
310,435;309,434;115,1;
311,436;310,435;663,1;
312,437;311,436;212,1;
313,438;312,437;230,1;
314,439;313,438;431,1;
315,440;314,439;20,1;
316,441;315,440;901,1;
317,442;316,441;198,1;
318,443;317,442;777,1;
319,444;318,443;383,1;
320,445;319,444;534,1;
321,446;320,445;595,1;
322,447;321,446;993,1;
323,448;322,447;868,1;
324,449;323,448;989,1;
325,450;324,449;968,1;
326,451;325,450;637,1;
327,452;326,451;773,1;
328,453;327,452;959,1;
329,454;328,453;690,1;
330,455;329,454;646,1;
331,456;330,455;381,1;
332,457;331,456;991,1;
333,458;332,457;942,1;
334,459;333,458;193,1;
335,460;334,459;276,1;
336,461;335,460;320,1;
337,462;336,461;506,1;
338,463;337,462;824,1;
339,464;338,463;519,1;
340,465;339,464;784,1;
341,466;340,465;67,1;
342,467;341,466;576,1;
343,468;342,467;345,1;
344,469;343,468;188,1;
345,470;344,469;23,1;
346,471;345,470;295,1;
347,472;346,471;452,1;
348,473;347,472;232,1;
349,474;348,473;376,1;
350,475;349,474;669,1;
351,476;350,475;997,1;
352,477;351,476;417,1;
353,478;352,477;564,1;
354,479;353,478;559,1;
355,480;354,479;220,1;
356,481;355,480;477,1;
357,482;356,481;869,1;
358,483;357,482;555,1;
359,484;358,483;851,1;
360,485;359,484;541,1;
361,486;360,485;733,1;
362,487;361,486;988,1;
363,488;362,487;552,1;
364,489;363,488;342,1;
365,490;364,489;584,1;
366,491;365,490;606,1;
367,492;366,491;617,1;
368,493;367,492;358,1;
369,494;368,493;828,1;
370,495;369,494;266,1;
371,496;370,495;722,1;
372,497;371,496;765,1;
373,498;372,497;90,1;
374,499;373,498;881,1;
375,500;374,499;116,1;
376,501;375,500;626,1;
377,502;376,501;459,1;
378,503;377,502;483,1;
379,504;378,503;61,1;
380,505;379,504;275,1;
381,506;380,505;211,1;
382,507;381,506;887,1;
383,508;382,507;884,1;
384,509;383,508;49,1;
385,510;384,509;314,1;
386,511;385,510;92,1;
387,512;386,511;569,1;
388,513;387,512;450,1;
389,514;388,513;833,1;
390,515;389,514;53,1;
391,516;390,515;793,1;
392,517;391,516;181,1;
393,518;392,517;549,1;
394,519;393,518;573,1;
395,520;394,519;619,1;
396,521;395,520;328,1;
397,522;396,521;286,1;
398,523;397,522;965,1;
399,524;398,523;935,1;
400,525;399,524;168,1;
401,526;400,525;94,1;
402,527;401,526;207,1;
403,528;402,527;701,1;
404,529;403,528;237,1;
405,530;404,529;4,1;
406,531;405,530;743,1;
407,532;406,531;293,1;
408,533;407,532;263,1;
409,534;408,533;781,1;
410,535;409,534;352,1;
411,536;410,535;896,1;
412,537;411,536;937,1;
413,538;412,537;598,1;
414,539;413,538;715,1;
415,540;414,539;578,1;
416,541;415,540;951,1;
417,542;416,541;249,1;
418,543;417,542;395,1;
419,544;418,543;973,1;
420,545;419,544;47,1;
421,546;420,545;332,1;
422,547;421,546;277,1;
423,548;422,547;651,1;
424,549;423,548;592,1;
425,550;424,549;309,1;
426,551;425,550;780,1;
427,552;426,551;111,1;
428,553;427,552;611,1;
429,554;428,553;931,1;
430,555;429,554;107,1;
431,556;430,555;926,1;
432,557;431,556;97,1;
433,558;432,557;292,1;
434,559;433,558;218,1;
435,560;434,559;846,1;
436,561;435,560;797,1;
437,562;436,561;243,1;
438,563;437,562;186,1;
439,564;438,563;201,1;
440,565;439,564;113,1;
441,566;440,565;495,1;
442,567;441,566;891,1;
443,568;442,567;600,1;
444,569;443,568;677,1;
445,570;444,569;456,1;
446,571;445,570;172,1;
447,572;446,571;982,1;
448,573;447,572;635,1;
449,574;448,573;10,1;
450,575;449,574;374,1;
451,576;450,575;894,1;
452,577;451,576;516,1;
453,578;452,577;816,1;
454,579;453,578;41,1;
455,580;454,579;501,1;
456,581;455,580;307,1;
457,582;456,581;607,1;
458,583;457,582;264,1;
459,584;458,583;694,1;
460,585;459,584;639,1;
461,586;460,585;318,1;
462,587;461,586;693,1;
463,588;462,587;18,1;
464,589;463,588;815,1;
465,590;464,589;703,1;
466,591;465,590;73,1;
467,592;466,591;909,1;
468,593;467,592;360,1;
469,594;468,593;148,1;
470,595;469,594;479,1;
471,596;470,595;124,1;
472,597;471,596;34,1;
473,598;472,597;327,1;
474,599;473,598;489,1;
475,600;474,599;835,1;
476,601;475,600;83,1;
477,602;476,601;55,1;
478,603;477,602;142,1;
479,604;478,603;547,1;
480,605;479,604;998,1;
481,606;480,605;350,1;
482,607;481,606;574,1;
483,608;482,607;599,1;
484,609;483,608;415,1;
485,610;484,609;409,1;
486,611;485,610;666,1;
487,612;486,611;914,1;
488,613;487,612;485,1;
489,614;488,613;492,1;
490,615;489,614;50,1;
491,616;490,615;257,1;
492,617;491,616;839,1;
493,618;492,617;636,1;
494,619;493,618;605,1;
495,620;494,619;367,1;
496,621;495,620;927,1;
497,622;496,621;496,1;
498,623;497,622;686,1;
499,624;498,623;229,1;
0,625;499,624;736,1;
1,626;0,625;29,1;
2,627;1,626;178,1;
3,628;2,627;895,1;
4,629;3,628;487,1;
5,630;4,629;762,1;
6,631;5,630;539,1;
7,632;6,631;391,1;
8,633;7,632;740,1;
9,634;8,633;399,1;
10,635;9,634;804,1;
11,636;10,635;179,1;
12,637;11,636;385,1;
13,638;12,637;916,1;
14,639;13,638;969,1;
15,640;14,639;269,1;
16,641;15,640;451,1;
17,642;16,641;88,1;
18,643;17,642;472,1;
19,644;18,643;807,1;
20,645;19,644;75,1;
21,646;20,645;122,1;
22,647;21,646;14,1;
23,648;22,647;171,1;
24,649;23,648;85,1;
25,650;24,649;964,1;
26,651;25,650;406,1;
27,652;26,651;645,1;
28,653;27,652;903,1;
29,654;28,653;796,1;
30,655;29,654;166,1;
31,656;30,655;204,1;
32,657;31,656;380,1;
33,658;32,657;313,1;
34,659;33,658;912,1;
35,660;34,659;904,1;
36,661;35,660;778,1;
37,662;36,661;974,1;
38,663;37,662;421,1;
39,664;38,663;992,1;
40,665;39,664;154,1;
41,666;40,665;758,1;
42,667;41,666;683,1;
43,668;42,667;774,1;
44,669;43,668;987,1;
45,670;44,669;340,1;
46,671;45,670;119,1;
47,672;46,671;396,1;
48,673;47,672;388,1;
49,674;48,673;469,1;
50,675;49,674;826,1;
51,676;50,675;699,1;
52,677;51,676;979,1;
53,678;52,677;118,1;
54,679;53,678;648,1;
55,680;54,679;32,1;
56,681;55,680;200,1;
57,682;56,681;234,1;
58,683;57,682;195,1;
59,684;58,683;918,1;
60,685;59,684;562,1;
61,686;60,685;613,1;
62,687;61,686;3,1;
63,688;62,687;568,1;
64,689;63,688;414,1;
65,690;64,689;672,1;
66,691;65,690;975,1;
67,692;66,691;662,1;
68,693;67,692;175,1;
69,694;68,693;241,1;
70,695;69,694;353,1;
71,696;70,695;803,1;
72,697;71,696;687,1;
73,698;72,697;655,1;
74,699;73,698;794,1;
75,700;74,699;873,1;
76,701;75,700;661,1;
77,702;76,701;99,1;
78,703;77,702;278,1;
79,704;78,703;57,1;
80,705;79,704;131,1;
81,706;80,705;679,1;
82,707;81,706;837,1;
83,708;82,707;511,1;
84,709;83,708;74,1;
85,710;84,709;850,1;
86,711;85,710;45,1;
87,712;86,711;274,1;
88,713;87,712;346,1;
89,714;88,713;708,1;
90,715;89,714;860,1;
91,716;90,715;356,1;
92,717;91,716;905,1;
93,718;92,717;379,1;
94,719;93,718;602,1;
95,720;94,719;402,1;
96,721;95,720;106,1;
97,722;96,721;64,1;
98,723;97,722;540,1;
99,724;98,723;546,1;
100,725;99,724;224,1;
101,726;100,725;433,1;
102,727;101,726;134,1;
103,728;102,727;174,1;
104,729;103,728;735,1;
105,730;104,729;772,1;
106,731;105,730;236,1;
107,732;106,731;140,1;
108,733;107,732;364,1;
109,734;108,733;435,1;
110,735;109,734;792,1;
111,736;110,735;746,1;
112,737;111,736;355,1;
113,738;112,737;849,1;
114,739;113,738;585,1;
115,740;114,739;805,1;
116,741;115,740;98,1;
117,742;116,741;418,1;
118,743;117,742;347,1;
119,744;118,743;775,1;
120,745;119,744;880,1;
121,746;120,745;284,1;
122,747;121,746;408,1;
123,748;122,747;438,1;
124,749;123,748;994,1;
125,750;124,749;363,1;
126,751;125,750;738,1;
127,752;126,751;844,1;
128,753;127,752;938,1;
129,754;128,753;820,1;
130,755;129,754;530,1;
131,756;130,755;812,1;
132,757;131,756;58,1;
133,758;132,757;945,1;
134,759;133,758;867,1;
135,760;134,759;754,1;
136,761;135,760;24,1;
137,762;136,761;714,1;
138,763;137,762;660,1;
139,764;138,763;872,1;
140,765;139,764;114,1;
141,766;140,765;401,1;
142,767;141,766;515,1;
143,768;142,767;488,1;
144,769;143,768;481,1;
145,770;144,769;137,1;
146,771;145,770;429,1;
147,772;146,771;25,1;
148,773;147,772;508,1;
149,774;148,773;976,1;
150,775;149,774;306,1;
151,776;150,775;283,1;
152,777;151,776;270,1;
153,778;152,777;567,1;
154,779;153,778;874,1;
155,780;154,779;185,1;
156,781;155,780;911,1;
157,782;156,781;831,1;
158,783;157,782;861,1;
159,784;158,783;89,1;
160,785;159,784;348,1;
161,786;160,785;420,1;
162,787;161,786;550,1;
163,788;162,787;537,1;
164,789;163,788;474,1;
165,790;164,789;814,1;
166,791;165,790;789,1;
167,792;166,791;522,1;
168,793;167,792;95,1;
169,794;168,793;390,1;
170,795;169,794;813,1;
171,796;170,795;776,1;
172,797;171,796;112,1;
173,798;172,797;138,1;
174,799;173,798;962,1;
175,800;174,799;375,1;
176,801;175,800;128,1;
177,802;176,801;879,1;
178,803;177,802;250,1;
179,804;178,803;752,1;
180,805;179,804;8,1;
181,806;180,805;235,1;
182,807;181,806;930,1;
183,808;182,807;857,1;
184,809;183,808;389,1;
185,810;184,809;513,1;
186,811;185,810;588,1;
187,812;186,811;628,1;
188,813;187,812;711,1;
189,814;188,813;834,1;
190,815;189,814;425,1;
191,816;190,815;326,1;
192,817;191,816;394,1;
193,818;192,817;854,1;
194,819;193,818;538,1;
195,820;194,819;720,1;
196,821;195,820;48,1;
197,822;196,821;238,1;
198,823;197,822;244,1;
199,824;198,823;838,1;
200,825;199,824;413,1;
201,826;200,825;323,1;
202,827;201,826;239,1;
203,828;202,827;78,1;
204,829;203,828;205,1;
205,830;204,829;357,1;
206,831;205,830;149,1;
207,832;206,831;596,1;
208,833;207,832;146,1;
209,834;208,833;165,1;
210,835;209,834;480,1;
211,836;210,835;298,1;
212,837;211,836;470,1;
213,838;212,837;7,1;
214,839;213,838;842,1;
215,840;214,839;917,1;
216,841;215,840;66,1;
217,842;216,841;698,1;
218,843;217,842;638,1;
219,844;218,843;317,1;
220,845;219,844;316,1;
221,846;220,845;827,1;
222,847;221,846;199,1;
223,848;222,847;933,1;
224,849;223,848;150,1;
225,850;224,849;841,1;
226,851;225,850;464,1;
227,852;226,851;338,1;
228,853;227,852;192,1;
229,854;228,853;565,1;
230,855;229,854;486,1;
231,856;230,855;6,1;
232,857;231,856;173,1;
233,858;232,857;859,1;
234,859;233,858;570,1;
235,860;234,859;544,1;
236,861;235,860;616,1;
237,862;236,861;448,1;
238,863;237,862;160,1;
239,864;238,863;242,1;
240,865;239,864;767,1;
241,866;240,865;610,1;
242,867;241,866;944,1;
2003,2;995,1;902,1;
2004,3;2003,2;132,1;
2005,4;2004,3;676,1;
20,5;2005,4;897,1;
21,6;20,5;632,1;
22,7;21,6;130,1;
23,8;22,7;940,1;
24,9;23,8;882,1;
25,10;24,9;862,1;
26,11;25,10;548,1;
27,12;26,11;109,1;
28,13;27,12;69,1;
29,14;28,13;830,1;
30,15;29,14;769,1;
31,16;30,15;372,1;
32,17;31,16;986,1;
33,18;32,17;202,1;
34,19;33,18;499,1;
35,20;34,19;426,1;
36,21;35,20;782,1;
37,22;36,21;63,1;
38,23;37,22;952,1;
39,24;38,23;100,1;
100,25;39,24;808,1;
101,26;100,25;840,1;
102,27;101,26;785,1;
103,28;102,27;594,1;
104,29;103,28;675,1;
105,30;104,29;223,1;
106,31;105,30;222,1;
107,32;106,31;737,1;
108,33;107,32;717,1;
109,34;108,33;191,1;
110,35;109,34;324,1;
111,36;110,35;405,1;
112,37;111,36;336,1;
113,38;112,37;744,1;
114,39;113,38;333,1;
115,40;114,39;392,1;
116,41;115,40;640,1;
117,42;116,41;654,1;
118,43;117,42;62,1;
119,44;118,43;280,1;
120,45;119,44;518,1;
121,46;120,45;271,1;
122,47;121,46;790,1;
123,48;122,47;42,1;
124,49;123,48;169,1;
125,50;124,49;678,1;
126,51;125,50;500,1;
127,52;126,51;52,1;
128,53;127,52;407,1;
129,54;128,53;273,1;
130,55;129,54;176,1;
131,56;130,55;449,1;
132,57;131,56;164,1;
133,58;132,57;633,1;
134,59;133,58;462,1;
135,60;134,59;622,1;
136,61;135,60;167,1;
137,62;136,61;985,1;
138,63;137,62;291,1;
139,64;138,63;870,1;
140,65;139,64;194,1;
141,66;140,65;823,1;
142,67;141,66;46,1;
143,68;142,67;932,1;
144,69;143,68;321,1;
145,70;144,69;653,1;
146,71;145,70;27,1;
147,72;146,71;60,1;
148,73;147,72;478,1;
149,74;148,73;856,1;
150,75;149,74;465,1;
151,76;150,75;665,1;
152,77;151,76;265,1;
153,78;152,77;847,1;
154,79;153,78;977,1;
155,80;154,79;424,1;
156,81;155,80;791,1;
157,82;156,81;800,1;
158,83;157,82;371,1;
159,84;158,83;504,1;
160,85;159,84;713,1;
161,86;160,85;493,1;
162,87;161,86;126,1;
163,88;162,87;755,1;
164,89;163,88;553,1;
165,90;164,89;302,1;
166,91;165,90;428,1;
167,92;166,91;543,1;
168,93;167,92;296,1;
169,94;168,93;601,1;
170,95;169,94;535,1;
171,96;170,95;604,1;
172,97;171,96;281,1;
173,98;172,97;439,1;
174,99;173,98;151,1;
175,100;174,99;978,1;
176,101;175,100;929,1;
177,102;176,101;430,1;
178,103;177,102;721,1;
179,104;178,103;680,1;
180,105;179,104;103,1;
181,106;180,105;946,1;
182,107;181,106;822,1;
183,108;182,107;285,1;
184,109;183,108;289,1;
185,110;184,109;681,1;
186,111;185,110;871,1;
187,112;186,111;620,1;
188,113;187,112;141,1;
189,114;188,113;821,1;
190,115;189,114;335,1;
191,116;190,115;337,1;
192,117;191,116;12,1;
193,118;192,117;498,1;
194,119;193,118;949,1;
195,120;194,119;583,1;
196,121;195,120;502,1;
197,122;196,121;267,1;
198,123;197,122;354,1;
199,124;198,123;370,1;
500,125;199,124;108,1;
501,126;500,125;400,1;
2006,2;624,1;0,1;
2007,3;2006,2;312,1;
2008,4;2007,3;397,1;
40,5;2008,4;216,1;
504,127;144,1;501,126;
505,132;504,127;40,5;
246,999;242,867;505,132;
255,1000;1,1;246,999;
