0,2;399,1;250,1;
1,3;0,2;22,1;
0,4;1,3;209,1;
1,5;0,4;37,1;
2,6;1,5;203,1;
3,7;2,6;145,1;
0,8;3,7;261,1;
1,9;0,8;11,1;
2,10;1,9;210,1;
3,11;2,10;28,1;
4,12;3,11;260,1;
5,13;4,12;303,1;
6,14;5,13;248,1;
7,15;6,14;80,1;
0,16;7,15;70,1;
1,17;0,16;39,1;
2,18;1,17;68,1;
3,19;2,18;183,1;
4,20;3,19;152,1;
5,21;4,20;153,1;
6,22;5,21;208,1;
7,23;6,22;366,1;
8,24;7,23;322,1;
9,25;8,24;373,1;
10,26;9,25;129,1;
11,27;10,26;196,1;
12,28;11,27;365,1;
13,29;12,28;300,1;
14,30;13,29;294,1;
15,31;14,30;325,1;
0,32;15,31;147,1;
1,33;0,32;299,1;
2,34;1,33;93,1;
3,35;2,34;133,1;
4,36;3,35;16,1;
5,37;4,36;377,1;
6,38;5,37;127,1;
7,39;6,38;86,1;
8,40;7,39;297,1;
9,41;8,40;215,1;
10,42;9,41;121,1;
11,43;10,42;56,1;
12,44;11,43;54,1;
13,45;12,44;123,1;
14,46;13,45;184,1;
15,47;14,46;33,1;
16,48;15,47;398,1;
17,49;16,48;227,1;
18,50;17,49;51,1;
19,51;18,50;120,1;
20,52;19,51;359,1;
21,53;20,52;157,1;
22,54;21,53;17,1;
23,55;22,54;226,1;
24,56;23,55;2,1;
25,57;24,56;13,1;
26,58;25,57;21,1;
27,59;26,58;361,1;
28,60;27,59;287,1;
29,61;28,60;251,1;
30,62;29,61;262,1;
31,63;30,62;59,1;
0,64;31,63;91,1;
1,65;0,64;343,1;
2,66;1,65;228,1;
3,67;2,66;30,1;
4,68;3,67;43,1;
5,69;4,68;382,1;
6,70;5,69;369,1;
7,71;6,70;254,1;
8,72;7,71;81,1;
9,73;8,72;19,1;
10,74;9,73;101,1;
11,75;10,74;221,1;
12,76;11,75;105,1;
13,77;12,76;247,1;
14,78;13,77;161,1;
15,79;14,78;197,1;
16,80;15,79;187,1;
17,81;16,80;378,1;
18,82;17,81;217,1;
19,83;18,82;258,1;
20,84;19,83;386,1;
21,85;20,84;102,1;
22,86;21,85;31,1;
23,87;22,86;319,1;
24,88;23,87;344,1;
25,89;24,88;170,1;
26,90;25,89;182,1;
27,91;26,90;288,1;
28,92;27,91;139,1;
29,93;28,92;225,1;
30,94;29,93;36,1;
31,95;30,94;159,1;
32,96;31,95;163,1;
33,97;32,96;71,1;
34,98;33,97;330,1;
35,99;34,98;301,1;
36,100;35,99;125,1;
37,101;36,100;135,1;
38,102;37,101;351,1;
39,103;38,102;231,1;
40,104;39,103;279,1;
41,105;40,104;245,1;
42,106;41,105;213,1;
43,107;42,106;214,1;
44,108;43,107;329,1;
45,109;44,108;72,1;
46,110;45,109;331,1;
47,111;46,110;368,1;
48,112;47,111;256,1;
49,113;48,112;282,1;
50,114;49,113;304,1;
51,115;50,114;311,1;
52,116;51,115;384,1;
53,117;52,116;334,1;
54,118;53,117;341,1;
55,119;54,118;240,1;
56,120;55,119;40,1;
57,121;56,120;246,1;
58,122;57,121;349,1;
59,123;58,122;96,1;
60,124;59,123;26,1;
61,125;60,124;15,1;
62,126;61,125;77,1;
63,127;62,126;162,1;
0,128;63,127;87,1;
1,129;0,128;252,1;
2,130;1,129;253,1;
3,131;2,130;290,1;
4,132;3,131;110,1;
5,133;4,132;189,1;
6,134;5,133;387,1;
7,135;6,134;268,1;
8,136;7,135;136,1;
9,137;8,136;117,1;
10,138;9,137;79,1;
11,139;10,138;255,1;
12,140;11,139;308,1;
13,141;12,140;5,1;
14,142;13,141;156,1;
15,143;14,142;38,1;
16,144;15,143;177,1;
17,145;16,144;259,1;
18,146;17,145;190,1;
19,147;18,146;362,1;
20,148;19,147;35,1;
21,149;20,148;393,1;
22,150;21,149;84,1;
23,151;22,150;76,1;
24,152;23,151;233,1;
25,153;24,152;44,1;
26,154;25,153;305,1;
27,155;26,154;158,1;
28,156;27,155;339,1;
29,157;28,156;206,1;
30,158;29,157;82,1;
31,159;30,158;9,1;
32,160;31,159;212,1;
33,161;32,160;198,1;
34,162;33,161;320,1;
35,163;34,162;104,1;
36,164;35,163;315,1;
37,165;36,164;115,1;
38,166;37,165;23,1;
39,167;38,166;155,1;
40,168;39,167;230,1;
41,169;40,168;20,1;
42,170;41,169;383,1;
43,171;42,170;193,1;
44,172;43,171;232,1;
45,173;44,172;67,1;
46,174;45,173;276,1;
47,175;46,174;342,1;
48,176;47,175;220,1;
49,177;48,176;188,1;
50,178;49,177;295,1;
51,179;50,178;90,1;
52,180;51,179;266,1;
53,181;52,180;61,1;
54,182;53,181;358,1;
55,183;54,182;310,1;
56,184;55,183;314,1;
57,185;56,184;275,1;
58,186;57,185;345,1;
59,187;58,186;53,1;
60,188;59,187;181,1;
61,189;60,188;92,1;
62,190;61,189;381,1;
63,191;62,190;211,1;
64,192;63,191;376,1;
65,193;64,192;264,1;
66,194;65,193;116,1;
67,195;66,194;328,1;
68,196;67,195;49,1;
69,197;68,196;395,1;
70,198;69,197;0,1;
71,199;70,198;65,1;
72,200;71,199;143,1;
73,201;72,200;219,1;
74,202;73,201;293,1;
75,203;74,202;272,1;
76,204;75,203;237,1;
77,205;76,204;332,1;
78,206;77,205;286,1;
79,207;78,206;249,1;
80,208;79,207;4,1;
81,209;80,208;180,1;
82,210;81,209;277,1;
83,211;82,210;111,1;
84,212;83,211;352,1;
85,213;84,212;309,1;
86,214;85,213;207,1;
87,215;86,214;41,1;
88,216;87,215;218,1;
89,217;88,216;243,1;
90,218;89,217;113,1;
91,219;90,218;292,1;
92,220;91,219;168,1;
93,221;92,220;97,1;
94,222;93,221;201,1;
95,223;94,222;172,1;
96,224;95,223;186,1;
97,225;96,224;374,1;
98,226;97,225;360,1;
99,227;98,226;18,1;
100,228;99,227;83,1;
101,229;100,228;107,1;
102,230;101,229;318,1;
103,231;102,230;47,1;
104,232;103,231;73,1;
105,233;104,232;327,1;
106,234;105,233;34,1;
107,235;106,234;257,1;
108,236;107,235;55,1;
109,237;108,236;142,1;
110,238;109,237;307,1;
111,239;110,238;148,1;
112,240;111,239;178,1;
113,241;112,240;29,1;
114,242;113,241;367,1;
115,243;114,242;263,1;
116,244;115,243;229,1;
117,245;116,244;350,1;
118,246;117,245;391,1;
119,247;118,246;94,1;
120,248;119,247;124,1;
121,249;120,248;50,1;
122,250;121,249;75,1;
123,251;122,250;171,1;
124,252;123,251;122,1;
125,253;124,252;10,1;
126,254;125,253;313,1;
127,255;126,254;85,1;
0,256;127,255;269,1;
1,257;0,256;14,1;
2,258;1,257;166,1;
3,259;2,258;88,1;
4,260;3,259;385,1;
5,261;4,260;179,1;
6,262;5,261;340,1;
7,263;6,262;388,1;
8,264;7,263;380,1;
9,265;8,264;204,1;
10,266;9,265;154,1;
11,267;10,266;119,1;
12,268;11,267;95,1;
13,269;12,268;195,1;
14,270;13,269;234,1;
15,271;14,270;396,1;
16,272;15,271;200,1;
17,273;16,272;32,1;
18,274;17,273;118,1;
19,275;18,274;3,1;
20,276;19,275;353,1;
21,277;20,276;99,1;
22,278;21,277;278,1;
23,279;22,278;131,1;
24,280;23,279;45,1;
25,281;24,280;346,1;
26,282;25,281;134,1;
27,283;26,282;74,1;
28,284;27,283;274,1;
29,285;28,284;57,1;
30,286;29,285;106,1;
31,287;30,286;379,1;
32,288;31,287;174,1;
33,289;32,288;364,1;
34,290;33,289;140,1;
35,291;34,290;355,1;
36,292;35,291;175,1;
37,293;36,292;64,1;
38,294;37,293;224,1;
39,295;38,294;347,1;
40,296;39,295;356,1;
41,297;40,296;284,1;
42,298;41,297;236,1;
43,299;42,298;128,1;
44,300;43,299;58,1;
45,301;44,300;24,1;
46,302;45,301;137,1;
47,303;46,302;114,1;
48,304;47,303;363,1;
49,305;48,304;306,1;
50,306;49,305;25,1;
51,307;50,306;270,1;
52,308;51,307;48,1;
53,309;52,308;185,1;
54,310;53,309;112,1;
55,311;54,310;348,1;
56,312;55,311;138,1;
57,313;56,312;98,1;
58,314;57,313;375,1;
59,315;58,314;235,1;
60,316;59,315;389,1;
61,317;60,316;390,1;
62,318;61,317;78,1;
63,319;62,318;326,1;
64,320;63,319;238,1;
65,321;64,320;8,1;
66,322;65,321;239,1;
67,323;66,322;244,1;
68,324;67,323;394,1;
69,325;68,324;149,1;
70,326;69,325;205,1;
71,327;70,326;323,1;
72,328;71,327;1,1;
73,329;72,328;89,1;
74,330;73,329;146,1;
75,331;74,330;165,1;
76,332;75,331;7,1;
77,333;76,332;357,1;
78,334;77,333;296,1;
79,335;78,334;298,1;
80,336;79,335;316,1;
81,337;80,336;317,1;
82,338;81,337;66,1;
83,339;82,338;6,1;
84,340;83,339;338,1;
85,341;84,340;192,1;
86,342;85,341;150,1;
87,343;86,342;199,1;
88,344;87,343;160,1;
89,345;88,344;242,1;
90,346;89,345;321,1;
91,347;90,346;202,1;
92,348;91,347;241,1;
93,349;92,348;283,1;
94,350;93,349;62,1;
95,351;94,350;173,1;
96,352;95,351;392,1;
97,353;96,352;223,1;
98,354;97,353;222,1;
99,355;98,354;132,1;
100,356;99,355;126,1;
2,2;397,1;216,1;
4,2;372,1;109,1;
5,3;4,2;130,1;
4,4;5,3;69,1;
5,5;4,4;324,1;
6,6;5,5;333,1;
7,7;6,6;289,1;
8,8;7,7;336,1;
9,9;8,8;52,1;
10,10;9,9;100,1;
11,11;10,10;42,1;
12,12;11,11;271,1;
13,13;12,12;191,1;
14,14;13,13;291,1;
15,15;14,14;176,1;
16,16;15,15;63,1;
17,17;16,16;46,1;
18,18;17,17;265,1;
19,19;18,18;167,1;
20,20;19,19;371,1;
21,21;20,20;169,1;
22,22;21,21;27,1;
23,23;22,22;103,1;
24,24;23,23;280,1;
25,25;24,24;194,1;
26,26;25,25;164,1;
27,27;26,26;337,1;
28,28;27,27;60,1;
29,29;28,28;273,1;
30,30;29,29;151,1;
31,31;30,30;12,1;
32,32;31,31;354,1;
33,33;32,32;267,1;
34,34;33,33;281,1;
35,35;34,34;302,1;
36,36;35,35;285,1;
37,37;36,36;141,1;
6,2;370,1;335,1;
7,3;6,2;108,1;
8,4;7,3;312,1;
11,5;8,4;144,1;
40,42;11,5;37,37;
41,44;40,42;2,2;
104,400;100,356;41,44;
