0,2;1599,1;394,1;
1,3;0,2;932,1;
0,4;1,3;1135,1;
1,5;0,4;804,1;
2,6;1,5;1521,1;
3,7;2,6;1152,1;
0,8;3,7;788,1;
1,9;0,8;1482,1;
2,10;1,9;1043,1;
3,11;2,10;1309,1;
4,12;3,11;742,1;
5,13;4,12;332,1;
6,14;5,13;1332,1;
7,15;6,14;634,1;
0,16;7,15;818,1;
1,17;0,16;981,1;
2,18;1,17;999,1;
3,19;2,18;203,1;
4,20;3,19;670,1;
5,21;4,20;1160,1;
6,22;5,21;1394,1;
7,23;6,22;70,1;
8,24;7,23;1191,1;
9,25;8,24;1006,1;
10,26;9,25;299,1;
11,27;10,26;1094,1;
12,28;11,27;729,1;
13,29;12,28;1011,1;
14,30;13,29;1536,1;
15,31;14,30;799,1;
0,32;15,31;209,1;
1,33;0,32;955,1;
2,34;1,33;152,1;
3,35;2,34;507,1;
4,36;3,35;898,1;
5,37;4,36;832,1;
6,38;5,37;923,1;
7,39;6,38;1556,1;
8,40;7,39;524,1;
9,41;8,40;1002,1;
10,42;9,41;571,1;
11,43;10,42;1114,1;
12,44;11,43;845,1;
13,45;12,44;1153,1;
14,46;13,45;484,1;
15,47;14,46;984,1;
16,48;15,47;512,1;
17,49;16,48;471,1;
18,50;17,49;208,1;
19,51;18,50;447,1;
20,52;19,51;1144,1;
21,53;20,52;806,1;
22,54;21,53;983,1;
23,55;22,54;734,1;
24,56;23,55;145,1;
25,57;24,56;1046,1;
26,58;25,57;1303,1;
27,59;26,58;183,1;
28,60;27,59;919,1;
29,61;28,60;1577,1;
30,62;29,61;877,1;
31,63;30,62;1301,1;
0,64;31,63;1384,1;
1,65;0,64;1137,1;
2,66;1,65;1408,1;
3,67;2,66;153,1;
4,68;3,67;432,1;
5,69;4,68;723,1;
6,70;5,69;28,1;
7,71;6,70;523,1;
8,72;7,71;631,1;
9,73;8,72;1166,1;
10,74;9,73;963,1;
11,75;10,74;731,1;
12,76;11,75;133,1;
13,77;12,76;1400,1;
14,78;13,77;503,1;
15,79;14,78;770,1;
16,80;15,79;760,1;
17,81;16,80;1461,1;
18,82;17,81;817,1;
19,83;18,82;260,1;
20,84;19,83;68,1;
21,85;20,84;587,1;
22,86;21,85;196,1;
23,87;22,86;1368,1;
24,88;23,87;1379,1;
25,89;24,88;129,1;
26,90;25,89;294,1;
27,91;26,90;1147,1;
28,92;27,91;1342,1;
29,93;28,92;147,1;
30,94;29,93;906,1;
31,95;30,94;365,1;
32,96;31,95;545,1;
33,97;32,96;261,1;
34,98;33,97;591,1;
35,99;34,98;907,1;
36,100;35,99;858,1;
37,101;36,100;422,1;
38,102;37,101;763,1;
39,103;38,102;248,1;
40,104;39,103;865,1;
41,105;40,104;1126,1;
42,106;41,105;1070,1;
43,107;42,106;1517,1;
44,108;43,107;1214,1;
45,109;44,108;366,1;
46,110;45,109;1488,1;
47,111;46,110;716,1;
48,112;47,111;16,1;
49,113;48,112;1100,1;
50,114;49,113;1302,1;
51,115;50,114;644,1;
52,116;51,115;1293,1;
53,117;52,116;1199,1;
54,118;53,117;434,1;
55,119;54,118;1574,1;
56,120;55,119;1530,1;
57,121;56,120;582,1;
58,122;57,121;888,1;
59,123;58,122;705,1;
60,124;59,123;297,1;
61,125;60,124;127,1;
62,126;61,125;93,1;
63,127;62,126;1376,1;
0,128;63,127;80,1;
1,129;0,128;1397,1;
2,130;1,129;623,1;
3,131;2,130;673,1;
4,132;3,131;528,1;
5,133;4,132;1459,1;
6,134;5,133;563,1;
7,135;6,134;1383,1;
8,136;7,135;86,1;
9,137;8,136;215,1;
10,138;9,137;39,1;
11,139;10,138;558,1;
12,140;11,139;446,1;
13,141;12,140;1277,1;
14,142;13,141;455,1;
15,143;14,142;1468,1;
16,144;15,143;960,1;
17,145;16,144;37,1;
18,146;17,145;56,1;
19,147;18,146;1103,1;
20,148;19,147;1163,1;
21,149;20,148;1278,1;
22,150;21,149;325,1;
23,151;22,150;924,1;
24,152;23,151;123,1;
25,153;24,152;1127,1;
26,154;25,153;1565,1;
27,155;26,154;1299,1;
28,156;27,155;529,1;
29,157;28,156;627,1;
30,158;29,157;359,1;
31,159;30,158;900,1;
32,160;31,159;51,1;
33,161;32,160;157,1;
34,162;33,161;1073,1;
35,163;34,162;750,1;
36,164;35,163;1393,1;
37,165;36,164;1106,1;
38,166;37,165;91,1;
39,167;38,166;377,1;
40,168;39,167;1395,1;
41,169;40,168;1203,1;
42,170;41,169;1172,1;
43,171;42,170;13,1;
44,172;43,171;1406,1;
45,173;44,172;1229,1;
46,174;45,173;437,1;
47,175;46,174;650,1;
48,176;47,175;609,1;
49,177;48,176;2,1;
50,178;49,177;682,1;
51,179;50,178;696,1;
52,180;51,179;510,1;
53,181;52,180;361,1;
54,182;53,181;1292,1;
55,183;54,182;1182,1;
56,184;55,183;1132,1;
57,185;56,184;228,1;
58,186;57,185;757,1;
59,187;58,186;920,1;
60,188;59,187;43,1;
61,189;60,188;1388,1;
62,190;61,189;1354,1;
63,191;62,190;819,1;
64,192;63,191;1544,1;
65,193;64,192;1093,1;
66,194;65,193;1553,1;
67,195;66,194;1066,1;
68,196;67,195;967,1;
69,197;68,196;575,1;
70,198;69,197;1322,1;
71,199;70,198;1130,1;
72,200;71,199;1515,1;
73,201;72,200;378,1;
74,202;73,201;647,1;
75,203;74,202;1049,1;
76,204;75,203;1174,1;
77,205;76,204;1097,1;
78,206;77,205;1516,1;
79,207;78,206;1087,1;
80,208;79,207;1079,1;
81,209;80,208;1042,1;
82,210;81,209;101,1;
83,211;82,210;1261,1;
84,212;83,211;33,1;
85,213;84,212;81,1;
86,214;85,213;863,1;
87,215;86,214;848,1;
88,216;87,215;54,1;
89,217;88,216;369,1;
90,218;89,217;1253,1;
91,219;90,218;1462,1;
92,220;91,219;730,1;
93,221;92,220;521,1;
94,222;93,221;197,1;
95,223;94,222;798,1;
96,224;95,223;467,1;
97,225;96,224;1195,1;
98,226;97,225;751,1;
99,227;98,226;1222,1;
100,228;99,227;1417,1;
101,229;100,228;1326,1;
102,230;101,229;1573,1;
103,231;102,230;443,1;
104,232;103,231;533,1;
105,233;104,232;853,1;
106,234;105,233;1197,1;
107,235;106,234;1062,1;
108,236;107,235;187,1;
109,237;108,236;618,1;
110,238;109,237;427,1;
111,239;110,238;612,1;
112,240;111,239;1054,1;
113,241;112,240;102,1;
114,242;113,241;928,1;
115,243;114,242;344,1;
116,244;115,243;1524,1;
117,245;116,244;1352,1;
118,246;117,245;934,1;
119,247;118,246;1365,1;
120,248;119,247;1312,1;
121,249;120,248;836,1;
122,250;121,249;139,1;
123,251;122,250;659,1;
124,252;123,251;761,1;
125,253;124,252;1123,1;
126,254;125,253;771,1;
127,255;126,254;1385,1;
0,256;127,255;1389,1;
1,257;0,256;184,1;
2,258;1,257;1486,1;
3,259;2,258;811,1;
4,260;3,259;247,1;
5,261;4,260;1581,1;
6,262;5,261;764,1;
7,263;6,262;542,1;
8,264;7,263;1424,1;
9,265;8,264;581,1;
10,266;9,265;319,1;
11,267;10,266;1443,1;
12,268;11,267;303,1;
13,269;12,268;724,1;
14,270;13,269;802,1;
15,271;14,270;505,1;
16,272;15,271;1080,1;
17,273;16,272;21,1;
18,274;17,273;893,1;
19,275;18,274;1306,1;
20,276;19,275;941,1;
21,277;20,276;11,1;
22,278;21,277;1325,1;
23,279;22,278;747,1;
24,280;23,279;1314,1;
25,281;24,280;217,1;
26,282;25,281;301,1;
27,283;26,282;300,1;
28,284;27,283;1366,1;
29,285;28,284;749,1;
30,286;29,285;691,1;
31,287;30,286;866,1;
32,288;31,287;554,1;
33,289;32,288;1344,1;
34,290;33,289;1133,1;
35,291;34,290;31,1;
36,292;35,291;593,1;
37,293;36,292;373,1;
38,294;37,293;163,1;
39,295;38,294;1485,1;
40,296;39,295;159,1;
41,297;40,296;125,1;
42,298;41,297;1124,1;
43,299;42,298;1095,1;
44,300;43,299;810,1;
45,301;44,300;1004,1;
46,302;45,301;1181,1;
47,303;46,302;1497,1;
48,304;47,303;460,1;
49,305;48,304;1025,1;
50,306;49,305;642,1;
51,307;50,306;1578,1;
52,308;51,307;915,1;
53,309;52,308;258,1;
54,310;53,309;256,1;
55,311;54,310;442,1;
56,312;55,311;226,1;
57,313;56,312;586,1;
58,314;57,313;398,1;
59,315;58,314;1447,1;
60,316;59,315;343,1;
61,317;60,316;688,1;
62,318;61,317;1597,1;
63,319;62,318;1256,1;
64,320;63,319;957,1;
65,321;64,320;1119,1;
66,322;65,321;748,1;
67,323;66,322;876,1;
68,324;67,323;732,1;
69,325;68,324;560,1;
70,326;69,325;1287,1;
71,327;70,326;579,1;
72,328;71,327;72,1;
73,329;72,328;943,1;
74,330;73,329;1220,1;
75,331;74,330;17,1;
76,332;75,331;1075,1;
77,333;76,332;411,1;
78,334;77,333;1089,1;
79,335;78,334;368,1;
80,336;79,335;1402,1;
81,337;80,336;121,1;
82,338;81,337;1420,1;
83,339;82,338;913,1;
84,340;83,339;526,1;
85,341;84,340;1466,1;
86,342;85,341;416,1;
87,343;86,342;213,1;
88,344;87,343;1088,1;
89,345;88,344;1319,1;
90,346;89,345;494,1;
91,347;90,346;105,1;
92,348;91,347;482,1;
93,349;92,348;643,1;
94,350;93,349;476,1;
95,351;94,350;120,1;
96,352;95,351;1086,1;
97,353;96,352;1411,1;
98,354;97,353;1207,1;
99,355;98,354;30,1;
100,356;99,355;657,1;
101,357;100,356;1435,1;
102,358;101,357;440,1;
103,359;102,358;231,1;
104,360;103,359;135,1;
105,361;104,360;329,1;
106,362;105,361;739,1;
107,363;106,362;1238,1;
108,364;107,363;875,1;
109,365;108,364;825,1;
110,366;109,365;40,1;
111,367;110,366;1399,1;
112,368;111,367;972,1;
113,369;112,368;1234,1;
114,370;113,369;1533,1;
115,371;114,370;334,1;
116,372;115,371;304,1;
117,373;116,372;311,1;
118,374;117,373;787,1;
119,375;118,374;351,1;
120,376;119,375;1444,1;
121,377;120,376;423,1;
122,378;121,377;227,1;
123,379;122,378;254,1;
124,380;123,379;36,1;
125,381;124,380;466,1;
126,382;125,381;445,1;
127,383;126,382;458,1;
128,384;127,383;287,1;
129,385;128,384;745,1;
130,386;129,385;1036,1;
131,387;130,386;349,1;
132,388;131,387;1129,1;
133,389;132,388;1386,1;
134,390;133,389;608,1;
135,391;134,390;1504,1;
136,392;135,391;490,1;
137,393;136,392;384,1;
138,394;137,393;685,1;
139,395;138,394;341,1;
140,396;139,395;96,1;
141,397;140,396;577,1;
142,398;141,397;1539,1;
143,399;142,398;509,1;
144,400;143,399;1357,1;
145,401;144,400;1173,1;
146,402;145,401;1185,1;
147,403;146,402;885,1;
148,404;147,403;251,1;
149,405;148,404;1035,1;
150,406;149,405;1499,1;
151,407;150,406;1392,1;
152,408;151,407;899,1;
153,409;152,408;779,1;
154,410;153,409;410,1;
155,411;154,410;475,1;
156,412;155,411;786,1;
157,413;156,412;1526,1;
158,414;157,413;1358,1;
159,415;158,414;491,1;
160,416;159,415;253,1;
161,417;160,416;221,1;
162,418;161,417;719,1;
163,419;162,418;1237,1;
164,420;163,419;77,1;
165,421;164,420;15,1;
166,422;165,421;26,1;
167,423;166,422;1382,1;
168,424;167,423;1347,1;
169,425;168,424;245,1;
170,426;169,425;1412,1;
171,427;170,426;19,1;
172,428;171,427;1587,1;
173,429;172,428;1341,1;
174,430;173,429;1418,1;
175,431;174,430;136,1;
176,432;175,431;697,1;
177,433;176,432;87,1;
178,434;177,433;852,1;
179,435;178,434;1407,1;
180,436;179,435;1211,1;
181,437;180,436;252,1;
182,438;181,437;290,1;
183,439;182,438;1076,1;
184,440;183,439;1546,1;
185,441;184,440;1308,1;
186,442;185,441;1432,1;
187,443;186,442;1298,1;
188,444;187,443;453,1;
189,445;188,444;700,1;
190,446;189,445;1279,1;
191,447;190,446;1188,1;
192,448;191,447;1236,1;
193,449;192,448;412,1;
194,450;193,449;1271,1;
195,451;194,450;1177,1;
196,452;195,451;527,1;
197,453;196,452;382,1;
198,454;197,453;1514,1;
199,455;198,454;268,1;
200,456;199,455;1071,1;
201,457;200,456;1092,1;
202,458;201,457;702,1;
203,459;202,458;656,1;
204,460;203,459;625,1;
205,461;204,460;1476,1;
206,462;205,461;1289,1;
207,463;206,462;5,1;
208,464;207,463;726,1;
209,465;208,464;756,1;
210,466;209,465;436,1;
211,467;210,466;557,1;
212,468;211,467;161,1;
213,469;212,468;182,1;
214,470;213,469;393,1;
215,471;214,470;362,1;
216,472;215,471;1375,1;
217,473;216,472;177,1;
218,474;217,473;76,1;
219,475;218,474;1439,1;
220,476;219,475;170,1;
221,477;220,476;556,1;
222,478;221,477;463,1;
223,479;222,478;322,1;
224,480;223,479;614,1;
225,481;224,480;1104,1;
226,482;225,481;829,1;
227,483;226,482;117,1;
228,484;227,483;308,1;
229,485;228,484;958,1;
230,486;229,485;1247,1;
231,487;230,486;38,1;
232,488;231,487;980,1;
233,489;232,488;910,1;
234,490;233,489;908,1;
235,491;234,490;1202,1;
236,492;235,491;1120,1;
237,493;236,492;1422,1;
238,494;237,493;1475,1;
239,495;238,494;1403,1;
240,496;239,495;525,1;
241,497;240,496;210,1;
242,498;241,497;1240,1;
243,499;242,498;1398,1;
244,500;243,499;864,1;
245,501;244,500;79,1;
246,502;245,501;947,1;
247,503;246,502;259,1;
248,504;247,503;971,1;
249,505;248,504;572,1;
250,506;249,505;1008,1;
251,507;250,506;1470,1;
252,508;251,507;454,1;
253,509;252,508;246,1;
254,510;253,509;305,1;
255,511;254,510;1327,1;
0,512;255,511;71,1;
1,513;0,512;878,1;
2,514;1,513;1148,1;
3,515;2,514;1316,1;
4,516;3,515;82,1;
5,517;4,516;1300,1;
6,518;5,517;1520,1;
7,519;6,518;990,1;
8,520;7,519;725,1;
9,521;8,520;419,1;
10,522;9,521;404,1;
11,523;10,522;473,1;
12,524;11,523;497,1;
13,525;12,524;1595,1;
14,526;13,525;667,1;
15,527;14,526;922,1;
16,528;15,527;1069,1;
17,529;16,528;652,1;
18,530;17,529;710,1;
19,531;18,530;1239,1;
20,532;19,531;330,1;
21,533;20,532;996,1;
22,534;21,533;219,1;
23,535;22,534;759,1;
24,536;23,535;843,1;
25,537;24,536;1273,1;
26,538;25,537;706,1;
27,539;26,538;320,1;
28,540;27,539;59,1;
29,541;28,540;1151,1;
30,542;29,541;158,1;
31,543;30,542;1591,1;
32,544;31,543;1576,1;
33,545;32,544;189,1;
34,546;33,545;1551,1;
35,547;34,546;889,1;
36,548;35,547;1359,1;
37,549;36,548;603,1;
38,550;37,549;883,1;
39,551;38,550;162,1;
40,552;39,551;777,1;
41,553;40,552;9,1;
42,554;41,553;262,1;
43,555;42,554;1171,1;
44,556;43,555;1442,1;
45,557;44,556;1031,1;
46,558;45,557;664,1;
47,559;46,558;1593,1;
48,560;47,559;331,1;
49,561;48,560;1050,1;
50,562;49,561;741,1;
51,563;50,562;403,1;
52,564;51,563;1190,1;
53,565;52,564;461,1;
54,566;53,565;212,1;
55,567;54,566;1176,1;
56,568;55,567;959,1;
57,569;56,568;718,1;
58,570;57,569;768,1;
59,571;58,570;1496,1;
60,572;59,571;67,1;
61,573;60,572;1328,1;
62,574;61,573;1391,1;
63,575;62,574;993,1;
64,576;63,575;561,1;
65,577;64,576;1255,1;
66,578;65,577;1549,1;
67,579;66,578;1064,1;
68,580;67,579;886,1;
69,581;68,580;541,1;
70,582;69,581;728,1;
71,583;70,582;892,1;
72,584;71,583;1361,1;
73,585;72,584;668,1;
74,586;73,585;1477,1;
75,587;74,586;457,1;
76,588;75,587;1404,1;
77,589;76,588;712,1;
78,590;77,589;997,1;
79,591;78,590;386,1;
80,592;79,591;1001,1;
81,593;80,592;1346,1;
82,594;81,593;564,1;
83,595;82,594;23,1;
84,596;83,595;692,1;
85,597;84,596;617,1;
86,598;85,597;506,1;
87,599;86,598;641,1;
88,600;87,599;1367,1;
89,601;88,600;193,1;
90,602;89,601;1540,1;
91,603;90,602;824,1;
92,604;91,603;276,1;
93,605;92,604;595,1;
94,606;93,605;206,1;
95,607;94,606;1564,1;
96,608;95,607;552,1;
97,609;96,608;1179,1;
98,610;97,609;1557,1;
99,611;98,610;669,1;
100,612;99,611;156,1;
101,613;100,612;1024,1;
102,614;101,613;517,1;
103,615;102,614;709,1;
104,616;103,615;988,1;
105,617;104,616;20,1;
106,618;105,617;1217,1;
107,619;106,618;1260,1;
108,620;107,619;520,1;
109,621;108,620;868,1;
110,622;109,621;282,1;
111,623;110,622;431,1;
112,624;111,623;753,1;
113,625;112,624;991,1;
114,626;113,625;266,1;
115,627;114,626;417,1;
116,628;115,627;765,1;
117,629;116,628;559,1;
118,630;117,629;1427,1;
119,631;118,630;881,1;
120,632;119,631;784,1;
121,633;120,632;49,1;
122,634;121,633;342,1;
123,635;122,634;279,1;
124,636;123,635;722,1;
125,637;124,636;1579,1;
126,638;125,637;1511,1;
127,639;126,638;1437,1;
128,640;127,639;828,1;
129,641;128,640;1401,1;
130,642;129,641;1266,1;
131,643;130,642;275,1;
132,644;131,643;536,1;
133,645;132,644;1572,1;
134,646;133,645;1209,1;
135,647;134,646;1440,1;
136,648;135,647;1053,1;
137,649;136,648;1372,1;
138,650;137,649;188,1;
139,651;138,650;743,1;
140,652;139,651;211,1;
141,653;140,652;61,1;
142,654;141,653;887,1;
143,655;142,654;286,1;
144,656;143,655;950,1;
145,657;144,656;339,1;
146,658;145,657;1507,1;
147,659;146,658;953,1;
148,660;147,659;1472,1;
149,661;148,660;220,1;
150,662;149,661;240,1;
151,663;150,662;1550,1;
152,664;151,663;773,1;
153,665;152,664;1057,1;
154,666;153,665;0,1;
155,667;154,666;1037,1;
156,668;155,667;890,1;
157,669;156,668;549,1;
158,670;157,669;314,1;
159,671;158,670;328,1;
160,672;159,671;701,1;
161,673;160,672;198,1;
162,674;161,673;1339,1;
163,675;162,674;766,1;
164,676;163,675;207,1;
165,677;164,676;948,1;
166,678;165,677;383,1;
167,679;166,678;92,1;
168,680;167,679;649,1;
169,681;168,680;214,1;
170,682;169,681;534,1;
171,683;170,682;395,1;
172,684;171,683;921,1;
173,685;172,684;598,1;
174,686;173,685;1156,1;
175,687;174,686;1512,1;
176,688;175,687;615,1;
177,689;176,688;715,1;
178,690;177,689;1364,1;
179,691;178,690;851,1;
180,692;179,691;1561,1;
181,693;180,692;793,1;
182,694;181,693;315,1;
183,695;182,694;90,1;
184,696;183,695;358,1;
185,697;184,696;1034,1;
186,698;185,697;1251,1;
187,699;186,698;578,1;
188,700;187,699;833,1;
189,701;188,700;1122,1;
190,702;189,701;961,1;
191,703;190,702;1136,1;
192,704;191,703;1115,1;
193,705;192,704;937,1;
194,706;193,705;452,1;
195,707;194,706;555,1;
196,708;195,707;1450,1;
197,709;196,708;237,1;
198,710;197,709;22,1;
199,711;198,710;1451,1;
200,712;199,711;1481,1;
201,713;200,712;606,1;
202,714;201,713;1082,1;
203,715;202,714;1498,1;
204,716;203,715;65,1;
205,717;204,716;1495,1;
206,718;205,717;1454,1;
207,719;206,718;781,1;
208,720;207,719;931,1;
209,721;208,720;780,1;
210,722;209,721;1142,1;
211,723;210,722;855,1;
212,724;211,723;589,1;
213,725;212,724;111,1;
214,726;213,725;272,1;
215,727;214,726;441,1;
216,728;215,727;951,1;
217,729;216,728;1377,1;
218,730;217,729;35,1;
219,731;218,730;1474,1;
220,732;219,731;896,1;
221,733;220,732;1503,1;
222,734;221,733;592,1;
223,735;222,734;869,1;
224,736;223,735;255,1;
225,737;224,736;707,1;
226,738;225,737;576,1;
227,739;226,738;942,1;
228,740;227,739;1081,1;
229,741;228,740;293,1;
230,742;229,741;352,1;
231,743;230,742;1210,1;
232,744;231,743;1091,1;
233,745;232,744;1349,1;
234,746;233,745;225,1;
235,747;234,746;243,1;
236,748;235,747;201,1;
237,749;236,748;1441,1;
238,750;237,749;630,1;
239,751;238,750;1473,1;
240,752;239,751;704,1;
241,753;240,752;1067,1;
242,754;241,753;1296,1;
243,755;242,754;689,1;
244,756;243,755;1458,1;
245,757;244,756;1566,1;
246,758;245,757;97,1;
247,759;246,758;966,1;
248,760;247,759;233,1;
249,761;248,760;292,1;
250,762;249,761;456,1;
251,763;250,762;901,1;
252,764;251,763;309,1;
253,765;252,764;168,1;
254,766;253,765;1027,1;
255,767;254,766;925,1;
256,768;255,767;516,1;
257,769;256,768;1283,1;
258,770;257,769;186,1;
259,771;258,770;1098,1;
260,772;259,771;1208,1;
261,773;260,772;1116,1;
262,774;261,773;1405,1;
263,775;262,774;797,1;
264,776;263,775;600,1;
265,777;264,776;1134,1;
266,778;265,777;172,1;
267,779;266,778;1111,1;
268,780;267,779;1563,1;
269,781;268,780;501,1;
270,782;269,781;1286,1;
271,783;270,782;318,1;
272,784;271,783;690,1;
273,785;272,784;218,1;
274,786;273,785;115,1;
275,787;274,786;495,1;
276,788;275,787;1078,1;
277,789;276,788;84,1;
278,790;277,789;1545,1;
279,791;278,790;1212,1;
280,792;279,791;1084,1;
281,793;280,792;1141,1;
282,794;281,793;816,1;
283,795;282,794;1329,1;
284,796;283,795;590,1;
285,797;284,796;53,1;
286,798;285,797;116,1;
287,799;286,798;733,1;
288,800;287,799;1480,1;
289,801;288,800;310,1;
290,802;289,801;663,1;
291,803;290,802;1362,1;
292,804;291,803;629,1;
293,805;292,804;1030,1;
294,806;293,805;1378,1;
295,807;294,806;815,1;
296,808;295,807;1201,1;
297,809;296,808;374,1;
298,810;297,809;1193,1;
299,811;298,810;41,1;
300,812;299,811;1580,1;
301,813;300,812;956,1;
302,814;301,813;894,1;
303,815;302,814;693,1;
304,816;303,815;307,1;
305,817;304,816;107,1;
306,818;305,817;277,1;
307,819;306,818;1045,1;
308,820;307,819;1108,1;
309,821;308,820;1224,1;
310,822;309,821;376,1;
311,823;310,822;835,1;
312,824;311,823;626,1;
313,825;312,824;1585,1;
314,826;313,825;1058,1;
315,827;314,826;360,1;
316,828;315,827;1270,1;
317,829;316,828;1428,1;
318,830;317,829;1478,1;
319,831;318,830;1128,1;
320,832;319,831;551,1;
321,833;320,832;489,1;
322,834;321,833;1200,1;
323,835;322,834;409,1;
324,836;323,835;1311,1;
325,837;324,836;801,1;
326,838;325,837;998,1;
327,839;326,838;694,1;
328,840;327,839;1225,1;
329,841;328,840;34,1;
330,842;329,841;909,1;
331,843;330,842;350,1;
332,844;331,843;1315,1;
333,845;332,844;666,1;
334,846;333,845;809,1;
335,847;334,846;492,1;
336,848;335,847;327,1;
337,849;336,848;954,1;
338,850;337,849;381,1;
339,851;338,850;597,1;
340,852;339,851;1282,1;
341,853;340,852;1044,1;
342,854;341,853;415,1;
343,855;342,854;1575,1;
344,856;343,855;483,1;
345,857;344,856;599,1;
346,858;345,857;1321,1;
347,859;346,858;387,1;
348,860;347,859;1522,1;
349,861;348,860;1048,1;
350,862;349,861;190,1;
351,863;350,862;367,1;
352,864;351,863;547,1;
353,865;352,864;47,1;
354,866;353,865;1274,1;
355,867;354,866;50,1;
356,868;355,867;646,1;
357,869;356,868;621,1;
358,870;357,869;1154,1;
359,871;358,870;573,1;
360,872;359,871;479,1;
361,873;360,872;574,1;
362,874;361,873;450,1;
363,875;362,874;1155,1;
364,876;363,875;927,1;
365,877;364,876;1528,1;
366,878;365,877;637,1;
367,879;366,878;257,1;
368,880;367,879;1416,1;
369,881;368,880;1019,1;
370,882;369,881;982,1;
371,883;370,882;18,1;
372,884;371,883;477,1;
373,885;372,884;686,1;
374,886;373,885;1012,1;
375,887;374,886;605,1;
376,888;375,887;1535,1;
377,889;376,888;684,1;
378,890;377,889;736,1;
379,891;378,890;263,1;
380,892;379,891;895,1;
381,893;380,892;229,1;
382,894;381,893;740,1;
383,895;382,894;391,1;
384,896;383,895;73,1;
385,897;384,896;487,1;
386,898;385,897;1230,1;
387,899;386,898;1425,1;
388,900;387,899;1469,1;
389,901;388,900;1387,1;
390,902;389,901;1244,1;
391,903;390,902;44,1;
392,904;391,903;1380,1;
393,905;392,904;635,1;
394,906;393,905;179,1;
395,907;394,906;989,1;
396,908;395,907;1559,1;
397,909;396,908;514,1;
398,910;397,909;762,1;
399,911;398,910;651,1;
400,912;399,911;110,1;
401,913;400,912;269,1;
402,914;401,913;295,1;
403,915;402,914;181,1;
404,916;403,915;1252,1;
405,917;404,916;566,1;
406,918;405,917;1421,1;
407,919;406,918;580,1;
408,920;407,919;1109,1;
409,921;408,920;1258,1;
410,922;409,921;969,1;
411,923;410,922;936,1;
412,924;411,923;1003,1;
413,925;412,924;1161,1;
414,926;413,925;1570,1;
415,927;414,926;1373,1;
416,928;415,927;85,1;
417,929;416,928;14,1;
418,930;417,929;459,1;
419,931;418,930;1409,1;
420,932;419,931;1348,1;
421,933;420,932;1227,1;
422,934;421,933;539,1;
423,935;422,934;204,1;
424,936;423,935;1360,1;
425,937;424,936;677,1;
426,938;425,937;1592,1;
427,939;426,938;288,1;
428,940;427,939;1257,1;
429,941;428,940;1537,1;
430,942;429,941;1021,1;
431,943;430,942;1040,1;
432,944;431,943;122,1;
433,945;432,944;645,1;
434,946;433,945;4,1;
435,947;434,946;1221,1;
436,948;435,947;155,1;
437,949;436,948;385,1;
438,950;437,949;166,1;
439,951;438,950;171,1;
440,952;439,951;406,1;
441,953;440,952;671,1;
442,954;441,953;531,1;
443,955;442,954;88,1;
444,956;443,955;1284,1;
445,957;444,956;1112,1;
446,958;445,957;1280,1;
447,959;446,958;974,1;
448,960;447,959;1567,1;
449,961;448,960;396,1;
450,962;449,961;683,1;
451,963;450,962;313,1;
452,964;451,963;1216,1;
453,965;452,964;987,1;
454,966;453,965;421,1;
455,967;454,966;119,1;
456,968;455,967;388,1;
457,969;456,968;935,1;
458,970;457,969;926,1;
459,971;458,970;195,1;
460,972;459,971;118,1;
461,973;460,972;1007,1;
462,974;461,973;636,1;
463,975;462,974;1118,1;
464,976;463,975;230,1;
465,977;464,976;1041,1;
466,978;465,977;1452,1;
467,979;466,978;95,1;
468,980;467,979;142,1;
469,981;468,980;232,1;
470,982;469,981;1242,1;
471,983;470,982;891,1;
472,984;471,983;774,1;
473,985;472,984;903,1;
474,986;473,985;469,1;
475,987;474,986;699,1;
476,988;475,987;965,1;
477,989;476,988;758,1;
478,990;477,989;778,1;
479,991;478,990;1013,1;
480,992;479,991;1317,1;
481,993;480,992;1446,1;
482,994;481,993;1099,1;
483,995;482,994;241,1;
484,996;483,995;1433,1;
485,997;484,996;124,1;
486,998;485,997;979,1;
487,999;486,998;1192,1;
488,1000;487,999;1552,1;
489,1001;488,1000;562,1;
490,1002;489,1001;1158,1;
491,1003;490,1002;468,1;
492,1004;491,1003;1249,1;
493,1005;492,1004;399,1;
494,1006;493,1005;1291,1;
495,1007;494,1006;826,1;
496,1008;495,1007;662,1;
497,1009;496,1008;672,1;
498,1010;497,1009;918,1;
499,1011;498,1010;75,1;
500,1012;499,1011;1254,1;
501,1013;500,1012;345,1;
502,1014;501,1013;1052,1;
503,1015;502,1014;873,1;
504,1016;503,1015;711,1;
505,1017;504,1016;1543,1;
506,1018;505,1017;278,1;
507,1019;506,1018;99,1;
508,1020;507,1019;353,1;
509,1021;508,1020;1245,1;
510,1022;509,1021;180,1;
511,1023;510,1022;55,1;
0,1024;511,1023;57,1;
1,1025;0,1024;1264,1;
2,1026;1,1025;154,1;
3,1027;2,1026;485,1;
4,1028;3,1027;568,1;
5,1029;4,1028;340,1;
6,1030;5,1029;1140,1;
7,1031;6,1030;1150,1;
8,1032;7,1031;511,1;
9,1033;8,1032;837,1;
10,1034;9,1033;346,1;
11,1035;10,1034;964,1;
12,1036;11,1035;45,1;
13,1037;12,1036;1059,1;
14,1038;13,1037;74,1;
15,1039;14,1038;131,1;
16,1040;15,1039;1493,1;
17,1041;16,1040;29,1;
18,1042;17,1041;708,1;
19,1043;18,1042;1449,1;
20,1044;19,1043;1467,1;
21,1045;20,1044;1051,1;
22,1046;21,1045;1083,1;
23,1047;22,1046;1233,1;
24,1048;23,1047;860,1;
25,1049;24,1048;1288,1;
26,1050;25,1049;602,1;
27,1051;26,1050;1180,1;
28,1052;27,1051;1162,1;
29,1053;28,1052;64,1;
30,1054;29,1053;134,1;
31,1055;30,1054;1028,1;
32,1056;31,1055;236,1;
33,1057;32,1056;727,1;
34,1058;33,1057;916,1;
35,1059;34,1058;1167,1;
36,1060;35,1059;540,1;
37,1061;36,1060;1464,1;
38,1062;37,1061;746,1;
39,1063;38,1062;379,1;
40,1064;39,1063;200,1;
41,1065;40,1064;1356,1;
42,1066;41,1065;1562,1;
43,1067;42,1066;1125,1;
44,1068;43,1067;519,1;
45,1069;44,1068;607,1;
46,1070;45,1069;1023,1;
47,1071;46,1070;249,1;
48,1072;47,1071;1338,1;
49,1073;48,1072;1396,1;
50,1074;49,1073;1267,1;
51,1075;50,1074;418,1;
52,1076;51,1075;1164,1;
53,1077;52,1076;973,1;
54,1078;53,1077;1149,1;
55,1079;54,1078;735,1;
56,1080;55,1079;355,1;
57,1081;56,1080;174,1;
58,1082;57,1081;805,1;
59,1083;58,1082;1265,1;
60,1084;59,1083;284,1;
61,1085;60,1084;94,1;
62,1086;61,1085;1022,1;
63,1087;62,1086;1090,1;
64,1088;63,1087;1500,1;
65,1089;64,1088;975,1;
66,1090;65,1089;585,1;
67,1091;66,1090;661,1;
68,1092;67,1091;264,1;
69,1093;68,1092;772,1;
70,1094;69,1093;1241,1;
71,1095;70,1094;820,1;
72,1096;71,1095;83,1;
73,1097;72,1096;1009,1;
74,1098;73,1097;58,1;
75,1099;74,1098;1436,1;
76,1100;75,1099;584,1;
77,1101;76,1100;738,1;
78,1102;77,1101;356,1;
79,1103;78,1102;970,1;
80,1104;79,1103;1139,1;
81,1105;80,1104;364,1;
82,1106;81,1105;1020,1;
83,1107;82,1106;433,1;
84,1108;83,1107;783,1;
85,1109;84,1108;994,1;
86,1110;85,1109;938,1;
87,1111;86,1110;363,1;
88,1112;87,1111;703,1;
89,1113;88,1112;408,1;
90,1114;89,1113;234,1;
91,1115;90,1114;3,1;
92,1116;91,1115;32,1;
93,1117;92,1116;106,1;
94,1118;93,1117;1426,1;
95,1119;94,1118;1223,1;
96,1120;95,1119;912,1;
97,1121;96,1120;1523,1;
98,1122;97,1121;347,1;
99,1123;98,1122;1582,1;
100,1124;99,1123;1343,1;
101,1125;100,1124;1143,1;
102,1126;101,1125;1554,1;
103,1127;102,1126;754,1;
104,1128;103,1127;807,1;
105,1129;104,1128;796,1;
106,1130;105,1129;812,1;
107,1131;106,1130;98,1;
108,1132;107,1131;880,1;
109,1133;108,1132;792,1;
110,1134;109,1133;714,1;
111,1135;110,1134;515,1;
112,1136;111,1135;530,1;
113,1137;112,1136;660,1;
114,1138;113,1137;481,1;
115,1139;114,1138;1183,1;
116,1140;115,1139;401,1;
117,1141;116,1140;1483,1;
118,1142;117,1141;1547,1;
119,1143;118,1142;438,1;
120,1144;119,1143;1484,1;
121,1145;120,1144;402,1;
122,1146;121,1145;850,1;
123,1147;122,1146;1596,1;
124,1148;123,1147;1017,1;
125,1149;124,1148;224,1;
126,1150;125,1149;429,1;
127,1151;126,1150;283,1;
128,1152;127,1151;803,1;
129,1153;128,1152;25,1;
130,1154;129,1153;508,1;
131,1155;130,1154;114,1;
132,1156;131,1155;1448,1;
133,1157;132,1156;1434,1;
134,1158;133,1157;911,1;
135,1159;134,1158;567,1;
136,1160;135,1159;1145,1;
137,1161;136,1160;1074,1;
138,1162;137,1161;185,1;
139,1163;138,1162;872,1;
140,1164;139,1163;532,1;
141,1165;140,1164;831,1;
142,1166;141,1165;24,1;
143,1167;142,1166;1131,1;
144,1168;143,1167;687,1;
145,1169;144,1168;1085,1;
146,1170;145,1169;306,1;
147,1171;146,1170;613,1;
148,1172;147,1171;48,1;
149,1173;148,1172;348,1;
150,1174;149,1173;420,1;
151,1175;150,1174;1430,1;
152,1176;151,1175;655,1;
153,1177;152,1176;1334,1;
154,1178;153,1177;874,1;
155,1179;154,1178;1218,1;
156,1180;155,1179;537,1;
157,1181;156,1180;1205,1;
158,1182;157,1181;1010,1;
159,1183;158,1182;569,1;
160,1184;159,1183;270,1;
161,1185;160,1184;1337,1;
162,1186;161,1185;474,1;
163,1187;162,1186;844,1;
164,1188;163,1187;861,1;
165,1189;164,1188;776,1;
166,1190;165,1189;1324,1;
167,1191;166,1190;1320,1;
168,1192;167,1191;1571,1;
169,1193;168,1192;679,1;
170,1194;169,1193;1558,1;
171,1195;170,1194;789,1;
172,1196;171,1195;1000,1;
173,1197;172,1196;112,1;
174,1198;173,1197;138,1;
175,1199;174,1198;390,1;
176,1200;175,1199;1589,1;
177,1201;176,1200;1159,1;
178,1202;177,1201;1590,1;
179,1203;178,1202;550,1;
180,1204;179,1203;1068,1;
181,1205;180,1204;814,1;
182,1206;181,1205;813,1;
183,1207;182,1206;235,1;
184,1208;183,1207;849,1;
185,1209;184,1208;1490,1;
186,1210;185,1209;857,1;
187,1211;186,1210;1232,1;
188,1212;187,1211;1047,1;
189,1213;188,1212;619,1;
190,1214;189,1213;8,1;
191,1215;190,1214;1016,1;
192,1216;191,1215;1005,1;
193,1217;192,1216;1534,1;
194,1218;193,1217;930,1;
195,1219;194,1218;1414,1;
196,1220;195,1219;1146,1;
197,1221;196,1220;1196,1;
198,1222;197,1221;1065,1;
199,1223;198,1222;148,1;
200,1224;199,1223;1371,1;
201,1225;200,1224;752,1;
202,1226;201,1225;1471,1;
203,1227;202,1226;1429,1;
204,1228;203,1227;244,1;
205,1229;204,1228;1168,1;
206,1230;205,1229;488,1;
207,1231;206,1230;628,1;
208,1232;207,1231;775,1;
209,1233;208,1232;522,1;
210,1234;209,1233;1598,1;
211,1235;210,1234;104,1;
212,1236;211,1235;425,1;
213,1237;212,1236;1555,1;
214,1238;213,1237;435,1;
215,1239;214,1238;1423,1;
216,1240;215,1239;326,1;
217,1241;216,1240;834,1;
218,1242;217,1241;1438,1;
219,1243;218,1242;1519,1;
220,1244;219,1243;1513,1;
221,1245;220,1244;1548,1;
222,1246;221,1245;1381,1;
223,1247;222,1246;1170,1;
224,1248;223,1247;838,1;
225,1249;224,1248;588,1;
226,1250;225,1249;976,1;
227,1251;226,1250;1479,1;
228,1252;227,1251;375,1;
229,1253;228,1252;1055,1;
230,1254;229,1253;78,1;
231,1255;230,1254;1518,1;
232,1256;231,1255;854,1;
233,1257;232,1256;1568,1;
234,1258;233,1257;1269,1;
235,1259;234,1258;720,1;
236,1260;235,1259;1560,1;
237,1261;236,1260;389,1;
238,1262;237,1261;1105,1;
239,1263;238,1262;239,1;
240,1264;239,1263;839,1;
241,1265;240,1264;323,1;
242,1266;241,1265;89,1;
243,1267;242,1266;1529,1;
244,1268;243,1267;1487,1;
245,1269;244,1268;205,1;
246,1270;245,1269;596,1;
247,1271;246,1270;1489,1;
248,1272;247,1271;137,1;
249,1273;248,1272;538,1;
250,1274;249,1273;1077,1;
251,1275;250,1274;165,1;
252,1276;251,1275;1178,1;
253,1277;252,1276;414,1;
254,1278;253,1277;451,1;
255,1279;254,1278;380,1;
256,1280;255,1279;146,1;
257,1281;256,1280;274,1;
258,1282;257,1281;149,1;
259,1283;258,1282;296,1;
260,1284;259,1283;496,1;
261,1285;260,1284;1455,1;
262,1286;261,1285;1262,1;
263,1287;262,1286;1,1;
264,1288;263,1287;1588,1;
265,1289;264,1288;1501,1;
266,1290;265,1289;611,1;
267,1291;266,1290;1531,1;
268,1292;267,1291;1369,1;
269,1293;268,1292;1060,1;
270,1294;269,1293;879,1;
271,1295;270,1294;1117,1;
272,1296;271,1295;7,1;
273,1297;272,1296;546,1;
274,1298;273,1297;470,1;
275,1299;274,1298;1294,1;
276,1300;275,1299;1419,1;
277,1301;276,1300;842,1;
278,1302;277,1301;298,1;
279,1303;278,1302;1029,1;
280,1304;279,1303;917,1;
281,1305;280,1304;616,1;
282,1306;281,1305;66,1;
283,1307;282,1306;199,1;
284,1308;283,1307;827,1;
285,1309;284,1308;316,1;
286,1310;285,1309;150,1;
287,1311;286,1310;1318,1;
288,1312;287,1311;945,1;
289,1313;288,1312;933,1;
290,1314;289,1313;841,1;
291,1315;290,1314;1243,1;
292,1316;291,1315;192,1;
293,1317;292,1316;565,1;
294,1318;293,1317;1039,1;
295,1319;294,1318;464,1;
296,1320;295,1319;1460,1;
297,1321;296,1320;674,1;
298,1322;297,1321;859,1;
299,1323;298,1322;638,1;
300,1324;299,1323;1219,1;
301,1325;300,1324;238,1;
302,1326;301,1325;6,1;
303,1327;302,1326;480,1;
304,1328;303,1327;1014,1;
305,1329;304,1328;904,1;
306,1330;305,1329;1038,1;
307,1331;306,1330;570,1;
308,1332;307,1331;767,1;
309,1333;308,1332;1213,1;
310,1334;309,1333;1465,1;
311,1335;310,1334;544,1;
312,1336;311,1335;448,1;
313,1337;312,1336;113,1;
314,1338;313,1337;338,1;
315,1339;314,1338;160,1;
316,1340;315,1339;681,1;
317,1341;316,1340;1110,1;
318,1342;317,1341;1184,1;
319,1343;318,1342;867,1;
320,1344;319,1343;698,1;
321,1345;320,1344;1107,1;
322,1346;321,1345;1032,1;
323,1347;322,1346;1246,1;
324,1348;323,1347;175,1;
325,1349;324,1348;610,1;
326,1350;325,1349;1295,1;
327,1351;326,1350;1494,1;
328,1352;327,1351;62,1;
329,1353;328,1352;1353,1;
330,1354;329,1353;944,1;
2,2;1594,1;504,1;
3,3;2,2;143,1;
4,4;3,3;1331,1;
5,5;4,4;1113,1;
6,6;5,5;1532,1;
7,7;6,6;444,1;
8,8;7,7;695,1;
9,9;8,8;658,1;
10,10;9,9;939,1;
11,11;10,10;1333,1;
12,12;11,11;1198,1;
13,13;12,12;968,1;
14,14;13,13;795,1;
15,15;14,14;1453,1;
16,16;15,15;846,1;
17,17;16,16;1268,1;
18,18;17,17;1542,1;
19,19;18,18;1505,1;
20,20;19,19;884,1;
21,21;20,20;10,1;
22,22;21,21;1310,1;
23,23;22,22;178,1;
24,24;23,23;1187,1;
25,25;24,24;1189,1;
26,26;25,25;372,1;
27,27;26,26;1305,1;
28,28;27,27;548,1;
29,29;28,28;472,1;
30,30;29,29;940,1;
31,31;30,30;1569,1;
32,32;31,31;639,1;
33,33;32,32;905,1;
34,34;33,33;794,1;
35,35;34,34;486,1;
36,36;35,35;140,1;
37,37;36,36;109,1;
38,38;37,37;717,1;
39,39;38,38;782,1;
40,40;39,39;499,1;
41,41;40,40;173,1;
42,42;41,41;1307,1;
43,43;42,42;632,1;
44,44;43,43;830,1;
45,45;44,44;130,1;
46,46;45,45;1583,1;
47,47;46,46;1056,1;
48,48;47,47;902,1;
49,49;48,48;897,1;
50,50;49,49;676,1;
51,51;50,50;862,1;
52,52;51,51;202,1;
53,53;52,52;1340,1;
54,54;53,53;986,1;
55,55;54,54;1445,1;
56,56;55,55;69,1;
57,57;56,56;132,1;
58,58;57,57;882,1;
59,59;58,58;223,1;
60,60;59,59;222,1;
61,61;60,60;648,1;
62,62;61,61;317,1;
63,63;62,62;1297,1;
64,64;63,63;413,1;
65,65;64,64;405,1;
66,66;65,65;324,1;
67,67;66,66;1370,1;
68,68;67,67;1231,1;
69,69;68,68;1456,1;
70,70;69,69;914,1;
71,71;70,70;333,1;
72,72;71,71;449,1;
73,73;72,72;242,1;
74,74;73,73;808,1;
75,75;74,74;1351,1;
76,76;75,75;1390,1;
77,77;76,76;128,1;
78,78;77,77;1527,1;
79,79;78,78;392,1;
80,80;79,79;1215,1;
81,81;80,80;1272,1;
82,82;81,81;785,1;
83,83;82,82;63,1;
84,84;83,83;1510,1;
85,85;84,84;465,1;
86,86;85,85;744,1;
87,87;86,86;1508,1;
88,88;87,87;100,1;
89,89;88,88;518,1;
90,90;89,89;271,1;
91,91;90,90;962,1;
92,92;91,91;992,1;
93,93;92,92;42,1;
94,94;93,93;1330,1;
95,95;94,94;513,1;
96,96;95,95;336,1;
97,97;96,96;357,1;
98,98;97,97;790,1;
99,99;98,98;126,1;
100,100;99,99;1538,1;
101,101;100,100;952,1;
102,102;101,101;675,1;
103,103;102,102;1061,1;
104,104;103,103;737,1;
105,105;104,104;1026,1;
106,106;105,105;1335,1;
107,107;106,106;678,1;
108,108;107,107;250,1;
109,109;108,108;1165,1;
110,110;109,109;633,1;
111,111;110,110;1431,1;
112,112;111,111;103,1;
113,113;112,112;1204,1;
114,114;113,113;1584,1;
115,115;114,114;769,1;
116,116;115,115;1018,1;
117,117;116,116;1502,1;
118,118;117,117;1275,1;
119,119;118,118;191,1;
120,120;119,119;1235,1;
121,121;120,120;1336,1;
122,122;121,121;640,1;
123,123;122,122;1259,1;
124,124;123,123;52,1;
125,125;124,124;1509,1;
126,126;125,125;654,1;
127,127;126,126;493,1;
128,128;127,127;1206,1;
129,129;128,128;164,1;
130,130;129,129;1072,1;
131,131;130,130;1175,1;
132,132;131,131;1345,1;
133,133;132,132;1281,1;
134,134;133,133;478,1;
135,135;134,134;462,1;
136,136;135,135;291,1;
137,137;136,136;176,1;
138,138;137,137;500,1;
139,139;138,138;169,1;
140,140;139,139;985,1;
141,141;140,140;1355,1;
142,142;141,141;321,1;
143,143;142,142;823,1;
144,144;143,143;847,1;
145,145;144,144;194,1;
146,146;145,145;1226,1;
147,147;146,146;1186,1;
148,148;147,147;1121,1;
149,149;148,148;995,1;
150,150;149,149;46,1;
151,151;150,150;498,1;
152,152;151,151;856,1;
153,153;152,152;439,1;
154,154;153,153;713,1;
155,155;154,154;721,1;
156,156;155,155;281,1;
157,157;156,156;424,1;
158,158;157,157;791,1;
159,159;158,158;1096,1;
160,160;159,159;870,1;
161,161;160,160;302,1;
162,162;161,161;755,1;
163,163;162,162;800,1;
164,164;163,163;665,1;
165,165;164,164;167,1;
166,166;165,165;622,1;
167,167;166,166;604,1;
168,168;167,167;535,1;
169,169;168,168;151,1;
170,170;169,169;946,1;
171,171;170,170;1363,1;
172,172;171,171;977,1;
173,173;172,172;1033,1;
174,174;173,173;553,1;
175,175;174,174;280,1;
176,176;175,175;371,1;
177,177;176,176;680,1;
178,178;177,177;407,1;
179,179;178,178;1410,1;
180,180;179,179;1285,1;
181,181;180,180;1350,1;
182,182;181,181;289,1;
183,183;182,182;273,1;
184,184;183,183;1248,1;
185,185;184,184;1525,1;
186,186;185,185;978,1;
187,187;186,186;601,1;
188,188;187,187;1157,1;
189,189;188,188;594,1;
190,190;189,189;285,1;
191,191;190,190;1413,1;
192,192;191,191;1304,1;
193,193;192,192;653,1;
194,194;193,193;426,1;
195,195;194,194;27,1;
196,196;195,195;821,1;
197,197;196,196;1290,1;
198,198;197,197;1102,1;
199,199;198,198;1101,1;
200,200;199,199;1250,1;
201,201;200,200;543,1;
202,202;201,201;840,1;
203,203;202,202;822,1;
204,204;203,203;108,1;
205,205;204,204;1313,1;
206,206;205,205;1586,1;
207,207;206,206;430,1;
208,208;207,207;1415,1;
209,209;208,208;1228,1;
210,210;209,209;428,1;
211,211;210,210;265,1;
212,212;211,211;60,1;
213,213;212,212;1169,1;
214,214;213,213;1276,1;
215,215;214,214;1138,1;
216,216;215,215;871,1;
217,217;216,216;337,1;
218,218;217,217;12,1;
219,219;218,218;1463,1;
220,220;219,219;370,1;
221,221;220,220;929,1;
222,222;221,221;620,1;
223,223;222,222;1194,1;
224,224;223,223;141,1;
225,225;224,224;267,1;
226,226;225,225;1492,1;
227,227;226,226;1541,1;
228,228;227,227;1374,1;
229,229;228,228;335,1;
230,230;229,229;1323,1;
231,231;230,230;354,1;
232,232;231,231;1491,1;
233,233;232,232;949,1;
234,234;233,233;583,1;
235,235;234,234;1263,1;
236,236;235,235;502,1;
237,237;236,236;1063,1;
238,238;237,237;216,1;
239,239;238,238;1457,1;
240,240;239,239;397,1;
241,241;240,240;400,1;
4,2;1506,1;144,1;
6,2;1015,1;312,1;
10,3;6,2;624,1;
244,244;10,3;241,241;
246,246;4,2;244,244;
336,1600;330,1354;246,246;
