0,2;3199,1;2975,1;
1,3;0,2;1006,1;
0,4;1,3;1989,1;
1,5;0,4;2741,1;
2,6;1,5;1002,1;
3,7;2,6;1191,1;
0,8;3,7;2835,1;
1,9;0,8;2043,1;
2,10;1,9;913,1;
3,11;2,10;1629,1;
4,12;3,11;2185,1;
5,13;4,12;2077,1;
6,14;5,13;634,1;
7,15;6,14;2372,1;
0,16;7,15;2847,1;
1,17;0,16;1292,1;
2,18;1,17;919,1;
3,19;2,18;571,1;
4,20;3,19;1517,1;
5,21;4,20;1908,1;
6,22;5,21;70,1;
7,23;6,22;981,1;
8,24;7,23;2672,1;
9,25;8,24;80,1;
10,26;9,25;2925,1;
11,27;10,26;984,1;
12,28;11,27;2227,1;
13,29;12,28;1619,1;
14,30;13,29;742,1;
15,31;14,30;2328,1;
0,32;15,31;955,1;
1,33;0,32;2318,1;
2,34;1,33;524,1;
3,35;2,34;649,1;
4,36;3,35;817,1;
5,37;4,36;1885,1;
6,38;5,37;1302,1;
7,39;6,38;3175,1;
8,40;7,39;1612,1;
9,41;8,40;2309,1;
10,42;9,41;1536,1;
11,43;10,42;2321,1;
12,44;11,43;1862,1;
13,45;12,44;3011,1;
14,46;13,45;203,1;
15,47;14,46;1904,1;
16,48;15,47;999,1;
17,49;16,48;2772,1;
18,50;17,49;2574,1;
19,51;18,50;3141,1;
20,52;19,51;1468,1;
21,53;20,52;1660,1;
22,54;21,53;1556,1;
23,55;22,54;2902,1;
24,56;23,55;3030,1;
25,57;24,56;2272,1;
26,58;25,57;2194,1;
27,59;26,58;1394,1;
28,60;27,59;2012,1;
29,61;28,60;644,1;
30,62;29,61;2242,1;
31,63;30,62;1114,1;
0,64;31,63;1094,1;
1,65;0,64;260,1;
2,66;1,65;11,1;
3,67;2,66;1273,1;
4,68;3,67;2113,1;
5,69;4,68;68,1;
6,70;5,69;2900,1;
7,71;6,70;2491,1;
8,72;7,71;1741,1;
9,73;8,72;1153,1;
10,74;9,73;2339,1;
11,75;10,74;923,1;
12,76;11,75;2108,1;
13,77;12,76;209,1;
14,78;13,77;507,1;
15,79;14,78;2099,1;
16,80;15,79;2223,1;
17,81;16,80;484,1;
18,82;17,81;1137,1;
19,83;18,82;656,1;
20,84;19,83;692,1;
21,85;20,84;1144,1;
22,86;21,85;432,1;
23,87;22,86;2260,1;
24,88;23,87;1577,1;
25,89;24,88;1011,1;
26,90;25,89;1936,1;
27,91;26,90;799,1;
28,92;27,91;1046,1;
29,93;28,92;153,1;
30,94;29,93;1805,1;
31,95;30,94;514,1;
32,96;31,95;2988,1;
33,97;32,96;2388,1;
34,98;33,97;1301,1;
35,99;34,98;2859,1;
36,100;35,99;1855,1;
37,101;36,100;1379,1;
38,102;37,101;2315,1;
39,103;38,102;2389,1;
40,104;39,103;2136,1;
41,105;40,104;2200,1;
42,106;41,105;1384,1;
43,107;42,106;877,1;
44,108;43,107;2343,1;
45,109;44,108;512,1;
46,110;45,109;723,1;
47,111;46,110;2600,1;
48,112;47,111;1971,1;
49,113;48,112;1400,1;
50,114;49,113;647,1;
51,115;50,114;1253,1;
52,116;51,115;1937,1;
53,117;52,116;2728,1;
54,118;53,117;2801,1;
55,119;54,118;1470,1;
56,120;55,119;2631,1;
57,121;56,120;3040,1;
58,122;57,121;2380,1;
59,123;58,122;2487,1;
60,124;59,123;1166,1;
61,125;60,124;770,1;
62,126;61,125;2569,1;
63,127;62,126;2621,1;
0,128;63,127;1160,1;
1,129;0,128;1853,1;
2,130;1,129;2267,1;
3,131;2,130;1810,1;
4,132;3,131;631,1;
5,133;4,132;1342,1;
6,134;5,133;37,1;
7,135;6,134;1830,1;
8,136;7,135;447,1;
9,137;8,136;906,1;
10,138;9,137;1983,1;
11,139;10,138;2363,1;
12,140;11,139;3112,1;
13,141;12,140;2572,1;
14,142;13,141;3028,1;
15,143;14,142;2091,1;
16,144;15,143;2039,1;
17,145;16,144;2023,1;
18,146;17,145;196,1;
19,147;18,146;1865,1;
20,148;19,147;557,1;
21,149;20,148;503,1;
22,150;21,149;2188,1;
23,151;22,150;1923,1;
24,152;23,151;2554,1;
25,153;24,152;763,1;
26,154;25,153;2920,1;
27,155;26,154;731,1;
28,156;27,155;1070,1;
29,157;28,156;443,1;
30,158;29,157;2266,1;
31,159;30,158;3177,1;
32,160;31,159;2030,1;
33,161;32,160;510,1;
34,162;33,161;471,1;
35,163;34,162;366,1;
36,164;35,163;1126,1;
37,165;36,164;907,1;
38,166;37,165;1898,1;
39,167;38,166;1172,1;
40,168;39,167;2406,1;
41,169;40,168;1891,1;
42,170;41,169;845,1;
43,171;42,170;2558,1;
44,172;43,171;2196,1;
45,173;44,172;2410,1;
46,174;45,173;3196,1;
47,175;46,174;2425,1;
48,176;47,175;700,1;
49,177;48,176;729,1;
50,178;49,177;818,1;
51,179;50,178;1672,1;
52,180;51,179;2994,1;
53,181;52,180;2622,1;
54,182;53,181;1847,1;
55,183;54,182;2289,1;
56,184;55,183;16,1;
57,185;56,184;2110,1;
58,186;57,185;2381,1;
59,187;58,186;1163,1;
60,188;59,187;1389,1;
61,189;60,188;1368,1;
62,190;61,189;1214,1;
63,191;62,190;2553,1;
64,192;63,191;1303,1;
65,193;64,192;673,1;
66,194;65,193;322,1;
67,195;66,194;591,1;
68,196;67,195;3101,1;
69,197;68,196;1980,1;
70,198;69,197;786,1;
71,199;70,198;2711,1;
72,200;71,199;2019,1;
73,201;72,200;2916,1;
74,202;73,201;1998,1;
75,203;74,202;2581,1;
76,204;75,203;1220,1;
77,205;76,204;1147,1;
78,206;77,205;1293,1;
79,207;78,206;2717,1;
80,208;79,207;582,1;
81,209;80,208;1199,1;
82,210;81,209;1530,1;
83,211;82,210;852,1;
84,212;83,211;866,1;
85,213;84,212;545,1;
86,214;85,213;86,1;
87,215;86,214;623,1;
88,216;87,215;39,1;
89,217;88,216;2713,1;
90,218;89,217;983,1;
91,219;90,218;563,1;
92,220;91,219;1748,1;
93,221;92,220;2815,1;
94,222;93,221;1427,1;
95,223;94,222;215,1;
96,224;95,223;2888,1;
97,225;96,224;2788,1;
98,226;97,225;93,1;
99,227;98,226;2068,1;
100,228;99,227;1711,1;
101,229;100,228;1408,1;
102,230;101,229;529,1;
103,231;102,230;1383,1;
104,232;103,231;2727,1;
105,233;104,232;1954,1;
106,234;105,233;798,1;
107,235;106,234;2087,1;
108,236;107,235;2444,1;
109,237;108,236;3157,1;
110,238;109,237;1669,1;
111,239;110,238;558,1;
112,240;111,239;3024,1;
113,241;112,240;853,1;
114,242;113,241;2825,1;
115,243;114,242;2586,1;
116,244;115,243;2509,1;
117,245;116,244;3137,1;
118,246;117,245;446,1;
119,247;118,246;1790,1;
120,248;119,247;2641,1;
121,249;120,248;747,1;
122,250;121,249;2345,1;
123,251;122,250;1278,1;
124,252;123,251;3123,1;
125,253;124,252;123,1;
126,254;125,253;1497,1;
127,255;126,254;28,1;
0,256;127,255;2785,1;
1,257;0,256;750,1;
2,258;1,257;1247,1;
3,259;2,258;670,1;
4,260;3,259;2240,1;
5,261;4,260;1299,1;
6,262;5,261;1093,1;
7,263;6,262;2476,1;
8,264;7,263;51,1;
9,265;8,264;303,1;
10,266;9,265;2065,1;
11,267;10,266;1761,1;
12,268;11,267;2489,1;
13,269;12,268;3010,1;
14,270;13,269;1668,1;
15,271;14,270;1073,1;
16,272;15,271;1864,1;
17,273;16,272;1182,1;
18,274;17,273;2818,1;
19,275;18,274;2710,1;
20,276;19,275;2928,1;
21,277;20,276;2644,1;
22,278;21,277;1376,1;
23,279;22,278;1106,1;
24,280;23,279;1565,1;
25,281;24,280;2222,1;
26,282;25,281;226,1;
27,283;26,282;1726,1;
28,284;27,283;145,1;
29,285;28,284;1762,1;
30,286;29,285;627,1;
31,287;30,286;2767,1;
32,288;31,287;1756,1;
33,289;32,288;967,1;
34,290;33,289;724,1;
35,291;34,290;2027,1;
36,292;35,291;2409,1;
37,293;36,292;2831,1;
38,294;37,293;1393,1;
39,295;38,294;1203,1;
40,296;39,295;1826,1;
41,297;40,296;2855,1;
42,298;41,297;2733,1;
43,299;42,298;2211,1;
44,300;43,299;1691,1;
45,301;44,300;13,1;
46,302;45,301;2640,1;
47,303;46,302;1867,1;
48,304;47,303;1504,1;
49,305;48,304;650,1;
50,306;49,305;1420,1;
51,307;50,306;2,1;
52,308;51,307;1609,1;
53,309;52,308;2157,1;
54,310;53,309;437,1;
55,311;54,310;2103,1;
56,312;55,311;2349,1;
57,313;56,312;1314,1;
58,314;57,313;3114,1;
59,315;58,314;3126,1;
60,316;59,315;696,1;
61,317;60,316;300,1;
62,318;61,317;920,1;
63,319;62,318;1499,1;
64,320;63,319;491,1;
65,321;64,320;2912,1;
66,322;65,321;248,1;
67,323;66,322;1516,1;
68,324;67,323;494,1;
69,325;68,324;1750,1;
70,326;69,325;1076,1;
71,327;70,326;1319,1;
72,328;71,327;2612,1;
73,329;72,328;2547,1;
74,330;73,329;81,1;
75,331;74,330;1622,1;
76,332;75,331;1388,1;
77,333;76,332;509,1;
78,334;77,333;1553,1;
79,335;78,334;1130,1;
80,336;79,335;3144,1;
81,337;80,336;2793,1;
82,338;81,337;2842,1;
83,339;82,338;3161,1;
84,340;83,339;1879,1;
85,341;84,340;618,1;
86,342;85,341;1066,1;
87,343;86,342;1322,1;
88,344;87,343;254,1;
89,345;88,344;297,1;
90,346;89,345;101,1;
91,347;90,346;2845,1;
92,348;91,347;1049,1;
93,349;92,348;1174,1;
94,350;93,349;1896,1;
95,351;94,350;2660,1;
96,352;95,351;251,1;
97,353;96,352;2217,1;
98,354;97,353;1721,1;
99,355;98,354;1600,1;
100,356;99,355;963,1;
101,357;100,356;2453,1;
102,358;101,357;2275,1;
103,359;102,358;2729,1;
104,360;103,359;659,1;
105,361;104,360;1488,1;
106,362;105,361;730,1;
107,363;106,362;2183,1;
108,364;107,363;876,1;
109,365;108,364;1795,1;
110,366;109,365;521,1;
111,367;110,366;1776,1;
112,368;111,367;1087,1;
113,369;112,368;1054,1;
114,370;113,369;728,1;
115,371;114,370;467,1;
116,372;115,371;183,1;
117,373;116,372;612,1;
118,374;117,373;1261,1;
119,375;118,374;377,1;
120,376;119,375;2637,1;
121,377;120,376;2239,1;
122,378;121,377;1424,1;
123,379;122,378;2910,1;
124,380;123,379;427,1;
125,381;124,380;2838,1;
126,382;125,381;1354,1;
127,383;126,382;2465,1;
128,384;127,383;2419,1;
129,385;128,384;1411,1;
130,386;129,385;2038,1;
131,387;130,386;1062,1;
132,388;131,387;152,1;
133,389;132,388;184,1;
134,390;133,389;2782,1;
135,391;134,390;3000,1;
136,392;135,391;182,1;
137,393;136,392;2834,1;
138,394;137,393;2225,1;
139,395;138,394;1004,1;
140,396;139,395;2724,1;
141,397;140,396;2744,1;
142,398;141,397;1737,1;
143,399;142,398;2891,1;
144,400;143,399;802,1;
145,401;144,400;1042,1;
146,402;145,401;2840,1;
147,403;146,402;299,1;
148,404;147,403;2353,1;
149,405;148,404;2687,1;
150,406;149,405;2813,1;
151,407;150,406;3089,1;
152,408;151,407;542,1;
153,409;152,408;836,1;
154,410;153,409;658,1;
155,411;154,410;898,1;
156,412;155,411;319,1;
157,413;156,412;1688,1;
158,414;157,413;1844,1;
159,415;158,414;1443,1;
160,416;159,415;2423,1;
161,417;160,416;1080,1;
162,418;161,417;764,1;
163,419;162,418;2593,1;
164,420;163,419;2017,1;
165,421;164,420;1880,1;
166,422;165,421;811,1;
167,423;166,422;301,1;
168,424;167,423;1366,1;
169,425;168,424;779,1;
170,426;169,425;343,1;
171,427;170,426;294,1;
172,428;171,427;2828,1;
173,429;172,428;2145,1;
174,430;173,429;2633,1;
175,431;174,430;2008,1;
176,432;175,431;228,1;
177,433;176,432;455,1;
178,434;177,433;806,1;
179,435;178,434;2377,1;
180,436;179,435;33,1;
181,437;180,436;505,1;
182,438;181,437;2682,1;
183,439;182,438;749,1;
184,440;183,439;2057,1;
185,441;184,440;170,1;
186,442;185,441;2940,1;
187,443;186,442;528,1;
188,444;187,443;460,1;
189,445;188,444;2830,1;
190,446;189,445;1858,1;
191,447;190,446;2742,1;
192,448;191,447;3059,1;
193,449;192,448;2662,1;
194,450;193,449;2719,1;
195,451;194,450;163,1;
196,452;195,451;1852,1;
197,453;196,452;125,1;
198,454;197,453;159,1;
199,455;198,454;2013,1;
200,456;199,455;1485,1;
201,457;200,456;403,1;
202,458;201,457;1897,1;
203,459;202,458;1696,1;
204,460;203,459;2286,1;
205,461;204,460;1088,1;
206,462;205,461;1392,1;
207,463;206,462;890,1;
208,464;207,463;2334,1;
209,465;208,464;2751,1;
210,466;209,465;147,1;
211,467;210,466;1851,1;
212,468;211,467;3099,1;
213,469;212,468;1889,1;
214,470;213,469;1127,1;
215,471;214,470;2257,1;
216,472;215,471;2628,1;
217,473;216,472;1662,1;
218,474;217,473;1920,1;
219,475;218,474;943,1;
220,476;219,475;2120,1;
221,477;220,476;2463,1;
222,478;221,477;1466,1;
223,479;222,478;2536,1;
224,480;223,479;1119,1;
225,481;224,480;1621,1;
226,482;225,481;579,1;
227,483;226,482;2140,1;
228,484;227,483;1089,1;
229,485;228,484;957,1;
230,486;229,485;1581,1;
231,487;230,486;416,1;
232,488;231,487;682,1;
233,489;232,488;3167,1;
234,490;233,489;1664,1;
235,491;234,490;1515,1;
236,492;235,491;593,1;
237,493;236,492;1402,1;
238,494;237,493;329,1;
239,495;238,494;1765,1;
240,496;239,495;161,1;
241,497;240,496;863,1;
242,498;241,497;1277,1;
243,499;242,498;3051,1;
244,500;243,499;2518,1;
245,501;244,500;2527,1;
246,502;245,501;1524,1;
247,503;246,502;2909,1;
248,504;247,503;2748,1;
249,505;248,504;2810,1;
250,506;249,505;3006,1;
251,507;250,506;311,1;
252,508;251,507;1728,1;
253,509;252,508;1686,1;
254,510;253,509;1695,1;
255,511;254,510;1693,1;
0,512;255,511;2858,1;
1,513;0,512;135,1;
2,514;1,513;888,1;
3,515;2,514;2602,1;
4,516;3,515;2771,1;
5,517;4,516;102,1;
6,518;5,517;1597,1;
7,519;6,518;361,1;
8,520;7,519;1777,1;
9,521;8,520;1699,1;
10,522;9,521;96,1;
11,523;10,522;373,1;
12,524;11,523;1104,1;
13,525;12,524;490,1;
14,526;13,525;2393,1;
15,527;14,526;2907,1;
16,528;15,527;685,1;
17,529;16,528;349,1;
18,530;17,529;2192,1;
19,531;18,530;1770,1;
20,532;19,531;1676,1;
21,533;20,532;442,1;
22,534;21,533;2652,1;
23,535;22,534;608,1;
24,536;23,535;2749,1;
25,537;24,536;2122,1;
26,538;25,537;3134,1;
27,539;26,538;2998,1;
28,540;27,539;1818,1;
29,541;28,540;787,1;
30,542;29,541;2759,1;
31,543;30,542;825,1;
32,544;31,543;410,1;
33,545;32,544;1358,1;
34,546;33,545;2777,1;
35,547;34,546;208,1;
36,548;35,547;2203,1;
37,549;36,548;2422,1;
38,550;37,549;924,1;
39,551;38,550;1544,1;
40,552;39,551;43,1;
41,553;40,552;1344,1;
42,554;41,553;581,1;
43,555;42,554;1459,1;
44,556;43,555;466,1;
45,557;44,556;378,1;
46,558;45,557;2032,1;
47,559;46,558;253,1;
48,560;47,559;2496,1;
49,561;48,560;1229,1;
50,562;49,561;1929,1;
51,563;50,562;2613,1;
52,564;51,563;2655,1;
53,565;52,564;1432,1;
54,566;53,565;2880,1;
55,567;54,566;941,1;
56,568;55,567;2204,1;
57,569;56,568;2552,1;
58,570;57,569;719,1;
59,571;58,570;2187,1;
60,572;59,571;1601,1;
61,573;60,572;2645,1;
62,574;61,573;771,1;
63,575;62,574;2794,1;
64,576;63,575;3033,1;
65,577;64,576;3121,1;
66,578;65,577;2879,1;
67,579;66,578;2460,1;
68,580;67,579;404,1;
69,581;68,580;2610,1;
70,582;69,581;1237,1;
71,583;70,582;1417,1;
72,584;71,583;1606,1;
73,585;72,584;996,1;
74,586;73,585;1642,1;
75,587;74,586;2517,1;
76,588;75,587;1635,1;
77,589;76,588;15,1;
78,590;77,589;1666,1;
79,591;78,590;2548,1;
80,592;79,591;697,1;
81,593;80,592;1702,1;
82,594;81,593;2215,1;
83,595;82,594;227,1;
84,596;83,595;1407,1;
85,597;84,596;384,1;
86,598;85,597;365,1;
87,599;86,598;1625,1;
88,600;87,599;127,1;
89,601;88,600;3002,1;
90,602;89,601;3113,1;
91,603;90,602;2036,1;
92,604;91,603;1298,1;
93,605;92,604;922,1;
94,606;93,605;1940,1;
95,607;94,606;386,1;
96,608;95,607;2760,1;
97,609;96,608;1912,1;
98,610;97,609;2490,1;
99,611;98,610;2950,1;
100,612;99,611;2811,1;
101,613;100,612;121,1;
102,614;101,613;2537,1;
103,615;102,614;54,1;
104,616;103,615;885,1;
105,617;104,616;1332,1;
106,618;105,617;2447,1;
107,619;106,618;453,1;
108,620;107,619;2573,1;
109,621;108,620;2176,1;
110,622;109,621;702,1;
111,623;110,622;2226,1;
112,624;111,623;1997,1;
113,625;112,624;2119,1;
114,626;113,625;422,1;
115,627;114,626;2977,1;
116,628;115,627;2960,1;
117,629;116,628;1071,1;
118,630;117,629;1732,1;
119,631;118,630;625,1;
120,632;119,631;1312,1;
121,633;120,632;2707,1;
122,634;121,633;1308,1;
123,635;122,634;1574,1;
124,636;123,635;2653,1;
125,637;124,636;2677,1;
126,638;125,637;482,1;
127,639;126,638;1444,1;
128,640;127,639;1785,1;
129,641;128,640;56,1;
130,642;129,641;810,1;
131,643;130,642;1659,1;
132,644;131,643;527,1;
133,645;132,644;1279,1;
134,646;133,645;2248,1;
135,647;134,646;21,1;
136,648;135,647;1476,1;
137,649;136,648;1716,1;
138,650;137,649;893,1;
139,651;138,650;3151,1;
140,652;139,651;1211,1;
141,653;140,652;1092,1;
142,654;141,653;2174,1;
143,655;142,654;3082,1;
144,656;143,655;2890,1;
145,657;144,656;2106,1;
146,658;145,657;732,1;
147,659;146,658;657,1;
148,660;147,659;1086,1;
149,661;148,660;1365,1;
150,662;149,661;290,1;
151,663;150,662;526,1;
152,664;151,663;2725,1;
153,665;152,664;2964,1;
154,666;153,665;1079,1;
155,667;154,666;3193,1;
156,668;155,667;2929,1;
157,669;156,668;268,1;
158,670;157,669;3191,1;
159,671;158,670;3081,1;
160,672;159,671;325,1;
161,673;160,672;1271,1;
162,674;161,673;3130,1;
163,675;162,674;915,1;
164,676;163,675;705,1;
165,677;164,676;1927,1;
166,678;165,677;2860,1;
167,679;166,678;1718,1;
168,680;167,679;2270,1;
169,681;168,680;2325,1;
170,682;169,681;718,1;
171,683;170,682;1802,1;
172,684;171,683;3189,1;
173,685;172,684;1202,1;
174,686;173,685;2464,1;
175,687;174,686;2295,1;
176,688;175,687;2714,1;
177,689;176,688;330,1;
178,690;177,689;960,1;
179,691;178,690;393,1;
180,692;179,691;1849,1;
181,693;180,692;1398,1;
182,694;181,693;2955,1;
183,695;182,694;2506,1;
184,696;183,695;445,1;
185,697;184,696;1899,1;
186,698;185,697;1095,1;
187,699;186,698;2685,1;
188,700;187,699;1129,1;
189,701;188,700;463,1;
190,702;189,701;1809,1;
191,703;190,702;2762,1;
192,704;191,703;2583,1;
193,705;192,704;2180,1;
194,706;193,705;252,1;
195,707;194,706;3023,1;
196,708;195,707;1475,1;
197,709;196,708;1671,1;
198,710;197,709;362,1;
199,711;198,710;2440,1;
200,712;199,711;2761,1;
201,713;200,712;1630,1;
202,714;201,713;2079,1;
203,715;202,714;30,1;
204,716;203,715;308,1;
205,717;204,716;908,1;
206,718;205,717;1535,1;
207,719;206,718;1687,1;
208,720;207,719;305,1;
209,721;208,720;1975,1;
210,722;209,721;1133,1;
211,723;210,722;1610,1;
212,724;211,723;398,1;
213,725;212,724;1256,1;
214,726;213,725;3117,1;
215,727;214,726;1481,1;
216,728;215,727;1578,1;
217,729;216,728;2893,1;
218,730;217,729;129,1;
219,731;218,730;2787,1;
220,732;219,731;82,1;
221,733;220,732;2971,1;
222,734;221,733;643,1;
223,735;222,734;1097,1;
224,736;223,735;1123,1;
225,737;224,736;1327,1;
226,738;225,737;971,1;
227,739;226,738;187,1;
228,740;227,739;3039,1;
229,741;228,740;2411,1;
230,742;229,741;1422,1;
231,743;230,742;3091,1;
232,744;231,743;2095,1;
233,745;232,744;1812,1;
234,746;233,745;2919,1;
235,747;234,746;1325,1;
236,748;235,747;2034,1;
237,749;236,748;419,1;
238,750;237,749;1075,1;
239,751;238,750;247,1;
240,752;239,751;1787,1;
241,753;240,752;858,1;
242,754;241,753;1069,1;
243,755;242,754;1742,1;
244,756;243,755;2438,1;
245,757;244,756;2427,1;
246,758;245,757;1594,1;
247,759;246,758;2582,1;
248,760;247,759;575,1;
249,761;248,760;760,1;
250,762;249,761;1576,1;
251,763;250,762;1539,1;
252,764;251,763;1520,1;
253,765;252,764;706,1;
254,766;253,765;2588,1;
255,767;254,766;2768,1;
256,768;255,767;2663,1;
257,769;256,768;1882,1;
258,770;257,769;2853,1;
259,771;258,770;2179,1;
260,772;259,771;2115,1;
261,773;260,772;2445,1;
262,774;261,773;1239,1;
263,775;262,774;2307,1;
264,776;263,775;105,1;
265,777;264,776;783,1;
266,778;265,777;3124,1;
267,779;266,778;1100,1;
268,780;267,779;739,1;
269,781;268,780;2404,1;
270,782;269,781;2599,1;
271,783;270,782;751,1;
272,784;271,783;197,1;
273,785;272,784;3045,1;
274,786;273,785;2551,1;
275,787;274,786;436,1;
276,788;275,787;1514,1;
277,789;276,788;3066,1;
278,790;277,789;1359,1;
279,791;278,790;1151,1;
280,792;279,791;1627,1;
281,793;280,792;948,1;
282,794;281,793;2690,1;
283,795;282,794;3170,1;
284,796;283,795;1900,1;
285,797;284,796;1757,1;
286,798;285,797;2747,1;
287,799;286,798;2475,1;
288,800;287,799;91,1;
289,801;288,800;972,1;
290,802;289,801;2221,1;
291,803;290,802;31,1;
292,804;291,803;231,1;
293,805;292,804;475,1;
294,806;293,805;2913,1;
295,807;294,806;953,1;
296,808;295,807;899,1;
297,809;296,808;1884,1;
298,810;297,809;865,1;
299,811;298,810;2798,1;
300,812;299,811;843,1;
301,813;300,812;158,1;
302,814;301,813;246,1;
303,815;302,814;2507,1;
304,816;303,815;2791,1;
305,817;304,816;2993,1;
306,818;305,817;3036,1;
307,819;306,818;2732,1;
308,820;307,819;1266,1;
309,821;308,820;761,1;
310,822;309,821;210,1;
311,823;310,822;777,1;
312,824;311,823;2679,1;
313,825;312,824;3053,1;
314,826;313,825;3092,1;
315,827;314,826;2229,1;
316,828;315,827;757,1;
317,829;316,828;2519,1;
318,830;317,829;2822,1;
319,831;318,830;2800,1;
320,832;319,831;533,1;
321,833;320,832;2726,1;
322,834;321,833;368,1;
323,835;322,834;2968,1;
324,836;323,835;2365,1;
325,837;324,836;2484,1;
326,838;325,837;2214,1;
327,839;326,838;2873,1;
328,840;327,839;2367,1;
329,841;328,840;1995,1;
330,842;329,841;3168,1;
331,843;330,842;2035,1;
332,844;331,843;1306,1;
333,845;332,844;461,1;
334,846;333,845;590,1;
335,847;334,846;1173,1;
336,848;335,847;642,1;
337,849;336,848;2271,1;
338,850;337,849;875,1;
339,851;338,850;2692,1;
340,852;339,851;36,1;
341,853;340,852;2256,1;
342,854;341,853;2614,1;
343,855;342,854;2555,1;
344,856;343,855;261,1;
345,857;344,856;1461,1;
346,858;345,857;980,1;
347,859;346,858;2093,1;
348,860;347,859;1035,1;
349,861;348,860;1238,1;
350,862;349,861;691,1;
351,863;350,862;177,1;
352,864;351,863;423,1;
353,865;352,864;1656,1;
354,866;353,865;1924,1;
355,867;354,866;3146,1;
356,868;355,867;2765,1;
357,869;356,868;2689,1;
358,870;357,869;1595,1;
359,871;358,870;1773,1;
360,872;359,871;1367,1;
361,873;360,872;2362,1;
362,874;361,873;997,1;
363,875;362,874;1916,1;
364,876;363,875;1195,1;
365,877;364,876;2734,1;
366,878;365,877;67,1;
367,879;366,878;217,1;
368,880;367,879;541,1;
369,881;368,880;2773,1;
370,882;369,881;768,1;
371,883;370,882;2175,1;
372,884;371,883;1758,1;
373,885;372,884;351,1;
374,886;373,885;139,1;
375,887;374,886;1549,1;
376,888;375,887;990,1;
377,889;376,888;458,1;
378,890;377,889;20,1;
379,891;378,890;1024,1;
380,892;379,891;878,1;
381,893;380,892;341,1;
382,894;381,893;2887,1;
383,895;382,894;2249,1;
384,896;383,895;2861,1;
385,897;384,896;1300,1;
386,898;385,897;2164,1;
387,899;386,898;2545,1;
388,900;387,899;726,1;
389,901;388,900;506,1;
390,902;389,901;564,1;
391,903;390,902;2995,1;
392,904;391,903;17,1;
393,905;392,904;864,1;
394,906;393,905;1255,1;
395,907;394,906;2784,1;
396,908;395,907;412,1;
397,909;396,908;193,1;
398,910;397,909;2186,1;
399,911;398,910;2875,1;
400,912;399,911;1978,1;
401,913;400,912;1406,1;
402,914;401,913;2216,1;
403,915;402,914;3166,1;
404,916;403,915;2948,1;
405,917;404,916;1673,1;
406,918;405,917;2877,1;
407,919;406,918;77,1;
408,920;407,919;2946,1;
409,921;408,920;819,1;
410,922;409,921;2735,1;
411,923;410,922;2407,1;
412,924;411,923;2656,1;
413,925;412,924;1939,1;
414,926;413,925;276,1;
415,927;414,926;1710,1;
416,928;415,927;2210,1;
417,929;416,928;1451,1;
418,930;417,929;1933,1;
419,931;418,930;1236,1;
420,932;419,931;2549,1;
421,933;420,932;2104,1;
422,934;421,933;1511,1;
423,935;422,934;900,1;
424,936;423,935;2156,1;
425,937;424,936;2054,1;
426,938;425,937;2241,1;
427,939;426,938;2941,1;
428,940;427,939;704,1;
429,941;428,940;1031,1;
430,942;429,941;824,1;
431,943;430,942;3164,1;
432,944;431,943;1717,1;
433,945;432,944;1207,1;
434,946;433,945;561,1;
435,947;434,946;2208,1;
436,948;435,947;617,1;
437,949;436,948;2495,1;
438,950;437,949;1533,1;
439,951;438,950;2550,1;
440,952;439,951;1526,1;
441,953;440,952;2322,1;
442,954;441,953;2450,1;
443,955;442,954;2721,1;
444,956;443,955;1346,1;
445,957;444,956;2291,1;
446,958;445,957;3135,1;
447,959;446,958;1546,1;
448,960;447,959;2674,1;
449,961;448,960;258,1;
450,962;449,961;1234,1;
451,963;450,962;1439,1;
452,964;451,963;3029,1;
453,965;452,964;3095,1;
454,966;453,965;2375,1;
455,967;454,966;411,1;
456,968;455,967;2303,1;
457,969;456,968;1197,1;
458,970;457,969;577,1;
459,971;458,970;2213,1;
460,972;459,971;1602,1;
461,973;460,972;331,1;
462,974;461,973;2954,1;
463,975;462,974;304,1;
464,976;463,975;1391,1;
465,977;464,976;1001,1;
466,978;465,977;1176,1;
467,979;466,978;2697,1;
468,980;467,979;1124,1;
469,981;468,980;2177,1;
470,982;469,981;1684,1;
471,983;470,982;2144,1;
472,984;471,983;2088,1;
473,985;472,984;959,1;
474,986;473,985;1447,1;
475,987;474,986;2338,1;
476,988;475,987;2107,1;
477,989;476,988;2513,1;
478,990;477,989;3054,1;
479,991;478,990;988,1;
480,992;479,991;38,1;
481,993;480,992;3194,1;
482,994;481,993;72,1;
483,995;482,994;476,1;
484,996;483,995;1981,1;
485,997;484,996;671,1;
486,998;485,997;3065,1;
487,999;486,998;2069,1;
488,1000;487,999;2947,1;
489,1001;488,1000;1185,1;
490,1002;489,1001;2237,1;
491,1003;490,1002;2474,1;
492,1004;491,1003;9,1;
493,1005;492,1004;1397,1;
494,1006;493,1005;1382,1;
495,1007;494,1006;259,1;
496,1008;495,1007;1681,1;
497,1009;496,1008;1957,1;
498,1010;497,1009;1819,1;
499,1011;498,1010;2897,1;
500,1012;499,1011;784,1;
501,1013;500,1012;71,1;
502,1014;501,1013;1616,1;
503,1015;502,1014;417,1;
504,1016;503,1015;2871,1;
505,1017;504,1016;1551,1;
506,1018;505,1017;2739,1;
507,1019;506,1018;3100,1;
508,1020;507,1019;23,1;
509,1021;508,1020;2648,1;
510,1022;509,1021;586,1;
511,1023;510,1022;756,1;
0,1024;511,1023;1361,1;
1,1025;0,1024;2056,1;
2,1026;1,1025;2731,1;
3,1027;2,1026;2996,1;
4,1028;3,1027;3131,1;
5,1029;4,1028;2373,1;
6,1030;5,1029;765,1;
7,1031;6,1030;90,1;
8,1032;7,1031;1878,1;
9,1033;8,1032;2752,1;
10,1034;9,1033;921,1;
11,1035;10,1034;1188,1;
12,1036;11,1035;3021,1;
13,1037;12,1036;517,1;
14,1038;13,1037;1788,1;
15,1039;14,1038;2397,1;
16,1040;15,1039;2058,1;
17,1041;16,1040;881,1;
18,1042;17,1041;2456,1;
19,1043;18,1042;440,1;
20,1044;19,1043;1661,1;
21,1045;20,1044;1868,1;
22,1046;21,1045;213,1;
23,1047;22,1046;2167,1;
24,1048;23,1047;2852,1;
25,1049;24,1048;2018,1;
26,1050;25,1049;934,1;
27,1051;26,1050;2632,1;
28,1052;27,1051;745,1;
29,1053;28,1052;2885,1;
30,1054;29,1053;1435,1;
31,1055;30,1054;2112,1;
32,1056;31,1055;3104,1;
33,1057;32,1056;342,1;
34,1058;33,1057;282,1;
35,1059;34,1058;910,1;
36,1060;35,1059;1328,1;
37,1061;36,1060;266,1;
38,1062;37,1061;2443,1;
39,1063;38,1062;1242,1;
40,1064;39,1063;2580,1;
41,1065;40,1064;1209,1;
42,1066;41,1065;743,1;
43,1067;42,1066;2705,1;
44,1068;43,1067;382,1;
45,1069;44,1068;206,1;
46,1070;45,1069;1796,1;
47,1071;46,1070;245,1;
48,1072;47,1071;1347,1;
49,1073;48,1072;2075,1;
50,1074;49,1073;1797,1;
51,1075;50,1074;2709,1;
52,1076;51,1075;2723,1;
53,1077;52,1076;2619,1;
54,1078;53,1077;2408,1;
55,1079;54,1078;3047,1;
56,1080;55,1079;603,1;
57,1081;56,1080;3109,1;
58,1082;57,1081;851,1;
59,1083;58,1082;552,1;
60,1084;59,1083;26,1;
61,1085;60,1084;1640,1;
62,1086;61,1085;2595,1;
63,1087;62,1086;2050,1;
64,1088;63,1087;2745,1;
65,1089;64,1088;741,1;
66,1090;65,1089;1677,1;
67,1091;66,1090;3153,1;
68,1092;67,1091;395,1;
69,1093;68,1092;1177,1;
70,1094;69,1093;1386,1;
71,1095;70,1094;2970,1;
72,1096;71,1095;1840,1;
73,1097;72,1096;2118,1;
74,1098;73,1097;2173,1;
75,1099;74,1098;211,1;
76,1100;75,1099;688,1;
77,1101;76,1100;189,1;
78,1102;77,1101;1605,1;
79,1103;78,1102;1412,1;
80,1104;79,1103;1472,1;
81,1105;80,1104;690,1;
82,1106;81,1105;1874,1;
83,1107;82,1106;1190,1;
84,1108;83,1107;3073,1;
85,1109;84,1108;2066,1;
86,1110;85,1109;328,1;
87,1111;86,1110;332,1;
88,1112;87,1111;133,1;
89,1113;88,1112;207,1;
90,1114;89,1113;2944,1;
91,1115;90,1114;3139,1;
92,1116;91,1115;87,1;
93,1117;92,1116;2274,1;
94,1118;93,1117;609,1;
95,1119;94,1118;2351,1;
96,1120;95,1119;162,1;
97,1121;96,1120;1057,1;
98,1122;97,1121;1326,1;
99,1123;98,1122;2244,1;
100,1124;99,1123;2061,1;
101,1125;100,1124;3079,1;
102,1126;101,1125;1564,1;
103,1127;102,1126;549,1;
104,1128;103,1127;668,1;
105,1129;104,1128;961,1;
106,1130;105,1129;2730,1;
107,1131;106,1130;497,1;
108,1132;107,1131;1025,1;
109,1133;108,1132;1118,1;
110,1134;109,1133;966,1;
111,1135;110,1134;2812,1;
112,1136;111,1135;1385,1;
113,1137;112,1136;2501,1;
114,1138;113,1137;715,1;
115,1139;114,1138;2521,1;
116,1140;115,1139;2930,1;
117,1141;116,1140;2681,1;
118,1142;117,1141;2520,1;
119,1143;118,1142;1793,1;
120,1144;119,1143;1316,1;
121,1145;120,1144;376,1;
122,1146;121,1145;722,1;
123,1147;122,1146;2523,1;
124,1148;123,1147;2770,1;
125,1149;124,1148;848,1;
126,1150;125,1149;256,1;
127,1151;126,1150;1496,1;
128,1152;127,1151;1738,1;
129,1153;128,1152;221,1;
130,1154;129,1153;1289,1;
131,1155;130,1154;2526,1;
132,1156;131,1155;1036,1;
133,1157;132,1156;275,1;
134,1158;133,1157;104,1;
135,1159;134,1158;5,1;
136,1160;135,1159;1064,1;
137,1161;136,1160;2413,1;
138,1162;137,1161;2590,1;
139,1163;138,1162;1512,1;
140,1164;139,1163;1768,1;
141,1165;140,1164;1952,1;
142,1166;141,1165;2418,1;
143,1167;142,1166;3107,1;
144,1168;143,1167;554,1;
145,1169;144,1168;1486,1;
146,1170;145,1169;883,1;
147,1171;146,1170;2478,1;
148,1172;147,1171;606,1;
149,1173;148,1172;2083,1;
150,1174;149,1173;219,1;
151,1175;150,1174;1440,1;
152,1176;151,1175;716,1;
153,1177;152,1176;701,1;
154,1178;153,1177;473,1;
155,1179;154,1178;1922,1;
156,1180;155,1179;1801,1;
157,1181;156,1180;1639,1;
158,1182;157,1181;1399,1;
159,1183;158,1182;578,1;
160,1184;159,1183;1380,1;
161,1185;160,1184;2921,1;
162,1186;161,1185;1179,1;
163,1187;162,1186;3061,1;
164,1188;163,1187;344,1;
165,1189;164,1188;1824,1;
166,1190;165,1189;2670,1;
167,1191;166,1190;1115,1;
168,1192;167,1191;1454,1;
169,1193;168,1192;2643,1;
170,1194;169,1193;598,1;
171,1195;170,1194;1714,1;
172,1196;171,1195;2694,1;
173,1197;172,1196;3027,1;
174,1198;173,1197;1120,1;
175,1199;174,1198;3026,1;
176,1200;175,1199;1037,1;
177,1201;176,1200;780,1;
178,1202;177,1201;931,1;
179,1203;178,1202;2736,1;
180,1204;179,1203;569,1;
181,1205;180,1204;352,1;
182,1206;181,1205;1960,1;
183,1207;182,1206;156,1;
184,1208;183,1207;3032,1;
185,1209;184,1208;1352,1;
186,1210;185,1209;369,1;
187,1211;186,1210;551,1;
188,1212;187,1211;733,1;
189,1213;188,1212;2779,1;
190,1214;189,1213;2786,1;
191,1215;190,1214;1859,1;
192,1216;191,1215;2316,1;
193,1217;192,1216;2819,1;
194,1218;193,1217;829,1;
195,1219;194,1218;0,1;
196,1220;195,1219;2116,1;
197,1221;196,1220;272,1;
198,1222;197,1221;1458,1;
199,1223;198,1222;937,1;
200,1224;199,1223;1081,1;
201,1225;200,1224;759,1;
202,1226;201,1225;1507,1;
203,1227;202,1226;3083,1;
204,1228;203,1227;1680,1;
205,1229;204,1228;2301,1;
206,1230;205,1229;243,1;
207,1231;206,1230;1587,1;
208,1232;207,1231;1210,1;
209,1233;208,1232;19,1;
210,1234;209,1233;1377,1;
211,1235;210,1234;1171,1;
212,1236;211,1235;2957,1;
213,1237;212,1236;198,1;
214,1238;213,1237;1495,1;
215,1239;214,1238;951,1;
216,1240;215,1239;320,1;
217,1241;216,1240;201,1;
218,1242;217,1241;1208,1;
219,1243;218,1242;292,1;
220,1244;219,1243;1418,1;
221,1245;220,1244;2126,1;
222,1246;221,1245;1845,1;
223,1247;222,1246;2471,1;
224,1248;223,1247;2795,1;
225,1249;224,1248;3110,1;
226,1250;225,1249;572,1;
227,1251;226,1250;358,1;
228,1252;227,1251;117,1;
229,1253;228,1252;1915,1;
230,1254;229,1253;887,1;
231,1255;230,1254;1341,1;
232,1256;231,1255;886,1;
233,1257;232,1256;1339,1;
234,1258;233,1257;1934,1;
235,1259;234,1258;710,1;
236,1260;235,1259;652,1;
237,1261;236,1260;1566,1;
238,1262;237,1261;1362,1;
239,1263;238,1262;600,1;
240,1264;239,1263;456,1;
241,1265;240,1264;1378,1;
242,1266;241,1265;172,1;
243,1267;242,1266;614,1;
244,1268;243,1267;2152,1;
245,1269;244,1268;709,1;
246,1270;245,1269;186,1;
247,1271;246,1270;1405,1;
248,1272;247,1271;188,1;
249,1273;248,1272;2530,1;
250,1274;249,1273;815,1;
251,1275;250,1274;1730,1;
252,1276;251,1275;592,1;
253,1277;252,1276;1287,1;
254,1278;253,1277;753,1;
255,1279;254,1278;2232,1;
256,1280;255,1279;318,1;
257,1281;256,1280;2839,1;
258,1282;257,1281;2799,1;
259,1283;258,1282;1224,1;
260,1284;259,1283;3111,1;
261,1285;260,1284;2354,1;
262,1286;261,1285;2664,1;
263,1287;262,1286;1613,1;
264,1288;263,1287;279,1;
265,1289;264,1288;1103,1;
266,1290;265,1289;2867,1;
267,1291;266,1290;2000,1;
268,1292;267,1291;3125,1;
269,1293;268,1292;991,1;
270,1294;269,1293;2101,1;
271,1295;270,1294;1270,1;
272,1296;271,1295;1930,1;
273,1297;272,1296;2917,1;
274,1298;273,1297;457,1;
275,1299;274,1298;495,1;
276,1300;275,1299;1028,1;
277,1301;276,1300;1473,1;
278,1302;277,1301;1655,1;
279,1303;278,1302;3043,1;
280,1304;279,1303;2049,1;
281,1305;280,1304;693,1;
282,1306;281,1305;1947,1;
283,1307;282,1306;1478,1;
284,1308;283,1307;1815,1;
285,1309;284,1308;2542,1;
286,1310;285,1309;1134,1;
287,1311;286,1310;2048,1;
288,1312;287,1311;835,1;
289,1313;288,1312;2114,1;
290,1314;289,1313;868,1;
291,1315;290,1314;1545,1;
292,1316;291,1315;1585,1;
293,1317;292,1316;909,1;
294,1318;293,1317;2774,1;
295,1319;294,1318;664,1;
296,1320;295,1319;2986,1;
297,1321;296,1320;2562,1;
298,1322;297,1321;489,1;
299,1323;298,1322;556,1;
300,1324;299,1323;111,1;
301,1325;300,1324;2300,1;
302,1326;301,1325;49,1;
303,1327;302,1326;1735,1;
304,1328;303,1327;1965,1;
305,1329;304,1328;1480,1;
306,1330;305,1329;1008,1;
307,1331;306,1330;669,1;
308,1332;307,1331;1942,1;
309,1333;308,1332;2597,1;
310,1334;309,1333;1442,1;
311,1335;310,1334;993,1;
312,1336;311,1335;2278,1;
313,1337;312,1336;286,1;
314,1338;313,1337;41,1;
315,1339;314,1338;2033,1;
316,1340;315,1339;2250,1;
317,1341;316,1340;1950,1;
318,1342;317,1341;1843,1;
319,1343;318,1342;1649,1;
320,1344;319,1343;2584,1;
321,1345;320,1344;2053,1;
322,1346;321,1345;1561,1;
323,1347;322,1346;694,1;
324,1348;323,1347;666,1;
325,1349;324,1348;2883,1;
326,1350;325,1349;2428,1;
327,1351;326,1350;1866,1;
328,1352;327,1351;1652,1;
329,1353;328,1352;982,1;
330,1354;329,1353;1747,1;
331,1355;330,1354;1044,1;
332,1356;331,1355;1128,1;
333,1357;332,1356;2009,1;
334,1358;333,1357;1401,1;
335,1359;334,1358;3005,1;
336,1360;335,1359;2969,1;
337,1361;336,1360;1403,1;
338,1362;337,1361;2228,1;
339,1363;338,1362;3087,1;
340,1364;339,1363;1311,1;
341,1365;340,1364;2510,1;
342,1366;341,1365;295,1;
343,1367;342,1366;2666,1;
344,1368;343,1367;2310,1;
345,1369;344,1368;3018,1;
346,1370;345,1369;2424,1;
347,1371;346,1370;1751,1;
348,1372;347,1371;1058,1;
349,1373;348,1372;1283,1;
350,1374;349,1373;2808,1;
351,1375;350,1374;2329,1;
352,1376;351,1375;1217,1;
353,1377;352,1376;2449,1;
354,1378;353,1377;2718,1;
355,1379;354,1378;2420,1;
356,1380;355,1379;409,1;
357,1381;356,1380;34,1;
358,1382;357,1381;1321,1;
359,1383;358,1382;2021,1;
360,1384;359,1383;2254,1;
361,1385;360,1384;1611,1;
362,1386;361,1385;2395,1;
363,1387;362,1386;1498,1;
364,1388;363,1387;2121,1;
365,1389;364,1388;2763,1;
366,1390;365,1389;76,1;
367,1391;366,1390;1309,1;
368,1392;367,1391;454,1;
369,1393;368,1392;2477,1;
370,1394;369,1393;2277,1;
371,1395;370,1394;950,1;
372,1396;371,1395;1807,1;
373,1397;372,1396;781,1;
374,1398;373,1397;1674,1;
375,1399;374,1398;492,1;
376,1400;375,1399;2743,1;
377,1401;376,1400;1212,1;
378,1402;377,1401;50,1;
379,1403;378,1402;1404,1;
380,1404;379,1403;599,1;
381,1405;380,1404;2904,1;
382,1406;381,1405;1769,1;
383,1407;382,1406;740,1;
384,1408;383,1407;1045,1;
385,1409;384,1408;2974,1;
386,1410;385,1409;2636,1;
387,1411;386,1410;689,1;
388,1412;387,1411;391,1;
389,1413;388,1412;1683,1;
390,1414;389,1413;2468,1;
391,1415;390,1414;2263,1;
392,1416;391,1415;2629,1;
393,1417;392,1416;748,1;
394,1418;393,1417;262,1;
395,1419;394,1418;483,1;
396,1420;395,1419;1902,1;
397,1421;396,1420;1970,1;
398,1422;397,1421;1474,1;
399,1423;398,1422;2596,1;
400,1424;399,1423;2378,1;
401,1425;400,1424;327,1;
402,1426;401,1425;2870,1;
403,1427;402,1426;895,1;
404,1428;403,1427;2906,1;
405,1429;404,1428;1572,1;
406,1430;405,1429;2956,1;
407,1431;406,1430;1360,1;
408,1432;407,1431;2844,1;
409,1433;408,1432;309,1;
410,1434;409,1433;2701,1;
411,1435;410,1434;2967,1;
412,1436;411,1435;1966,1;
413,1437;412,1436;3070,1;
414,1438;413,1437;1282,1;
415,1439;414,1438;287,1;
416,1440;415,1439;2755,1;
417,1441;416,1440;3090,1;
418,1442;417,1441;2469,1;
419,1443;418,1442;1416,1;
420,1444;419,1443;1704,1;
421,1445;420,1444;555,1;
422,1446;421,1445;3103,1;
423,1447;422,1446;1697,1;
424,1448;423,1447;3185,1;
425,1449;424,1448;927,1;
426,1450;425,1449;2932,1;
427,1451;426,1450;3183,1;
428,1452;427,1451;334,1;
429,1453;428,1452;2133,1;
430,1454;429,1453;605,1;
431,1455;430,1454;1078,1;
432,1456;431,1455;3182,1;
433,1457;432,1456;828,1;
434,1458;433,1457;452,1;
435,1459;434,1458;2567,1;
436,1460;435,1459;2003,1;
437,1461;436,1460;607,1;
438,1462;437,1461;2889,1;
439,1463;438,1462;2184,1;
440,1464;439,1463;1591,1;
441,1465;440,1464;2097,1;
442,1466;441,1465;2253,1;
443,1467;442,1466;1082,1;
444,1468;443,1467;1425,1;
445,1469;444,1468;707,1;
446,1470;445,1469;2898,1;
447,1471;446,1470;2060,1;
448,1472;447,1471;264,1;
449,1473;448,1472;1258,1;
450,1474;449,1473;804,1;
451,1475;450,1474;1409,1;
452,1476;451,1475;539,1;
453,1477;452,1476;2098,1;
454,1478;453,1477;1573,1;
455,1479;454,1478;1593,1;
456,1480;455,1479;2976,1;
457,1481;456,1480;1559,1;
458,1482;457,1481;257,1;
459,1483;458,1482;1607,1;
460,1484;459,1483;487,1;
461,1485;460,1484;1637,1;
462,1486;461,1485;2515,1;
463,1487;462,1486;2933,1;
464,1488;463,1487;2715,1;
465,1489;464,1488;2025,1;
466,1490;465,1489;1918,1;
467,1491;466,1490;85,1;
468,1492;467,1491;2862,1;
469,1493;468,1492;832,1;
470,1494;469,1493;477,1;
471,1495;470,1494;2190,1;
472,1496;471,1495;597,1;
473,1497;472,1496;1675,1;
474,1498;473,1497;1421,1;
475,1499;474,1498;1477,1;
476,1500;475,1499;350,1;
477,1501;476,1500;1181,1;
478,1502;477,1501;1108,1;
479,1503;478,1502;315,1;
480,1504;479,1503;97,1;
481,1505;480,1504;1579,1;
482,1506;481,1505;3171,1;
483,1507;482,1506;3181,1;
484,1508;483,1507;29,1;
485,1509;484,1508;1550,1;
486,1510;485,1509;2134,1;
487,1511;486,1510;2776,1;
488,1512;487,1511;1615,1;
489,1513;488,1512;1723,1;
490,1514;489,1513;2231,1;
491,1515;490,1514;204,1;
492,1516;491,1515;1019,1;
493,1517;492,1516;2972,1;
494,1518;493,1517;59,1;
495,1519;494,1518;576,1;
496,1520;495,1519;84,1;
497,1521;496,1520;2534,1;
498,1522;497,1521;2903,1;
499,1523;498,1522;406,1;
500,1524;499,1523;179,1;
501,1525;500,1524;1620,1;
502,1526;501,1525;2446,1;
503,1527;502,1526;2980,1;
504,1528;503,1527;1919,1;
505,1529;504,1528;2435,1;
506,1530;505,1529;269,1;
507,1531;506,1530;1441,1;
508,1532;507,1531;1570,1;
509,1533;508,1532;3052,1;
510,1534;509,1533;2769,1;
511,1535;510,1534;3077,1;
512,1536;511,1535;155,1;
513,1537;512,1536;2062,1;
514,1538;513,1537;1296,1;
515,1539;514,1538;1240,1;
516,1540;515,1539;2942,1;
517,1541;516,1540;788,1;
518,1542;517,1541;1315,1;
519,1543;518,1542;1537,1;
520,1544;519,1543;3034,1;
521,1545;520,1544;2959,1;
522,1546;521,1545;3150,1;
523,1547;522,1546;2312,1;
524,1548;523,1547;2197,1;
525,1549;524,1548;969,1;
526,1550;525,1549;2063,1;
527,1551;526,1550;1291,1;
528,1552;527,1551;92,1;
529,1553;528,1552;2642,1;
530,1554;529,1553;974,1;
531,1555;530,1554;645,1;
532,1556;531,1555;1091,1;
533,1557;532,1556;2691,1;
534,1558;533,1557;367,1;
535,1559;534,1558;122,1;
536,1560;535,1559;1938,1;
537,1561;536,1560;1808,1;
538,1562;537,1561;2394,1;
539,1563;538,1562;2851,1;
540,1564;539,1563;630,1;
541,1565;540,1564;434,1;
542,1566;541,1565;1222,1;
543,1567;542,1566;237,1;
544,1568;543,1567;2886,1;
545,1569;544,1568;926,1;
546,1570;545,1569;574,1;
547,1571;546,1570;1010,1;
548,1572;547,1571;2073,1;
549,1573;548,1572;1835,1;
550,1574;549,1573;1012,1;
551,1575;550,1574;566,1;
552,1576;551,1575;2006,1;
553,1577;552,1576;2346,1;
554,1578;553,1577;2076,1;
555,1579;554,1578;1909,1;
556,1580;555,1579;1767,1;
557,1581;556,1580;525,1;
558,1582;557,1581;2492,1;
559,1583;558,1582;1528,1;
560,1584;559,1583;65,1;
561,1585;560,1584;2894,1;
562,1586;561,1585;233,1;
563,1587;562,1586;1251,1;
564,1588;563,1587;2273,1;
565,1589;564,1588;1731,1;
566,1590;565,1589;2154,1;
567,1591;566,1590;1168,1;
568,1592;567,1591;1257,1;
569,1593;568,1592;2007,1;
570,1594;569,1593;2461,1;
571,1595;570,1594;1099,1;
572,1596;571,1595;2201,1;
573,1597;572,1596;3190,1;
574,1598;573,1597;903,1;
575,1599;574,1598;1567,1;
576,1600;575,1599;2011,1;
577,1601;576,1600;421,1;
578,1602;577,1601;1200,1;
579,1603;578,1602;2159,1;
580,1604;579,1603;359,1;
581,1605;580,1604;1148,1;
582,1606;581,1605;2243,1;
583,1607;582,1606;683,1;
584,1608;583,1607;1779,1;
585,1609;584,1608;1838,1;
586,1610;585,1609;3096,1;
587,1611;586,1610;2585,1;
588,1612;587,1611;646,1;
589,1613;588,1612;2609,1;
590,1614;589,1613;2296,1;
591,1615;590,1614;2230,1;
592,1616;591,1615;1462,1;
593,1617;592,1616;629,1;
594,1618;593,1617;987,1;
595,1619;594,1618;2524,1;
596,1620;595,1619;1976,1;
597,1621;596,1620;2123,1;
598,1622;597,1621;3165,1;
599,1623;598,1622;2565,1;
600,1624;599,1623;2618,1;
601,1625;600,1624;1098,1;
602,1626;601,1625;2387,1;
603,1627;602,1626;2172,1;
604,1628;603,1627;232,1;
605,1629;604,1628;468,1;
606,1630;605,1629;3184,1;
607,1631;606,1630;1901,1;
608,1632;607,1631;55,1;
609,1633;608,1632;1651,1;
610,1634;609,1633;3060,1;
611,1635;610,1634;954,1;
612,1636;611,1635;1839,1;
613,1637;612,1636;918,1;
614,1638;613,1637;1740,1;
615,1639;614,1638;1709,1;
616,1640;615,1639;511,1;
617,1641;616,1640;154,1;
618,1642;617,1641;469,1;
619,1643;618,1642;3035,1;
620,1644;619,1643;1009,1;
621,1645;620,1644;1021,1;
622,1646;621,1645;2470,1;
623,1647;622,1646;310,1;
624,1648;623,1647;2161,1;
625,1649;624,1648;559,1;
626,1650;625,1649;2382,1;
627,1651;626,1650;1946,1;
628,1652;627,1651;2783,1;
629,1653;628,1652;1628,1;
630,1654;629,1653;1870,1;
631,1655;630,1654;383,1;
632,1656;631,1655;2497,1;
633,1657;632,1656;1084,1;
634,1658;633,1657;2908,1;
635,1659;634,1658;3003,1;
636,1660;635,1659;4,1;
637,1661;636,1660;2678,1;
638,1662;637,1661;1993,1;
639,1663;638,1662;2688,1;
640,1664;639,1663;1216,1;
641,1665;640,1664;1052,1;
642,1666;641,1665;1446,1;
643,1667;642,1666;1267,1;
644,1668;643,1667;2485,1;
645,1669;644,1668;57,1;
646,1670;645,1669;1854,1;
647,1671;646,1670;2963,1;
648,1672;647,1671;1719,1;
649,1673;648,1672;1329,1;
650,1674;649,1673;2127,1;
651,1675;650,1674;1500,1;
652,1676;651,1675;869,1;
653,1677;652,1676;662,1;
654,1678;653,1677;947,1;
655,1679;654,1678;3063,1;
656,1680;655,1679;734,1;
657,1681;656,1680;873,1;
658,1682;657,1681;2109,1;
659,1683;658,1682;3014,1;
660,1684;659,1683;1503,1;
661,1685;660,1684;501,1;
662,1686;661,1685;120,1;
663,1687;662,1686;1833,1;
664,1688;663,1687;935,1;
665,1689;664,1688;3048,1;
666,1690;665,1689;2604,1;
667,1691;666,1690;2667,1;
668,1692;667,1691;1638,1;
669,1693;668,1692;672,1;
670,1694;669,1693;901,1;
671,1695;670,1694;766,1;
672,1696;671,1695;1193,1;
673,1697;672,1696;2350,1;
674,1698;673,1697;2686,1;
675,1699;674,1698;2849,1;
676,1700;675,1699;1706,1;
677,1701;676,1700;1592,1;
678,1702;677,1701;40,1;
679,1703;678,1702;1837,1;
680,1704;679,1703;1260,1;
681,1705;680,1704;793,1;
682,1706;681,1705;99,1;
683,1707;682,1706;2915,1;
684,1708;683,1707;240,1;
685,1709;684,1708;168,1;
686,1710;685,1709;1023,1;
687,1711;686,1710;1041,1;
688,1712;687,1711;2198,1;
689,1713;688,1712;2415,1;
690,1714;689,1713;1657,1;
691,1715;690,1714;516,1;
692,1716;691,1715;118,1;
693,1717;692,1716;1053,1;
694,1718;693,1717;1746,1;
695,1719;694,1718;1543,1;
696,1720;695,1719;2282,1;
697,1721;696,1720;2923,1;
698,1722;697,1721;3068,1;
699,1723;698,1722;2080,1;
700,1724;699,1723;2150,1;
701,1725;700,1724;1007,1;
702,1726;701,1725;2421,1;
703,1727;702,1726;2561,1;
704,1728;703,1727;2234,1;
705,1729;704,1728;1140,1;
706,1730;705,1729;3106,1;
707,1731;706,1730;1803,1;
708,1732;707,1731;18,1;
709,1733;708,1732;1116,1;
710,1734;709,1733;1034,1;
711,1735;710,1734;1284,1;
712,1736;711,1735;1083,1;
713,1737;712,1736;218,1;
714,1738;713,1737;1945,1;
715,1739;714,1738;1521,1;
716,1740;715,1739;2617,1;
717,1741;716,1740;2352,1;
718,1742;717,1741;1449,1;
719,1743;718,1742;214,1;
720,1744;719,1743;2802,1;
721,1745;720,1744;229,1;
722,1746;721,1745;2001,1;
723,1747;722,1746;3042,1;
724,1748;723,1747;2712,1;
725,1749;724,1748;2973,1;
726,1750;725,1749;896,1;
727,1751;726,1750;2594,1;
728,1752;727,1751;2358,1;
729,1753;728,1752;2665,1;
730,1754;729,1753;263,1;
731,1755;730,1754;2528,1;
732,1756;731,1755;936,1;
733,1757;732,1756;536,1;
734,1758;733,1757;532,1;
735,1759;734,1758;989,1;
736,1760;735,1759;635,1;
737,1761;736,1760;1437,1;
738,1762;737,1761;1317,1;
739,1763;738,1762;2498,1;
740,1764;739,1763;2943,1;
741,1765;740,1764;385,1;
742,1766;741,1765;180,1;
743,1767;742,1766;1876,1;
744,1768;743,1767;3148,1;
745,1769;744,1768;415,1;
746,1770;745,1769;1254,1;
747,1771;746,1770;1820,1;
748,1772;747,1771;2160,1;
749,1773;748,1772;725,1;
750,1774;749,1773;2448,1;
751,1775;750,1774;1821,1;
752,1776;751,1775;441,1;
753,1777;752,1776;3128,1;
754,1778;753,1777;2265,1;
755,1779;754,1778;2045,1;
756,1780;755,1779;2153,1;
757,1781;756,1780;116,1;
758,1782;757,1781;2949,1;
759,1783;758,1782;2680,1;
760,1784;759,1783;1158,1;
761,1785;760,1784;809,1;
762,1786;761,1785;2302,1;
763,1787;762,1786;2162,1;
764,1788;763,1787;837,1;
765,1789;764,1788;353,1;
766,1790;765,1789;131,1;
767,1791;766,1790;1641,1;
768,1792;767,1791;200,1;
769,1793;768,1792;2219,1;
770,1794;769,1793;190,1;
771,1795;770,1794;801,1;
772,1796;771,1795;3009,1;
773,1797;772,1796;220,1;
774,1798;773,1797;1991,1;
775,1799;774,1798;374,1;
776,1800;775,1799;1233,1;
777,1801;776,1800;1030,1;
778,1802;777,1801;1109,1;
779,1803;778,1802;621,1;
780,1804;779,1803;889,1;
781,1805;780,1804;3013,1;
782,1806;781,1805;136,1;
783,1807;782,1806;3173,1;
784,1808;783,1807;1201,1;
785,1809;784,1808;568,1;
786,1810;785,1809;1863,1;
787,1811;786,1810;956,1;
788,1812;787,1811;2706,1;
789,1813;788,1812;64,1;
790,1814;789,1813;1249,1;
791,1815;790,1814;110,1;
792,1816;791,1815;2504,1;
793,1817;792,1816;22,1;
794,1818;793,1817;892,1;
795,1819;794,1818;3058,1;
796,1820;795,1819;2071,1;
797,1821;796,1820;1048,1;
798,1822;797,1821;735,1;
799,1823;798,1822;2635,1;
800,1824;799,1823;1654,1;
801,1825;800,1824;2722,1;
802,1826;801,1825;2016,1;
803,1827;802,1826;3046,1;
804,1828;803,1827;758,1;
805,1829;804,1828;2306,1;
806,1830;805,1829;1027,1;
807,1831;806,1830;44,1;
808,1832;807,1831;667,1;
809,1833;808,1832;2863,1;
810,1834;809,1833;45,1;
811,1835;810,1834;346,1;
812,1836;811,1835;772,1;
813,1837;812,1836;1167,1;
814,1838;813,1837;2575,1;
815,1839;814,1838;431,1;
816,1840;815,1839;773,1;
817,1841;816,1840;686,1;
818,1842;817,1841;2205,1;
819,1843;818,1842;1348,1;
820,1844;819,1843;2625,1;
821,1845;820,1844;79,1;
822,1846;821,1845;293,1;
823,1847;822,1846;2683,1;
824,1848;823,1847;274,1;
825,1849;824,1848;2207,1;
826,1850;825,1849;1834,1;
827,1851;826,1850;1164,1;
828,1852;827,1851;1841,1;
829,1853;828,1852;1663,1;
830,1854;829,1853;589,1;
831,1855;830,1854;119,1;
832,1856;831,1855;663,1;
833,1857;832,1856;1225,1;
834,1858;833,1857;3097,1;
835,1859;834,1858;2148,1;
836,1860;835,1859;1557,1;
837,1861;836,1860;1450,1;
838,1862;837,1861;74,1;
839,1863;838,1862;2675,1;
840,1864;839,1863;1658,1;
841,1865;840,1864;820,1;
842,1866;841,1865;1850,1;
843,1867;842,1866;1356,1;
844,1868;843,1867;2084,1;
845,1869;844,1868;1343,1;
846,1870;845,1869;2803,1;
847,1871;846,1870;3155,1;
848,1872;847,1871;2137,1;
849,1873;848,1872;2576,1;
850,1874;849,1873;1467,1;
851,1875;850,1874;399,1;
852,1876;851,1875;388,1;
853,1877;852,1876;1155,1;
854,1878;853,1877;2195,1;
855,1879;854,1878;3156,1;
856,1880;855,1879;1244,1;
857,1881;856,1880;3154,1;
858,1882;857,1881;14,1;
859,1883;858,1882;1827,1;
860,1884;859,1883;2698,1;
861,1885;860,1884;2608,1;
862,1886;861,1885;2342,1;
863,1887;862,1886;2405,1;
864,1888;863,1887;1522,1;
865,1889;864,1888;2165,1;
866,1890;865,1889;2615,1;
867,1891;866,1890;2401,1;
868,1892;867,1891;1588,1;
869,1893;868,1892;379,1;
870,1894;869,1893;396,1;
871,1895;870,1894;3057,1;
872,1896;871,1895;3085,1;
873,1897;872,1896;2416,1;
874,1898;873,1897;3004,1;
875,1899;874,1898;2317,1;
876,1900;875,1899;3041,1;
877,1901;876,1900;703,1;
878,1902;877,1901;746,1;
879,1903;878,1902;2332,1;
880,1904;879,1903;2245,1;
881,1905;880,1904;1800,1;
882,1906;881,1905;2836,1;
883,1907;882,1906;224,1;
884,1908;883,1907;2606,1;
885,1909;884,1908;2826,1;
886,1910;885,1909;2100,1;
887,1911;886,1910;1580,1;
888,1912;887,1911;1241,1;
889,1913;888,1912;1372,1;
890,1914;889,1913;1005,1;
891,1915;890,1914;1973,1;
892,1916;891,1915;738,1;
893,1917;892,1916;433,1;
894,1918;893,1917;1575,1;
895,1919;894,1918;2650,1;
896,1920;895,1919;2797,1;
897,1921;896,1920;2564,1;
898,1922;897,1921;414,1;
899,1923;898,1922;284,1;
900,1924;899,1923;585,1;
901,1925;900,1924;1692,1;
902,1926;901,1925;1013,1;
903,1927;902,1926;1881,1;
904,1928;903,1927;364,1;
905,1929;904,1928;2857,1;
906,1930;905,1929;363,1;
907,1931;906,1930;3076,1;
908,1932;907,1931;212,1;
909,1933;908,1932;1039,1;
910,1934;909,1933;2702,1;
911,1935;910,1934;1822,1;
912,1936;911,1935;1913,1;
913,1937;912,1936;1856,1;
914,1938;913,1937;849,1;
915,1939;914,1938;2255,1;
916,1940;915,1939;24,1;
917,1941;916,1940;3078,1;
918,1942;917,1941;2330,1;
919,1943;918,1942;1020,1;
920,1944;919,1943;708,1;
921,1945;920,1944;1357,1;
922,1946;921,1945;965,1;
923,1947;922,1946;3019,1;
924,1948;923,1947;1982,1;
925,1949;924,1948;2992,1;
926,1950;925,1949;2052,1;
927,1951;926,1950;1755,1;
928,1952;927,1951;1122,1;
929,1953;928,1952;35,1;
930,1954;929,1953;595,1;
931,1955;930,1954;2659,1;
932,1956;931,1955;1265,1;
933,1957;932,1956;1749,1;
934,1958;933,1957;641,1;
935,1959;934,1958;979,1;
936,1960;935,1959;356,1;
937,1961;936,1960;1464,1;
938,1962;937,1961;945,1;
939,1963;938,1962;1792,1;
940,1964;939,1963;47,1;
941,1965;940,1964;938,1;
942,1966;941,1965;2669,1;
943,1967;942,1966;1653,1;
944,1968;943,1967;347,1;
945,1969;944,1968;648,1;
946,1970;945,1969;1958,1;
947,1971;946,1970;83,1;
948,1972;947,1971;2285,1;
949,1973;948,1972;2434,1;
950,1974;949,1973;1430,1;
951,1975;950,1974;2833,1;
952,1976;951,1975;1679,1;
953,1977;952,1976;2647,1;
954,1978;953,1977;712,1;
955,1979;954,1978;249,1;
956,1980;955,1979;1022,1;
957,1981;956,1980;2333,1;
958,1982;957,1981;1554,1;
959,1983;958,1982;1951,1;
960,1984;959,1983;1136,1;
961,1985;960,1984;714,1;
962,1986;961,1985;2829,1;
963,1987;962,1986;2370,1;
964,1988;963,1987;925,1;
965,1989;964,1988;754,1;
966,1990;965,1989;2206,1;
967,1991;966,1990;1694,1;
968,1992;967,1991;1183,1;
969,1993;968,1992;1582,1;
970,1994;969,1993;3116,1;
971,1995;970,1994;976,1;
972,1996;971,1995;2111,1;
973,1997;972,1996;1274,1;
974,1998;973,1997;2441,1;
975,1999;974,1998;2874,1;
976,2000;975,1999;916,1;
977,2001;976,2000;508,1;
978,2002;977,2001;2041,1;
979,2003;978,2002;1928,1;
980,2004;979,2003;2442,1;
981,2005;980,2004;1349,1;
982,2006;981,2005;1713,1;
983,2007;982,2006;3088,1;
984,2008;983,2007;1085,1;
985,2009;984,2008;573,1;
986,2010;985,2009;580,1;
987,2011;986,2010;61,1;
988,2012;987,2011;1910,1;
989,2013;988,2012;1547,1;
990,2014;989,2013;3,1;
991,2015;990,2014;867,1;
992,2016;991,2015;3132,1;
993,2017;992,2016;1911,1;
994,2018;993,2017;2571,1;
995,2019;994,2018;942,1;
996,2020;995,2019;3064,1;
997,2021;996,2020;241,1;
998,2022;997,2021;306,1;
999,2023;998,2022;1223,1;
1000,2024;999,2023;677,1;
1001,2025;1000,2024;148,1;
1002,2026;1001,2025;2074,1;
1003,2027;1002,2026;2638,1;
1004,2028;1003,2027;655,1;
1005,2029;1004,2028;106,1;
1006,2030;1005,2029;2522,1;
1007,2031;1006,2030;567,1;
1008,2032;1007,2031;307,1;
1009,2033;1008,2032;195,1;
1010,2034;1009,2033;1428,1;
1011,2035;1010,2034;2737,1;
1012,2036;1011,2035;540,1;
1013,2037;1012,2036;1873,1;
1014,2038;1013,2037;1205,1;
1015,2039;1014,2038;1252,1;
1016,2040;1015,2039;2085,1;
1017,2041;1016,2040;1074,1;
1018,2042;1017,2041;2654,1;
1019,2043;1018,2042;2288,1;
1020,2044;1019,2043;401,1;
1021,2045;1020,2044;651,1;
1022,2046;1021,2045;547,1;
1023,2047;1022,2046;1307,1;
0,2048;1023,2047;2147,1;
1,2049;0,2048;1959,1;
2,2050;1,2049;2314,1;
3,2051;2,2050;2899,1;
4,2052;3,2051;1857,1;
5,2053;4,2052;1090,1;
6,2054;5,2053;113,1;
7,2055;6,2054;911,1;
8,2056;7,2055;1131,1;
9,2057;8,2056;3169,1;
10,2058;9,2057;485,1;
11,2059;10,2058;1448,1;
12,2060;11,2059;2143,1;
13,2061;12,2060;831,1;
14,2062;13,2061;1434,1;
15,2063;14,2062;1338,1;
16,2064;15,2063;3075,1;
17,2065;16,2064;2901,1;
18,2066;17,2065;1152,1;
19,2067;18,2066;1774,1;
20,2068;19,2067;2294,1;
21,2069;20,2068;860,1;
22,2070;21,2069;1000,1;
23,2071;22,2070;1571,1;
24,2072;23,2071;814,1;
25,2073;24,2072;2391,1;
26,2074;25,2073;1218,1;
27,2075;26,2074;277,1;
28,2076;27,2075;637,1;
29,2077;28,2076;157,1;
30,2078;29,2077;1245,1;
31,2079;30,2078;1523,1;
32,2080;31,2079;459,1;
33,2081;32,2080;2500,1;
34,2082;33,2081;1974,1;
35,2083;34,2082;880,1;
36,2084;35,2083;1985,1;
37,2085;36,2084;2290,1;
38,2086;37,2085;2750,1;
39,2087;38,2086;3142,1;
40,2088;39,2087;48,1;
41,2089;40,2088;1059,1;
42,2090;41,2089;496,1;
43,2091;42,2090;3007,1;
44,2092;43,2091;1196,1;
45,2093;44,2092;1107,1;
46,2094;45,2093;2182,1;
47,2095;46,2094;2431,1;
48,2096;47,2095;420,1;
49,2097;48,2096;1799,1;
50,2098;49,2097;778,1;
51,2099;50,2098;1324,1;
52,2100;51,2099;2451,1;
53,2101;52,2100;687,1;
54,2102;53,2101;1707,1;
55,2103;54,2102;1703,1;
56,2104;55,2103;1670,1;
57,2105;56,2104;2336,1;
58,2106;57,2105;142,1;
59,2107;58,2106;2335,1;
60,2108;59,2107;2131,1;
61,2109;60,2108;1016,1;
62,2110;61,2109;2816,1;
63,2111;62,2110;3084,1;
64,2112;63,2111;2720,1;
65,2113;64,2112;874,1;
66,2114;65,2113;166,1;
67,2115;66,2114;2764,1;
68,2116;67,2115;812,1;
69,2117;68,2116;1519,1;
70,2118;69,2117;855,1;
71,2119;70,2118;1764,1;
72,2120;71,2119;138,1;
73,2121;72,2120;998,1;
74,2122;73,2121;1754,1;
75,2123;74,2122;1482,1;
76,2124;75,2123;1634,1;
77,2125;76,2124;661,1;
78,2126;77,2125;619,1;
79,2127;78,2126;2708,1;
80,2128;79,2127;515,1;
81,2129;80,2128;1817,1;
82,2130;81,2129;2293,1;
83,2131;82,2130;481,1;
84,2132;83,2131;2340,1;
85,2133;84,2132;2872,1;
86,2134;85,2133;2807,1;
87,2135;86,2134;1589,1;
88,2136;87,2135;107,1;
89,2137;88,2136;1396,1;
90,2138;89,2137;2843,1;
91,2139;90,2138;789,1;
92,2140;91,2139;270,1;
93,2141;92,2140;235,1;
94,2142;93,2141;3138,1;
95,2143;94,2142;1563,1;
96,2144;95,2143;1051,1;
97,2145;96,2144;2766,1;
98,2146;97,2145;225,1;
99,2147;98,2146;2905,1;
100,2148;99,2147;2850,1;
101,2149;100,2148;930,1;
102,2150;101,2149;2934,1;
103,2151;102,2150;894,1;
104,2152;103,2151;994,1;
105,2153;104,2152;2939,1;
106,2154;105,2153;762,1;
107,2155;106,2154;1861,1;
108,2156;107,2155;3158,1;
109,2157;108,2156;3074,1;
110,2158;109,2157;2264,1;
111,2159;110,2158;2531,1;
112,2160;111,2159;1534,1;
113,2161;112,2160;1782,1;
114,2162;113,2161;2390,1;
115,2163;114,2162;2502,1;
116,2164;115,2163;1150,1;
117,2165;116,2164;1154,1;
118,2166;117,2165;355,1;
119,2167;118,2166;2578,1;
120,2168;119,2167;2189,1;
121,2169;120,2168;522,1;
122,2170;121,2169;2589,1;
123,2171;122,2170;1112,1;
124,2172;123,2171;1227,1;
125,2173;124,2172;1665,1;
126,2174;125,2173;2191,1;
127,2175;126,2174;833,1;
128,2176;127,2175;1371,1;
129,2177;128,2176;2780,1;
130,2178;129,2177;1490,1;
131,2179;130,2178;2684,1;
132,2180;131,2179;1221,1;
133,2181;132,2180;1232,1;
134,2182;133,2181;1647,1;
135,2183;134,2182;3108,1;
136,2184;135,2183;1734,1;
137,2185;136,2184;1047,1;
138,2186;137,2185;1631,1;
139,2187;138,2186;3187,1;
140,2188;139,2187;408,1;
141,2189;140,2188;8,1;
142,2190;141,2189;2958,1;
143,2191;142,2190;2129,1;
144,2192;143,2191;1068,1;
145,2193;144,2192;1050,1;
146,2194;145,2193;474,1;
147,2195;146,2194;588,1;
148,2196;147,2195;2951,1;
149,2197;148,2196;174,1;
150,2198;149,2197;3001,1;
151,2199;150,2198;626,1;
152,2200;151,2199;2398,1;
153,2201;152,2200;1961,1;
154,2202;153,2201;450,1;
155,2203;154,2202;857,1;
156,2204;155,2203;2480,1;
157,2205;156,2204;519,1;
158,2206;157,2205;255,1;
159,2207;158,2206;1667,1;
160,2208;159,2207;3119,1;
161,2209;160,2208;1436,1;
162,2210;161,2209;1159,1;
163,2211;162,2210;660,1;
164,2212;163,2211;2341,1;
165,2213;164,2212;628,1;
166,2214;165,2213;1598,1;
167,2215;166,2214;1369,1;
168,2216;167,2215;3152,1;
169,2217;168,2216;1935,1;
170,2218;169,2217;1320,1;
171,2219;170,2218;1648,1;
172,2220;171,2219;2402,1;
173,2221;172,2220;2591,1;
174,2222;173,2221;2671,1;
175,2223;174,2222;387,1;
176,2224;175,2223;774,1;
177,2225;176,2224;1875,1;
178,2226;177,2225;1017,1;
179,2227;178,2226;1471,1;
180,2228;179,2227;2072,1;
181,2229;180,2228;3192,1;
182,2230;181,2229;2359,1;
183,2231;182,2230;1145,1;
184,2232;183,2231;2252,1;
185,2233;184,2232;834,1;
186,2234;185,2233;73,1;
187,2235;186,2234;2146,1;
188,2236;187,2235;94,1;
189,2237;188,2236;2092,1;
190,2238;189,2237;1192,1;
191,2239;190,2238;775,1;
192,2240;191,2239;181,1;
193,2241;192,2240;1708,1;
194,2242;193,2241;2568,1;
195,2243;194,2242;112,1;
196,2244;195,2243;418,1;
197,2245;196,2244;1111,1;
198,2246;197,2245;1213,1;
199,2247;198,2246;1955,1;
200,2248;199,2247;3143,1;
201,2249;200,2248;1994,1;
202,2250;201,2249;1146,1;
203,2251;202,2250;425,1;
204,2252;203,2251;1871,1;
205,2253;204,2252;2651,1;
206,2254;205,2253;1180,1;
207,2255;206,2254;2430,1;
208,2256;207,2255;1294,1;
209,2257;208,2256;1962,1;
210,2258;209,2257;114,1;
211,2259;210,2258;538,1;
212,2260;211,2259;736,1;
213,2261;212,2260;2592,1;
214,2262;213,2261;805,1;
215,2263;214,2262;360,1;
216,2264;215,2263;1288,1;
217,2265;216,2264;1149,1;
218,2266;217,2265;1968,1;
219,2267;218,2266;1906,1;
220,2268;219,2267;1381,1;
221,2269;220,2268;98,1;
222,2270;221,2269;1469,1;
223,2271;222,2270;389,1;
224,2272;223,2271;2117,1;
225,2273;224,2272;2305,1;
226,2274;225,2273;964,1;
227,2275;226,2274;1789,1;
228,2276;227,2275;1888,1;
229,2277;228,2276;1529,1;
230,2278;229,2277;602,1;
231,2279;230,2278;816,1;
232,2280;231,2279;375,1;
233,2281;232,2280;838,1;
234,2282;233,2281;3016,1;
235,2283;234,2282;1685,1;
236,2284;235,2283;2094,1;
237,2285;236,2284;2494,1;
238,2286;237,2285;2704,1;
239,2287;238,2286;720,1;
240,2288;239,2287;2130,1;
241,2289;240,2288;2952,1;
242,2290;241,2289;236,1;
243,2291;242,2290;1230,1;
244,2292;243,2291;3145,1;
245,2293;244,2292;1269,1;
246,2294;245,2293;2233,1;
247,2295;246,2294;2624,1;
248,2296;247,2295;1941,1;
249,2297;248,2296;1831,1;
250,2298;249,2297;2824,1;
251,2299;250,2298;3129,1;
252,2300;251,2299;2096,1;
253,2301;252,2300;2987,1;
254,2302;253,2301;238,1;
255,2303;254,2302;2953,1;
256,2304;255,2303;530,1;
257,2305;256,2304;2308,1;
258,2306;257,2305;1893,1;
259,2307;258,2306;928,1;
260,2308;259,2307;861,1;
261,2309;260,2308;2935,1;
262,2310;261,2309;435,1;
263,2311;262,2310;1783,1;
264,2312;263,2311;323,1;
265,2313;264,2312;872,1;
266,2314;265,2313;1778,1;
267,2315;266,2314;1105,1;
268,2316;267,2315;2386,1;
269,2317;268,2316;1794,1;
270,2318;269,2317;1262,1;
271,2319;270,2318;1055,1;
272,2320;271,2319;25,1;
273,2321;272,2320;2357,1;
274,2322;273,2321;1555,1;
275,2323;274,2322;1846,1;
276,2324;275,2323;797,1;
277,2325;276,2324;537,1;
278,2326;277,2325;2437,1;
279,2327;278,2326;1705,1;
280,2328;279,2327;1943,1;
281,2329;280,2328;1487,1;
282,2330;281,2329;1,1;
283,2331;282,2330;2324,1;
284,2332;283,2331;2396,1;
285,2333;284,2332;1280,1;
286,2334;285,2333;2481,1;
287,2335;286,2334;78,1;
288,2336;287,2335;803,1;
289,2337;288,2336;1560,1;
290,2338;289,2337;1489,1;
291,2339;290,2338;1806,1;
292,2340;291,2339;3179,1;
293,2341;292,2340;413,1;
294,2342;293,2341;2577,1;
295,2343;294,2342;2598,1;
296,2344;295,2343;1043,1;
297,2345;296,2344;2432,1;
298,2346;297,2345;2454,1;
299,2347;298,2346;298,1;
300,2348;299,2347;2014,1;
301,2349;300,2348;2078,1;
302,2350;301,2349;2961,1;
303,2351;302,2350;394,1;
304,2352;303,2351;560,1;
305,2353;304,2352;1419,1;
306,2354;305,2353;842,1;
307,2355;306,2354;2344,1;
308,2356;307,2355;7,1;
309,2357;308,2356;2563,1;
310,2358;309,2357;1117,1;
311,2359;310,2358;3094,1;
312,2360;311,2359;1558,1;
313,2361;312,2360;1243,1;
314,2362;313,2361;1784,1;
315,2363;314,2362;2327,1;
316,2364;315,2363;1501,1;
317,2365;316,2364;917,1;
318,2366;317,2365;958,1;
319,2367;318,2366;2166,1;
320,2368;319,2367;2738,1;
321,2369;320,2368;1999,1;
322,2370;321,2369;1156,1;
323,2371;322,2370;381,1;
324,2372;323,2371;1752,1;
325,2373;324,2372;1872,1;
326,2374;325,2373;636,1;
327,2375;326,2374;3044,1;
328,2376;327,2375;2473,1;
329,2377;328,2376;2579,1;
330,2378;329,2377;2251,1;
331,2379;330,2378;1948,1;
332,2380;331,2379;912,1;
333,2381;332,2380;205,1;
334,2382;333,2381;1760,1;
335,2383;334,2382;1814,1;
336,2384;335,2383;1264,1;
337,2385;336,2384;684,1;
338,2386;337,2385;2499,1;
339,2387;338,2386;2616,1;
340,2388;339,2387;66,1;
341,2389;340,2388;1903,1;
342,2390;341,2389;1944,1;
343,2391;342,2390;2990,1;
344,2392;343,2391;616,1;
345,2393;344,2392;827,1;
346,2394;345,2393;1067,1;
347,2395;346,2394;1513,1;
348,2396;347,2395;2740,1;
349,2397;348,2396;2601,1;
350,2398;349,2397;813,1;
351,2399;350,2398;2281,1;
352,2400;351,2399;192,1;
353,2401;352,2400;470,1;
354,2402;353,2401;1772,1;
355,2403;354,2402;1483,1;
356,2404;355,2403;562,1;
357,2405;356,2404;1125,1;
358,2406;357,2405;2258,1;
359,2407;358,2406;2627,1;
360,2408;359,2407;1426,1;
361,2409;360,2408;970,1;
362,2410;361,2409;1540,1;
363,2411;362,2410;2383,1;
364,2412;363,2411;615,1;
365,2413;364,2412;2693,1;
366,2414;365,2413;340,1;
367,2415;366,2414;933,1;
368,2416;367,2415;390,1;
369,2417;368,2416;2533,1;
370,2418;369,2417;1701,1;
371,2419;370,2418;2982,1;
372,2420;371,2419;1170,1;
373,2421;372,2420;2044,1;
374,2422;373,2421;2789,1;
375,2423;374,2422;1040,1;
376,2424;375,2423;975,1;
377,2425;376,2424;1135,1;
378,2426;377,2425;53,1;
379,2427;378,2426;1552,1;
380,2428;379,2427;2556,1;
381,2429;380,2428;1143,1;
382,2430;381,2429;2086,1;
383,2431;382,2430;796,1;
384,2432;383,2431;2311,1;
385,2433;384,2432;1395,1;
386,2434;385,2433;1286,1;
387,2435;386,2434;1562,1;
388,2436;387,2435;1722,1;
389,2437;388,2436;1890,1;
390,2438;389,2437;2170,1;
391,2439;390,2438;1336,1;
392,2440;391,2439;2926,1;
393,2441;392,2440;2778,1;
394,2442;393,2441;1038,1;
395,2443;394,2442;124,1;
396,2444;395,2443;2488,1;
397,2445;396,2444;185,1;
398,2446;397,2445;2503,1;
399,2447;398,2446;244,1;
400,2448;399,2447;699,1;
401,2449;400,2448;1493,1;
402,2450;401,2449;1775,1;
403,2451;402,2450;565,1;
404,2452;403,2451;1766,1;
405,2453;404,2452;2668,1;
406,2454;405,2453;2178,1;
407,2455;406,2454;1931,1;
408,2456;407,2455;1141,1;
409,2457;408,2456;2626,1;
410,2458;409,2457;316,1;
411,2459;410,2458;3037,1;
412,2460;411,2459;199,1;
413,2461;412,2460;638,1;
414,2462;413,2461;2081,1;
415,2463;414,2462;859,1;
416,2464;415,2463;1914,1;
417,2465;416,2464;596,1;
418,2466;417,2465;1949,1;
419,2467;418,2466;850,1;
420,2468;419,2467;3025,1;
421,2469;420,2468;1429,1;
422,2470;421,2469;2385,1;
423,2471;422,2470;3195,1;
424,2472;423,2471;2042,1;
425,2473;424,2472;767,1;
426,2474;425,2473;2400,1;
427,2475;426,2474;1780,1;
428,2476;427,2475;1996,1;
429,2477;428,2476;1798,1;
430,2478;429,2477;2022,1;
431,2479;430,2478;2458,1;
432,2480;431,2479;1460,1;
433,2481;432,2480;1892,1;
434,2482;433,2481;6,1;
435,2483;434,2482;1014,1;
2,2;3198,1;1506,1;
3,3;2,2;144,1;
4,4;3,3;2931,1;
4,2;3197,1;678,1;
5,3;4,2;744,1;
6,4;5,3;1967,1;
7,5;6,4;2911,1;
8,6;7,5;3086,1;
9,7;8,6;1263,1;
8,8;9,7;1907,1;
9,9;8,8;2287,1;
10,10;9,9;1484,1;
11,11;10,10;2823,1;
12,12;11,11;583,1;
13,13;12,12;949,1;
14,14;13,13;2169,1;
6,2;3188,1;594,1;
7,3;6,2;785,1;
10,4;7,3;1712,1;
11,5;10,4;2623,1;
12,6;11,5;1725,1;
13,7;12,6;3160,1;
16,8;13,7;1463,1;
17,9;16,8;2869,1;
18,10;17,9;2466,1;
19,11;18,10;822,1;
20,12;19,11;1272,1;
21,13;20,12;1102,1;
22,14;21,13;439,1;
23,15;22,14;151,1;
16,16;23,15;1157,1;
17,17;16,16;1290,1;
18,18;17,17;1295,1;
19,19;18,18;2979,1;
20,20;19,19;250,1;
21,21;20,20;1101,1;
22,22;21,21;821,1;
23,23;22,22;1987,1;
24,24;23,23;1235,1;
25,25;24,24;640,1;
26,26;25,25;407,1;
27,27;26,26;1259,1;
28,28;27,27;1624,1;
29,29;28,28;335,1;
30,30;29,29;2304,1;
31,31;30,30;3062,1;
32,32;31,31;2985,1;
33,33;32,32;1374,1;
34,34;33,33;1373,1;
35,35;34,34;500,1;
36,36;35,35;856,1;
37,37;36,36;2646,1;
38,38;37,37;679,1;
39,39;38,38;1979,1;
40,40;39,39;1811,1;
41,41;40,40;2089,1;
42,42;41,41;191,1;
43,43;42,42;2532,1;
44,44;43,43;333,1;
45,45;44,44;1632,1;
46,46;45,45;2128,1;
47,47;46,46;1452,1;
48,48;47,47;230,1;
49,49;48,48;1618,1;
50,50;49,49;281,1;
51,51;50,50;2482,1;
52,52;51,51;1364,1;
53,53;52,52;3118,1;
54,54;53,53;1698,1;
55,55;54,54;175,1;
56,56;55,55;380,1;
57,57;56,56;3105,1;
58,58;57,57;2024,1;
59,59;58,58;402,1;
60,60;59,59;1986,1;
61,61;60,60;2938,1;
62,62;61,61;2978,1;
63,63;62,62;1813,1;
64,64;63,63;1583,1;
65,65;64,64;2462,1;
66,66;65,65;317,1;
67,67;66,66;1018,1;
68,68;67,67;2055,1;
69,69;68,68;2020,1;
70,70;69,69;2299,1;
71,71;70,70;2790,1;
72,72;71,71;479,1;
73,73;72,72;2360,1;
74,74;73,73;914,1;
75,75;74,74;520,1;
76,76;75,75;752,1;
77,77;76,76;2028,1;
78,78;77,77;1445,1;
79,79;78,78;584,1;
80,80;79,79;826,1;
81,81;80,80;2366,1;
82,82;81,81;278,1;
83,83;82,82;3098,1;
84,84;83,83;3067,1;
85,85;84,84;3159,1;
86,86;85,85;2806,1;
87,87;86,86;1781,1;
88,88;87,87;841,1;
89,89;88,88;1077,1;
90,90;89,89;32,1;
91,91;90,90;711,1;
92,92;91,91;1387,1;
93,93;92,92;2781,1;
94,94;93,93;3180,1;
95,95;94,94;1455,1;
96,96;95,95;1603,1;
97,97;96,96;1003,1;
98,98;97,97;239,1;
99,99;98,98;52,1;
100,100;99,99;1626,1;
101,101;100,100;1644,1;
102,102;101,101;2848,1;
103,103;102,102;973,1;
104,104;103,103;202,1;
105,105;104,104;862,1;
106,106;105,105;2379,1;
107,107;106,106;222,1;
108,108;107,107;1531,1;
109,109;108,108;2516,1;
110,110;109,109;854,1;
111,111;110,110;3055,1;
112,112;111,111;429,1;
113,113;112,112;130,1;
114,114;113,113;2433,1;
115,115;114,114;2630,1;
116,116;115,115;1739,1;
117,117;116,116;1816,1;
118,118;117,117;464,1;
119,119;118,118;150,1;
120,120;119,119;449,1;
121,121;120,120;1340,1;
122,122;121,121;2607,1;
123,123;122,122;2348,1;
124,124;123,123;336,1;
125,125;124,124;1334,1;
126,126;125,125;790,1;
127,127;126,126;173,1;
128,128;127,127;518,1;
129,129;128,128;2486,1;
130,130;129,129;1246,1;
131,131;130,130;2037,1;
132,132;131,131;570,1;
133,133;132,132;2139,1;
134,134;133,133;2508,1;
135,135;134,134;2472,1;
136,136;135,135;2005,1;
137,137;136,136;737,1;
138,138;137,137;95,1;
139,139;138,138;1423,1;
140,140;139,139;392,1;
141,141;140,140;2155,1;
142,142;141,141;2124,1;
143,143;142,142;1370,1;
144,144;143,143;2820,1;
145,145;144,144;115,1;
146,146;145,145;1431,1;
147,147;146,146;550,1;
148,148;147,147;807,1;
149,149;148,148;1061,1;
150,150;149,149;534,1;
151,151;150,150;613,1;
152,152;151,151;830,1;
153,153;152,152;1351,1;
154,154;153,153;1887,1;
155,155;154,154;2658,1;
156,156;155,155;2105,1;
157,157;156,156;3140,1;
158,158;157,157;242,1;
159,159;158,158;632,1;
160,160;159,159;1072,1;
161,161;160,160;1786,1;
162,162;161,161;348,1;
163,163;162,162;1479,1;
164,164;163,163;2384,1;
165,165;164,164;1165,1;
166,166;165,165;1599,1;
167,167;166,166;1894,1;
168,168;167,167;2914,1;
169,169;168,168;808,1;
170,170;169,169;1065,1;
171,171;170,170;2878,1;
172,172;171,171;137,1;
173,173;172,172;2566,1;
174,174;173,173;2276,1;
175,175;174,174;1972,1;
176,176;175,175;1744,1;
177,177;176,176;3163,1;
178,178;177,177;2261,1;
179,179;178,178;1596,1;
180,180;179,179;2279,1;
181,181;180,180;2280,1;
182,182;181,181;2414,1;
183,183;182,182;1743,1;
184,184;183,183;2199,1;
185,185;184,184;1032,1;
186,186;185,185;1700,1;
187,187;186,186;1682,1;
188,188;187,187;1465,1;
189,189;188,188;1215,1;
190,190;189,189;1161,1;
191,191;190,190;2657,1;
192,192;191,191;1883,1;
193,193;192,192;1977,1;
194,194;193,193;932,1;
195,195;194,194;2292,1;
196,196;195,195;2695,1;
197,197;196,196;2827,1;
198,198;197,197;2817,1;
199,199;198,198;1275,1;
200,200;199,199;1650,1;
201,201;200,200;3072,1;
202,202;201,201;2758,1;
203,203;202,202;2297,1;
204,204;203,203;2331,1;
205,205;204,204;2540,1;
206,206;205,205;1162,1;
207,207;206,206;2983,1;
208,208;207,207;3174,1;
209,209;208,208;149,1;
210,210;209,209;1060,1;
211,211;210,210;2882,1;
212,212;211,211;1184,1;
213,213;212,212;2620,1;
214,214;213,213;3162,1;
215,215;214,214;1984,1;
216,216;215,215;2298,1;
217,217;216,216;2757,1;
218,218;217,217;1823,1;
219,219;218,218;2320,1;
220,220;219,219;2846,1;
221,221;220,220;1337,1;
222,222;221,221;1646,1;
223,223;222,222;2015,1;
224,224;223,223;134,1;
225,225;224,224;2918,1;
226,226;225,225;776,1;
227,227;226,226;283,1;
228,228;227,227;1720,1;
229,229;228,228;2141,1;
230,230;229,229;2029,1;
231,231;230,230;271,1;
232,232;231,231;194,1;
233,233;232,232;2965,1;
234,234;233,233;1886,1;
235,235;234,234;1905,1;
236,236;235,235;1869,1;
237,237;236,236;1508,1;
238,238;237,237;2010,1;
239,239;238,238;89,1;
240,240;239,239;2337,1;
241,241;240,240;1645,1;
242,242;241,241;902,1;
243,243;242,242;1510,1;
244,244;243,243;88,1;
245,245;244,244;1438,1;
246,246;245,245;2544,1;
247,247;246,246;488,1;
248,248;247,247;1335,1;
249,249;248,248;2361,1;
250,250;249,249;2962,1;
251,251;250,250;3133,1;
252,252;251,251;2212,1;
253,253;252,252;1568,1;
254,254;253,253;493,1;
255,255;254,254;291,1;
256,256;255,255;2546,1;
257,257;256,256;1204,1;
258,258;257,257;1643,1;
259,259;258,258;1026,1;
260,260;259,259;42,1;
261,261;260,260;1860,1;
262,262;261,261;176,1;
263,263;262,262;2696,1;
264,264;263,263;314,1;
265,265;264,264;2236,1;
266,266;265,265;223,1;
267,267;266,266;234,1;
268,268;267,267;1175,1;
269,269;268,268;2313,1;
270,270;269,269;633,1;
271,271;270,270;2224,1;
272,272;271,271;2892,1;
273,273;272,272;3178,1;
274,274;273,273;879,1;
275,275;274,274;146,1;
276,276;275,275;1963,1;
277,277;276,276;2989,1;
278,278;277,277;847,1;
279,279;278,278;132,1;
280,280;279,279;1690,1;
281,281;280,280;1736,1;
282,282;281,281;1206,1;
283,283;282,282;2355,1;
284,284;283,283;2804,1;
285,285;284,284;2040,1;
286,286;285,285;1715,1;
287,287;286,286;1056,1;
288,288;287,287;1791,1;
289,289;288,288;2457,1;
290,290;289,289;2374,1;
291,291;290,290;1297,1;
292,292;291,291;2493,1;
293,293;292,292;1727,1;
294,294;293,293;823,1;
295,295;294,294;721,1;
296,296;295,295;2611,1;
297,297;296,296;1926,1;
298,298;297,297;2262,1;
299,299;298,298;1281,1;
300,300;299,299;169,1;
301,301;300,300;103,1;
302,302;301,301;2125,1;
303,303;302,302;2051,1;
304,304;303,303;1456,1;
305,305;304,304;1538,1;
306,306;305,305;2082,1;
307,307;306,306;2220,1;
308,308;307,307;2511,1;
309,309;308,308;1877,1;
310,310;309,309;1121,1;
311,311;310,310;2046,1;
312,312;311,311;654,1;
313,313;312,312;1548,1;
314,314;313,313;280,1;
315,315;314,314;952,1;
316,316;315,315;2535,1;
317,317;316,316;2132,1;
318,318;317,317;1804,1;
319,319;318,318;3093,1;
320,320;319,319;424,1;
321,321;320,320;791,1;
322,322;321,321;2505,1;
323,323;322,322;338,1;
324,324;323,323;792,1;
325,325;324,324;480,1;
326,326;325,325;2805,1;
327,327;326,326;1096,1;
328,328;327,327;2047,1;
329,329;328,328;302,1;
330,330;329,329;2896,1;
331,331;330,330;296,1;
332,332;331,331;3022,1;
333,333;332,332;2756,1;
334,334;333,333;2866,1;
335,335;334,334;1825,1;
336,336;335,335;128,1;
337,337;336,336;2238,1;
338,338;337,337;2326,1;
339,339;338,338;3120,1;
340,340;339,339;2529,1;
341,341;340,340;2997,1;
342,342;341,341;1355,1;
343,343;342,342;755,1;
344,344;343,343;1509,1;
345,345;344,344;2399,1;
346,346;345,345;321,1;
347,347;346,346;675,1;
348,348;347,347;1345,1;
349,349;348,348;46,1;
350,350;349,349;2981,1;
351,351;350,350;2796,1;
352,352;351,351;985,1;
353,353;352,352;345,1;
354,354;353,353;2149,1;
355,355;354,354;2193,1;
356,356;355,355;2700,1;
357,357;356,356;1186,1;
358,358;357,357;1029,1;
359,359;358,358;3049,1;
360,360;359,359;448,1;
361,361;360,360;3012,1;
362,362;361,361;313,1;
363,363;362,362;1525,1;
364,364;363,363;513,1;
365,365;364,364;171,1;
366,366;365,365;3015,1;
367,367;366,366;3080,1;
368,368;367,367;2991,1;
369,369;368,368;2151,1;
370,370;369,369;1219,1;
371,371;370,370;1330,1;
372,372;371,371;1917,1;
373,373;372,372;2364,1;
374,374;373,373;2369,1;
375,375;374,374;2884,1;
376,376;375,375;2699,1;
377,377;376,376;727,1;
378,378;377,377;462,1;
379,379;378,378;478,1;
380,380;379,379;2004,1;
381,381;380,380;357,1;
382,382;381,381;1633,1;
383,383;382,382;100,1;
384,384;383,383;2587,1;
385,385;384,384;968,1;
386,386;385,385;2059,1;
387,387;386,386;610,1;
388,388;387,387;2426,1;
389,389;388,388;1759,1;
390,390;389,389;1518,1;
391,391;390,390;3038,1;
392,392;391,391;324,1;
393,393;392,392;1231,1;
394,394;393,393;3176,1;
395,395;394,394;891,1;
396,396;395,395;75,1;
397,397;396,396;3186,1;
398,398;397,397;339,1;
399,399;398,398;2483,1;
400,400;399,399;1608,1;
401,401;400,400;1753,1;
402,402;401,401;2209,1;
403,403;402,402;3071,1;
404,404;403,403;165,1;
405,405;404,404;1139,1;
406,406;405,405;62,1;
407,407;406,406;904,1;
408,408;407,407;1771,1;
409,409;408,408;2356,1;
410,410;409,409;2868,1;
411,411;410,410;2403,1;
412,412;411,411;1829,1;
413,413;412,412;2026,1;
414,414;413,413;465,1;
415,415;414,414;2605,1;
416,416;415,415;3136,1;
417,417;416,416;2268,1;
418,418;417,417;844,1;
419,419;418,418;1390,1;
420,420;419,419;2347,1;
421,421;420,420;2417,1;
422,422;421,421;126,1;
423,423;422,422;1586,1;
424,424;423,423;164,1;
425,425;424,424;58,1;
426,426;425,425;1414,1;
427,427;426,426;2557,1;
428,428;427,427;2814,1;
429,429;428,428;698,1;
430,430;429,429;1992,1;
431,431;430,430;546,1;
432,432;431,431;438,1;
433,433;432,432;1921,1;
434,434;433,433;544,1;
435,435;434,434;2570,1;
436,436;435,435;1226,1;
437,437;436,436;713,1;
438,438;437,437;2452,1;
439,439;438,438;553,1;
440,440;439,439;1313,1;
441,441;440,440;2984,1;
442,442;441,441;1178,1;
443,443;442,442;2269,1;
444,444;443,443;2856,1;
445,445;444,444;1925,1;
446,446;445,445;2924,1;
447,447;446,446;1590,1;
448,448;447,447;992,1;
449,449;448,448;2512,1;
450,450;449,449;839,1;
451,451;450,450;451,1;
452,452;451,451;1678,1;
453,453;452,452;1132,1;
454,454;453,453;795,1;
455,455;454,454;69,1;
456,456;455,455;326,1;
457,457;456,456;639,1;
458,458;457,457;405,1;
459,459;458,458;371,1;
460,460;459,459;1990,1;
461,461;460,460;1953,1;
462,462;461,461;2809,1;
463,463;462,462;1527,1;
464,464;463,463;2202,1;
465,465;464,464;611,1;
466,466;465,465;178,1;
467,467;466,466;2945,1;
468,468;467,467;140,1;
469,469;468,468;2673,1;
470,470;469,469;2661,1;
471,471;470,470;794,1;
472,472;471,471;1353,1;
473,473;472,472;498,1;
474,474;473,473;2090,1;
475,475;474,474;2525,1;
476,476;475,475;2323,1;
477,477;476,476;1729,1;
478,478;477,477;2559,1;
479,479;478,478;2070,1;
480,480;479,479;962,1;
481,481;480,480;1110,1;
482,482;481,481;1494,1;
483,483;482,482;3069,1;
484,484;483,483;1745,1;
485,485;484,484;587,1;
486,486;485,485;2284,1;
487,487;486,486;1331,1;
488,488;487,487;1187,1;
489,489;488,488;1842,1;
490,490;489,489;486,1;
491,491;490,490;2371,1;
492,492;491,491;2319,1;
493,493;492,492;2753,1;
494,494;493,493;1333,1;
495,495;494,494;143,1;
496,496;495,495;978,1;
497,497;496,496;109,1;
498,498;497,497;499,1;
499,499;498,498;1724,1;
500,500;499,499;1689,1;
501,501;500,500;2792,1;
502,502;501,501;2895,1;
503,503;502,502;2966,1;
504,504;503,503;531,1;
505,505;504,504;905,1;
506,506;505,505;288,1;
507,507;506,506;2067,1;
508,508;507,507;1569,1;
509,509;508,508;2412,1;
510,510;509,509;1142,1;
511,511;510,510;2247,1;
512,512;511,511;2837,1;
513,513;512,512;939,1;
514,514;513,513;523,1;
515,515;514,514;2479,1;
516,516;515,515;2922,1;
517,517;516,516;3102,1;
518,518;517,517;1453,1;
519,519;518,518;160,1;
520,520;519,519;3149,1;
521,521;520,520;2181,1;
522,522;521,521;2102,1;
523,523;522,522;2171,1;
524,524;523,523;2142,1;
525,525;524,524;1113,1;
526,526;525,525;3050,1;
527,527;526,526;1198,1;
528,528;527,527;444,1;
529,529;528,528;1375,1;
530,530;529,529;2168,1;
531,531;530,530;1617,1;
532,532;531,531;695,1;
533,533;532,532;1433,1;
534,534;533,533;1532,1;
535,535;534,534;1268,1;
536,536;535,535;2259,1;
537,537;536,536;2392,1;
538,538;537,537;674,1;
539,539;538,538;604,1;
540,540;539,539;2439,1;
541,541;540,540;1604,1;
542,542;541,541;2138,1;
543,543;542,542;1505,1;
544,544;543,543;2163,1;
545,545;544,544;2235,1;
546,546;545,545;846,1;
547,547;546,546;1542,1;
548,548;547,547;717,1;
549,549;548,548;535,1;
550,550;549,549;2649,1;
551,551;550,550;3127,1;
552,552;551,551;944,1;
553,553;552,552;10,1;
554,554;553,553;1623,1;
555,555;554,554;1305,1;
556,556;555,555;884,1;
557,557;556,556;2936,1;
558,558;557,557;472,1;
559,559;558,558;2639,1;
560,560;559,559;1310,1;
561,561;560,560;940,1;
562,562;561,561;3115,1;
563,563;562,562;2746,1;
564,564;563,563;2716,1;
565,565;564,564;548,1;
566,566;565,565;1248,1;
567,567;566,566;2455,1;
568,568;567,567;2064,1;
569,569;568,568;1189,1;
570,570;569,569;681,1;
571,571;570,570;769,1;
572,572;571,571;372,1;
573,573;572,572;782,1;
574,574;573,573;3147,1;
575,575;574,574;3056,1;
576,576;575,575;1363,1;
577,577;576,576;2158,1;
578,578;577,577;63,1;
579,579;578,578;430,1;
580,580;579,579;504,1;
581,581;580,580;882,1;
582,582;581,581;2429,1;
583,583;582,582;1410,1;
584,584;583,583;977,1;
585,585;584,584;2603,1;
586,586;585,585;897,1;
587,587;586,586;870,1;
588,588;587,587;2775,1;
589,589;588,588;285,1;
590,590;589,589;1964,1;
591,591;590,590;665,1;
592,592;591,591;601,1;
593,593;592,592;3031,1;
594,594;593,593;2754,1;
595,595;594,594;1733,1;
596,596;595,595;986,1;
597,597;596,596;2541,1;
598,598;597,597;1350,1;
599,599;598,598;1276,1;
600,600;599,599;946,1;
601,601;600,600;1318,1;
602,602;601,601;2937,1;
603,603;602,602;2246,1;
604,604;603,603;995,1;
605,605;604,604;2467,1;
606,606;605,605;2676,1;
607,607;606,606;1614,1;
608,608;607,607;428,1;
609,609;608,608;1413,1;
610,610;609,609;800,1;
611,611;610,610;2927,1;
612,612;611,611;60,1;
613,613;612,612;2514,1;
614,614;613,613;1138,1;
615,615;614,614;871,1;
616,616;615,615;2543,1;
617,617;616,616;289,1;
618,618;617,617;2283,1;
619,619;618,618;2376,1;
620,620;619,619;2832,1;
621,621;620,620;3122,1;
622,622;621,621;1832,1;
623,623;622,622;167,1;
624,624;623,623;2031,1;
625,625;624,624;2634,1;
626,626;625,625;108,1;
627,627;626,626;1415,1;
628,628;627,627;2560,1;
629,629;628,628;2841,1;
630,630;629,629;676,1;
631,631;630,630;2539,1;
632,632;631,631;1285,1;
633,633;632,632;1228,1;
634,634;633,633;622,1;
635,635;634,634;1323,1;
636,636;635,635;543,1;
637,637;636,636;1848,1;
638,638;637,637;265,1;
639,639;638,638;2854,1;
640,640;639,639;2999,1;
641,641;640,640;680,1;
642,642;641,641;273,1;
643,643;642,642;1502,1;
644,644;643,643;1763,1;
645,645;644,644;2703,1;
646,646;645,645;2218,1;
647,647;646,646;1304,1;
648,648;647,647;653,1;
649,649;648,648;1636,1;
650,650;649,649;1584,1;
651,651;650,650;2436,1;
652,652;651,651;1169,1;
653,653;652,652;2865,1;
654,654;653,653;2881,1;
655,655;654,654;1194,1;
656,656;655,655;840,1;
657,657;656,656;1932,1;
658,658;657,657;3020,1;
659,659;658,658;2538,1;
660,660;659,659;2864,1;
661,661;660,660;1895,1;
662,662;661,661;2368,1;
663,663;662,662;3172,1;
664,664;663,663;1250,1;
665,665;664,664;354,1;
666,666;665,665;2876,1;
667,667;666,666;2002,1;
668,668;667,667;426,1;
669,669;668,668;27,1;
670,670;669,669;1956,1;
671,671;670,670;3017,1;
672,672;671,671;1063,1;
673,673;672,672;370,1;
674,674;673,673;1969,1;
675,675;674,674;337,1;
676,676;675,675;216,1;
677,677;676,676;267,1;
678,678;677,677;2135,1;
679,679;678,678;620,1;
680,680;679,679;1033,1;
681,681;680,680;12,1;
682,682;681,681;1491,1;
683,683;682,682;929,1;
8,2;3008,1;624,1;
9,3;8,2;1457,1;
14,4;9,3;502,1;
15,5;14,4;1828,1;
16,6;15,5;1988,1;
17,7;16,6;141,1;
24,8;17,7;1492,1;
25,9;24,8;1541,1;
26,10;25,9;2821,1;
10,2;2459,1;1836,1;
12,2;1015,1;312,1;
13,3;12,2;400,1;
30,11;26,10;397,1;
31,14;30,11;13,3;
32,16;31,14;10,2;
686,699;32,16;683,683;
688,713;14,14;686,699;
440,2487;435,2483;4,4;
443,3200;688,713;440,2487;
