Compiling the CXX compiler identification source file "CMakeCXXCompilerId.cpp" failed.
Compiler: /usr/bin/c++ 
Build flags: -std=c++15
Id flags:  

The output was:
1
c++: error: unrecognized command line option ‘-std=c++15’; did you mean ‘-std=c++11’?


Compiling the CXX compiler identification source file "CMakeCXXCompilerId.cpp" failed.
Compiler: /usr/bin/c++ 
Build flags: -std=c++15
Id flags: -c 

The output was:
1
c++: error: unrecognized command line option ‘-std=c++15’; did you mean ‘-std=c++11’?


Compiling the CXX compiler identification source file "CMakeCXXCompilerId.cpp" failed.
Compiler: /usr/bin/c++ 
Build flags: -std=c++15
Id flags: --c++ 

The output was:
1
c++: error: unrecognized command line option ‘-std=c++15’; did you mean ‘-std=c++11’?
c++: error: unrecognized command line option ‘--c++’


Compiling the CXX compiler identification source file "CMakeCXXCompilerId.cpp" failed.
Compiler: /usr/bin/c++ 
Build flags: -std=c++15
Id flags: --ec++ 

The output was:
1
c++: error: unrecognized command line option ‘-std=c++15’; did you mean ‘-std=c++11’?
c++: error: unrecognized command line option ‘--ec++’; did you mean ‘-Weffc++’?


